# JRE version: OpenJDK Runtime Environment (8.0_202-b03) (build 1.8.0_202-release-1483-b03)
# Java VM: OpenJDK 64-Bit Server VM (25.202-b03 mixed mode windows-amd64 compressed oops)
Heap:
 PSYoungGen      total 75776K, used 61122K [0x000000076b580000, 0x0000000770a00000, 0x00000007c0000000)
  eden space 65024K, 94% used [0x000000076b580000,0x000000076f130bc8,0x000000076f500000)
  from space 10752K, 0% used [0x000000076ff80000,0x000000076ff80000,0x0000000770a00000)
  to   space 10752K, 0% used [0x000000076f500000,0x000000076f500000,0x000000076ff80000)
 ParOldGen       total 116736K, used 8976K [0x00000006c2000000, 0x00000006c9200000, 0x000000076b580000)
  object space 116736K, 7% used [0x00000006c2000000,0x00000006c28c4148,0x00000006c9200000)
 Metaspace       used 28448K, capacity 29028K, committed 29312K, reserved 1075200K
  class space    used 3471K, capacity 3609K, committed 3712K, reserved 1048576K
GC Heap History (6 events):
Event: 0.811 GC heap before
{Heap before GC invocations=1 (full 0):
 PSYoungGen      total 75776K, used 65024K [0x000000076b580000, 0x0000000770a00000, 0x00000007c0000000)
  eden space 65024K, 100% used [0x000000076b580000,0x000000076f500000,0x000000076f500000)
  from space 10752K, 0% used [0x000000076ff80000,0x000000076ff80000,0x0000000770a00000)
  to   space 10752K, 0% used [0x000000076f500000,0x000000076f500000,0x000000076ff80000)
 ParOldGen       total 173568K, used 0K [0x00000006c2000000, 0x00000006cc980000, 0x000000076b580000)
  object space 173568K, 0% used [0x00000006c2000000,0x00000006c2000000,0x00000006cc980000)
 Metaspace       used 15713K, capacity 16042K, committed 16384K, reserved 1062912K
  class space    used 1842K, capacity 1925K, committed 2048K, reserved 1048576K
Event: 0.820 GC heap after
Heap after GC invocations=1 (full 0):
 PSYoungGen      total 75776K, used 10750K [0x000000076b580000, 0x0000000770a00000, 0x00000007c0000000)
  eden space 65024K, 0% used [0x000000076b580000,0x000000076b580000,0x000000076f500000)
  from space 10752K, 99% used [0x000000076f500000,0x000000076ff7f9b0,0x000000076ff80000)
  to   space 10752K, 0% used [0x000000076ff80000,0x000000076ff80000,0x0000000770a00000)
 ParOldGen       total 173568K, used 4668K [0x00000006c2000000, 0x00000006cc980000, 0x000000076b580000)
  object space 173568K, 2% used [0x00000006c2000000,0x00000006c248f3e8,0x00000006cc980000)
 Metaspace       used 15713K, capacity 16042K, committed 16384K, reserved 1062912K
  class space    used 1842K, capacity 1925K, committed 2048K, reserved 1048576K
}
Event: 1.013 GC heap before
{Heap before GC invocations=2 (full 0):
 PSYoungGen      total 75776K, used 29411K [0x000000076b580000, 0x0000000770a00000, 0x00000007c0000000)
  eden space 65024K, 28% used [0x000000076b580000,0x000000076c7b94b8,0x000000076f500000)
  from space 10752K, 99% used [0x000000076f500000,0x000000076ff7f9b0,0x000000076ff80000)
  to   space 10752K, 0% used [0x000000076ff80000,0x000000076ff80000,0x0000000770a00000)
 ParOldGen       total 173568K, used 4668K [0x00000006c2000000, 0x00000006cc980000, 0x000000076b580000)
  object space 173568K, 2% used [0x00000006c2000000,0x00000006c248f3e8,0x00000006cc980000)
 Metaspace       used 20701K, capacity 21108K, committed 21296K, reserved 1069056K
  class space    used 2451K, capacity 2593K, committed 2688K, reserved 1048576K
Event: 1.019 GC heap after
Heap after GC invocations=2 (full 0):
 PSYoungGen      total 75776K, used 9242K [0x000000076b580000, 0x0000000770a00000, 0x00000007c0000000)
  eden space 65024K, 0% used [0x000000076b580000,0x000000076b580000,0x000000076f500000)
  from space 10752K, 85% used [0x000000076ff80000,0x0000000770886b38,0x0000000770a00000)
  to   space 10752K, 0% used [0x000000076f500000,0x000000076f500000,0x000000076ff80000)
 ParOldGen       total 173568K, used 4740K [0x00000006c2000000, 0x00000006cc980000, 0x000000076b580000)
  object space 173568K, 2% used [0x00000006c2000000,0x00000006c24a13f8,0x00000006cc980000)
 Metaspace       used 20701K, capacity 21108K, committed 21296K, reserved 1069056K
  class space    used 2451K, capacity 2593K, committed 2688K, reserved 1048576K
}
Event: 1.019 GC heap before
{Heap before GC invocations=3 (full 1):
 PSYoungGen      total 75776K, used 9242K [0x000000076b580000, 0x0000000770a00000, 0x00000007c0000000)
  eden space 65024K, 0% used [0x000000076b580000,0x000000076b580000,0x000000076f500000)
  from space 10752K, 85% used [0x000000076ff80000,0x0000000770886b38,0x0000000770a00000)
  to   space 10752K, 0% used [0x000000076f500000,0x000000076f500000,0x000000076ff80000)
 ParOldGen       total 173568K, used 4740K [0x00000006c2000000, 0x00000006cc980000, 0x000000076b580000)
  object space 173568K, 2% used [0x00000006c2000000,0x00000006c24a13f8,0x00000006cc980000)
 Metaspace       used 20701K, capacity 21108K, committed 21296K, reserved 1069056K
  class space    used 2451K, capacity 2593K, committed 2688K, reserved 1048576K
Event: 1.043 GC heap after
Heap after GC invocations=3 (full 1):
 PSYoungGen      total 75776K, used 0K [0x000000076b580000, 0x0000000770a00000, 0x00000007c0000000)
  eden space 65024K, 0% used [0x000000076b580000,0x000000076b580000,0x000000076f500000)
  from space 10752K, 0% used [0x000000076ff80000,0x000000076ff80000,0x0000000770a00000)
  to   space 10752K, 0% used [0x000000076f500000,0x000000076f500000,0x000000076ff80000)
 ParOldGen       total 116736K, used 8976K [0x00000006c2000000, 0x00000006c9200000, 0x000000076b580000)
  object space 116736K, 7% used [0x00000006c2000000,0x00000006c28c4148,0x00000006c9200000)
 Metaspace       used 20701K, capacity 21108K, committed 21296K, reserved 1069056K
  class space    used 2451K, capacity 2593K, committed 2688K, reserved 1048576K
}

