# JRE version: OpenJDK Runtime Environment (8.0_202-b03) (build 1.8.0_202-release-1483-b03)
# Java VM: OpenJDK 64-Bit Server VM (25.202-b03 mixed mode windows-amd64 compressed oops)
Heap:
 PSYoungGen      total 346112K, used 246994K [0x00000000e0000000, 0x00000000fd800000, 0x0000000100000000)
  eden space 317952K, 68% used [0x00000000e0000000,0x00000000ed5b8ec8,0x00000000f3680000)
  from space 28160K, 99% used [0x00000000f3680000,0x00000000f51fba60,0x00000000f5200000)
  to   space 43008K, 0% used [0x00000000fae00000,0x00000000fae00000,0x00000000fd800000)
 ParOldGen       total 190464K, used 93543K [0x00000000a0000000, 0x00000000aba00000, 0x00000000e0000000)
  object space 190464K, 49% used [0x00000000a0000000,0x00000000a5b59c18,0x00000000aba00000)
 Metaspace       used 74560K, capacity 77520K, committed 77608K, reserved 1116160K
  class space    used 9813K, capacity 10469K, committed 10536K, reserved 1048576K
GC Heap History (10 events):
Event: 5.945 GC heap before
{Heap before GC invocations=12 (full 2):
 PSYoungGen      total 197120K, used 46325K [0x00000000e0000000, 0x00000000f1d80000, 0x0000000100000000)
  eden space 181248K, 16% used [0x00000000e0000000,0x00000000e1dc03d0,0x00000000eb100000)
  from space 15872K, 99% used [0x00000000eb100000,0x00000000ec07d320,0x00000000ec080000)
  to   space 20992K, 0% used [0x00000000f0900000,0x00000000f0900000,0x00000000f1d80000)
 ParOldGen       total 138240K, used 28486K [0x00000000a0000000, 0x00000000a8700000, 0x00000000e0000000)
  object space 138240K, 20% used [0x00000000a0000000,0x00000000a1bd1be0,0x00000000a8700000)
 Metaspace       used 57126K, capacity 59018K, committed 59160K, reserved 1099776K
  class space    used 7663K, capacity 8149K, committed 8232K, reserved 1048576K
Event: 5.956 GC heap after
Heap after GC invocations=12 (full 2):
 PSYoungGen      total 268800K, used 20418K [0x00000000e0000000, 0x00000000f2b80000, 0x0000000100000000)
  eden space 247808K, 0% used [0x00000000e0000000,0x00000000e0000000,0x00000000ef200000)
  from space 20992K, 97% used [0x00000000f0900000,0x00000000f1cf0a48,0x00000000f1d80000)
  to   space 23552K, 0% used [0x00000000ef200000,0x00000000ef200000,0x00000000f0900000)
 ParOldGen       total 138240K, used 28494K [0x00000000a0000000, 0x00000000a8700000, 0x00000000e0000000)
  object space 138240K, 20% used [0x00000000a0000000,0x00000000a1bd3be0,0x00000000a8700000)
 Metaspace       used 57126K, capacity 59018K, committed 59160K, reserved 1099776K
  class space    used 7663K, capacity 8149K, committed 8232K, reserved 1048576K
}
Event: 5.956 GC heap before
{Heap before GC invocations=13 (full 3):
 PSYoungGen      total 268800K, used 20418K [0x00000000e0000000, 0x00000000f2b80000, 0x0000000100000000)
  eden space 247808K, 0% used [0x00000000e0000000,0x00000000e0000000,0x00000000ef200000)
  from space 20992K, 97% used [0x00000000f0900000,0x00000000f1cf0a48,0x00000000f1d80000)
  to   space 23552K, 0% used [0x00000000ef200000,0x00000000ef200000,0x00000000f0900000)
 ParOldGen       total 138240K, used 28494K [0x00000000a0000000, 0x00000000a8700000, 0x00000000e0000000)
  object space 138240K, 20% used [0x00000000a0000000,0x00000000a1bd3be0,0x00000000a8700000)
 Metaspace       used 57126K, capacity 59018K, committed 59160K, reserved 1099776K
  class space    used 7663K, capacity 8149K, committed 8232K, reserved 1048576K
Event: 6.152 GC heap after
Heap after GC invocations=13 (full 3):
 PSYoungGen      total 268800K, used 0K [0x00000000e0000000, 0x00000000f2b80000, 0x0000000100000000)
  eden space 247808K, 0% used [0x00000000e0000000,0x00000000e0000000,0x00000000ef200000)
  from space 20992K, 0% used [0x00000000f0900000,0x00000000f0900000,0x00000000f1d80000)
  to   space 23552K, 0% used [0x00000000ef200000,0x00000000ef200000,0x00000000f0900000)
 ParOldGen       total 190464K, used 38917K [0x00000000a0000000, 0x00000000aba00000, 0x00000000e0000000)
  object space 190464K, 20% used [0x00000000a0000000,0x00000000a26017d8,0x00000000aba00000)
 Metaspace       used 57126K, capacity 59018K, committed 59160K, reserved 1099776K
  class space    used 7663K, capacity 8149K, committed 8232K, reserved 1048576K
}
Event: 8.138 GC heap before
{Heap before GC invocations=14 (full 3):
 PSYoungGen      total 268800K, used 247808K [0x00000000e0000000, 0x00000000f2b80000, 0x0000000100000000)
  eden space 247808K, 100% used [0x00000000e0000000,0x00000000ef200000,0x00000000ef200000)
  from space 20992K, 0% used [0x00000000f0900000,0x00000000f0900000,0x00000000f1d80000)
  to   space 23552K, 0% used [0x00000000ef200000,0x00000000ef200000,0x00000000f0900000)
 ParOldGen       total 190464K, used 38917K [0x00000000a0000000, 0x00000000aba00000, 0x00000000e0000000)
  object space 190464K, 20% used [0x00000000a0000000,0x00000000a26017d8,0x00000000aba00000)
 Metaspace       used 64279K, capacity 67144K, committed 67368K, reserved 1107968K
  class space    used 8610K, capacity 9229K, committed 9256K, reserved 1048576K
Event: 8.152 GC heap after
Heap after GC invocations=14 (full 3):
 PSYoungGen      total 271360K, used 23521K [0x00000000e0000000, 0x00000000f7480000, 0x0000000100000000)
  eden space 247808K, 0% used [0x00000000e0000000,0x00000000e0000000,0x00000000ef200000)
  from space 23552K, 99% used [0x00000000ef200000,0x00000000f08f84f0,0x00000000f0900000)
  to   space 27648K, 0% used [0x00000000f5980000,0x00000000f5980000,0x00000000f7480000)
 ParOldGen       total 190464K, used 43027K [0x00000000a0000000, 0x00000000aba00000, 0x00000000e0000000)
  object space 190464K, 22% used [0x00000000a0000000,0x00000000a2a04df0,0x00000000aba00000)
 Metaspace       used 64279K, capacity 67144K, committed 67368K, reserved 1107968K
  class space    used 8610K, capacity 9229K, committed 9256K, reserved 1048576K
}
Event: 10.299 GC heap before
{Heap before GC invocations=15 (full 3):
 PSYoungGen      total 271360K, used 271329K [0x00000000e0000000, 0x00000000f7480000, 0x0000000100000000)
  eden space 247808K, 100% used [0x00000000e0000000,0x00000000ef200000,0x00000000ef200000)
  from space 23552K, 99% used [0x00000000ef200000,0x00000000f08f84f0,0x00000000f0900000)
  to   space 27648K, 0% used [0x00000000f5980000,0x00000000f5980000,0x00000000f7480000)
 ParOldGen       total 190464K, used 43027K [0x00000000a0000000, 0x00000000aba00000, 0x00000000e0000000)
  object space 190464K, 22% used [0x00000000a0000000,0x00000000a2a04df0,0x00000000aba00000)
 Metaspace       used 65284K, capacity 68172K, committed 68264K, reserved 1107968K
  class space    used 8739K, capacity 9379K, committed 9384K, reserved 1048576K
Event: 10.320 GC heap after
Heap after GC invocations=15 (full 3):
 PSYoungGen      total 338432K, used 19361K [0x00000000e0000000, 0x00000000f6d80000, 0x0000000100000000)
  eden space 317952K, 0% used [0x00000000e0000000,0x00000000e0000000,0x00000000f3680000)
  from space 20480K, 94% used [0x00000000f5980000,0x00000000f6c687f8,0x00000000f6d80000)
  to   space 28160K, 0% used [0x00000000f3680000,0x00000000f3680000,0x00000000f5200000)
 ParOldGen       total 190464K, used 63760K [0x00000000a0000000, 0x00000000aba00000, 0x00000000e0000000)
  object space 190464K, 33% used [0x00000000a0000000,0x00000000a3e44130,0x00000000aba00000)
 Metaspace       used 65284K, capacity 68172K, committed 68264K, reserved 1107968K
  class space    used 8739K, capacity 9379K, committed 9384K, reserved 1048576K
}
Event: 13.878 GC heap before
{Heap before GC invocations=16 (full 3):
 PSYoungGen      total 338432K, used 337313K [0x00000000e0000000, 0x00000000f6d80000, 0x0000000100000000)
  eden space 317952K, 100% used [0x00000000e0000000,0x00000000f3680000,0x00000000f3680000)
  from space 20480K, 94% used [0x00000000f5980000,0x00000000f6c687f8,0x00000000f6d80000)
  to   space 28160K, 0% used [0x00000000f3680000,0x00000000f3680000,0x00000000f5200000)
 ParOldGen       total 190464K, used 63760K [0x00000000a0000000, 0x00000000aba00000, 0x00000000e0000000)
  object space 190464K, 33% used [0x00000000a0000000,0x00000000a3e44130,0x00000000aba00000)
 Metaspace       used 72098K, capacity 75056K, committed 75176K, reserved 1114112K
  class space    used 9652K, capacity 10309K, committed 10408K, reserved 1048576K
Event: 13.906 GC heap after
Heap after GC invocations=16 (full 3):
 PSYoungGen      total 346112K, used 28142K [0x00000000e0000000, 0x00000000fd800000, 0x0000000100000000)
  eden space 317952K, 0% used [0x00000000e0000000,0x00000000e0000000,0x00000000f3680000)
  from space 28160K, 99% used [0x00000000f3680000,0x00000000f51fba60,0x00000000f5200000)
  to   space 43008K, 0% used [0x00000000fae00000,0x00000000fae00000,0x00000000fd800000)
 ParOldGen       total 190464K, used 93543K [0x00000000a0000000, 0x00000000aba00000, 0x00000000e0000000)
  object space 190464K, 49% used [0x00000000a0000000,0x00000000a5b59c18,0x00000000aba00000)
 Metaspace       used 72098K, capacity 75056K, committed 75176K, reserved 1114112K
  class space    used 9652K, capacity 10309K, committed 10408K, reserved 1048576K
}

