# JRE version: OpenJDK Runtime Environment (8.0_202-b03) (build 1.8.0_202-release-1483-b03)
# Java VM: OpenJDK 64-Bit Server VM (25.202-b03 mixed mode windows-amd64 compressed oops)
Heap:
 PSYoungGen      total 203776K, used 100013K [0x00000000e0000000, 0x00000000f2600000, 0x0000000100000000)
  eden space 154112K, 37% used [0x00000000e0000000,0x00000000e38ff5e8,0x00000000e9680000)
  from space 49664K, 83% used [0x00000000e9680000,0x00000000ebf2c160,0x00000000ec700000)
  to   space 54784K, 0% used [0x00000000ef080000,0x00000000ef080000,0x00000000f2600000)
 ParOldGen       total 294912K, used 83117K [0x00000000a0000000, 0x00000000b2000000, 0x00000000e0000000)
  object space 294912K, 28% used [0x00000000a0000000,0x00000000a512b6d0,0x00000000b2000000)
 Metaspace       used 73745K, capacity 76604K, committed 76952K, reserved 1116160K
  class space    used 9661K, capacity 10296K, committed 10408K, reserved 1048576K
GC Heap History (10 events):
Event: 9.485 GC heap before
{Heap before GC invocations=14 (full 3):
 PSYoungGen      total 150016K, used 149888K [0x00000000e0000000, 0x00000000eb300000, 0x0000000100000000)
  eden space 138752K, 100% used [0x00000000e0000000,0x00000000e8780000,0x00000000e8780000)
  from space 11264K, 98% used [0x00000000ea800000,0x00000000eb2e0000,0x00000000eb300000)
  to   space 21504K, 0% used [0x00000000e8900000,0x00000000e8900000,0x00000000e9e00000)
 ParOldGen       total 294912K, used 41690K [0x00000000a0000000, 0x00000000b2000000, 0x00000000e0000000)
  object space 294912K, 14% used [0x00000000a0000000,0x00000000a28b68f8,0x00000000b2000000)
 Metaspace       used 66365K, capacity 68886K, committed 69144K, reserved 1110016K
  class space    used 8851K, capacity 9441K, committed 9512K, reserved 1048576K
Event: 9.496 GC heap after
Heap after GC invocations=14 (full 3):
 PSYoungGen      total 161792K, used 21502K [0x00000000e0000000, 0x00000000ec680000, 0x0000000100000000)
  eden space 140288K, 0% used [0x00000000e0000000,0x00000000e0000000,0x00000000e8900000)
  from space 21504K, 99% used [0x00000000e8900000,0x00000000e9dffa18,0x00000000e9e00000)
  to   space 24064K, 0% used [0x00000000eaf00000,0x00000000eaf00000,0x00000000ec680000)
 ParOldGen       total 294912K, used 41698K [0x00000000a0000000, 0x00000000b2000000, 0x00000000e0000000)
  object space 294912K, 14% used [0x00000000a0000000,0x00000000a28b88f8,0x00000000b2000000)
 Metaspace       used 66365K, capacity 68886K, committed 69144K, reserved 1110016K
  class space    used 8851K, capacity 9441K, committed 9512K, reserved 1048576K
}
Event: 13.303 GC heap before
{Heap before GC invocations=15 (full 3):
 PSYoungGen      total 161792K, used 161773K [0x00000000e0000000, 0x00000000ec680000, 0x0000000100000000)
  eden space 140288K, 99% used [0x00000000e0000000,0x00000000e88fbc40,0x00000000e8900000)
  from space 21504K, 99% used [0x00000000e8900000,0x00000000e9dffa18,0x00000000e9e00000)
  to   space 24064K, 0% used [0x00000000eaf00000,0x00000000eaf00000,0x00000000ec680000)
 ParOldGen       total 294912K, used 41698K [0x00000000a0000000, 0x00000000b2000000, 0x00000000e0000000)
  object space 294912K, 14% used [0x00000000a0000000,0x00000000a28b88f8,0x00000000b2000000)
 Metaspace       used 68742K, capacity 71416K, committed 71704K, reserved 1112064K
  class space    used 9140K, capacity 9756K, committed 9768K, reserved 1048576K
Event: 13.318 GC heap after
Heap after GC invocations=15 (full 3):
 PSYoungGen      total 173568K, used 24033K [0x00000000e0000000, 0x00000000ed100000, 0x0000000100000000)
  eden space 149504K, 0% used [0x00000000e0000000,0x00000000e0000000,0x00000000e9200000)
  from space 24064K, 99% used [0x00000000eaf00000,0x00000000ec678460,0x00000000ec680000)
  to   space 29696K, 0% used [0x00000000e9200000,0x00000000e9200000,0x00000000eaf00000)
 ParOldGen       total 294912K, used 48507K [0x00000000a0000000, 0x00000000b2000000, 0x00000000e0000000)
  object space 294912K, 16% used [0x00000000a0000000,0x00000000a2f5ed70,0x00000000b2000000)
 Metaspace       used 68742K, capacity 71416K, committed 71704K, reserved 1112064K
  class space    used 9140K, capacity 9756K, committed 9768K, reserved 1048576K
}
Event: 16.761 GC heap before
{Heap before GC invocations=16 (full 3):
 PSYoungGen      total 173568K, used 173537K [0x00000000e0000000, 0x00000000ed100000, 0x0000000100000000)
  eden space 149504K, 100% used [0x00000000e0000000,0x00000000e9200000,0x00000000e9200000)
  from space 24064K, 99% used [0x00000000eaf00000,0x00000000ec678460,0x00000000ec680000)
  to   space 29696K, 0% used [0x00000000e9200000,0x00000000e9200000,0x00000000eaf00000)
 ParOldGen       total 294912K, used 48507K [0x00000000a0000000, 0x00000000b2000000, 0x00000000e0000000)
  object space 294912K, 16% used [0x00000000a0000000,0x00000000a2f5ed70,0x00000000b2000000)
 Metaspace       used 70497K, capacity 73332K, committed 73496K, reserved 1112064K
  class space    used 9358K, capacity 9996K, committed 10024K, reserved 1048576K
Event: 16.781 GC heap after
Heap after GC invocations=16 (full 3):
 PSYoungGen      total 179200K, used 29691K [0x00000000e0000000, 0x00000000eee00000, 0x0000000100000000)
  eden space 149504K, 0% used [0x00000000e0000000,0x00000000e0000000,0x00000000e9200000)
  from space 29696K, 99% used [0x00000000e9200000,0x00000000eaefec30,0x00000000eaf00000)
  to   space 39936K, 0% used [0x00000000ec700000,0x00000000ec700000,0x00000000eee00000)
 ParOldGen       total 294912K, used 66006K [0x00000000a0000000, 0x00000000b2000000, 0x00000000e0000000)
  object space 294912K, 22% used [0x00000000a0000000,0x00000000a4075a08,0x00000000b2000000)
 Metaspace       used 70497K, capacity 73332K, committed 73496K, reserved 1112064K
  class space    used 9358K, capacity 9996K, committed 10024K, reserved 1048576K
}
Event: 18.215 GC heap before
{Heap before GC invocations=17 (full 3):
 PSYoungGen      total 179200K, used 179195K [0x00000000e0000000, 0x00000000eee00000, 0x0000000100000000)
  eden space 149504K, 100% used [0x00000000e0000000,0x00000000e9200000,0x00000000e9200000)
  from space 29696K, 99% used [0x00000000e9200000,0x00000000eaefec30,0x00000000eaf00000)
  to   space 39936K, 0% used [0x00000000ec700000,0x00000000ec700000,0x00000000eee00000)
 ParOldGen       total 294912K, used 66006K [0x00000000a0000000, 0x00000000b2000000, 0x00000000e0000000)
  object space 294912K, 22% used [0x00000000a0000000,0x00000000a4075a08,0x00000000b2000000)
 Metaspace       used 72051K, capacity 74956K, committed 75160K, reserved 1114112K
  class space    used 9495K, capacity 10122K, committed 10152K, reserved 1048576K
Event: 18.248 GC heap after
Heap after GC invocations=17 (full 3):
 PSYoungGen      total 194048K, used 39908K [0x00000000e0000000, 0x00000000f0600000, 0x0000000100000000)
  eden space 154112K, 0% used [0x00000000e0000000,0x00000000e0000000,0x00000000e9680000)
  from space 39936K, 99% used [0x00000000ec700000,0x00000000eedf9380,0x00000000eee00000)
  to   space 49664K, 0% used [0x00000000e9680000,0x00000000e9680000,0x00000000ec700000)
 ParOldGen       total 294912K, used 76917K [0x00000000a0000000, 0x00000000b2000000, 0x00000000e0000000)
  object space 294912K, 26% used [0x00000000a0000000,0x00000000a4b1d650,0x00000000b2000000)
 Metaspace       used 72051K, capacity 74956K, committed 75160K, reserved 1114112K
  class space    used 9495K, capacity 10122K, committed 10152K, reserved 1048576K
}
Event: 18.509 GC heap before
{Heap before GC invocations=18 (full 3):
 PSYoungGen      total 194048K, used 194020K [0x00000000e0000000, 0x00000000f0600000, 0x0000000100000000)
  eden space 154112K, 100% used [0x00000000e0000000,0x00000000e9680000,0x00000000e9680000)
  from space 39936K, 99% used [0x00000000ec700000,0x00000000eedf9380,0x00000000eee00000)
  to   space 49664K, 0% used [0x00000000e9680000,0x00000000e9680000,0x00000000ec700000)
 ParOldGen       total 294912K, used 76917K [0x00000000a0000000, 0x00000000b2000000, 0x00000000e0000000)
  object space 294912K, 26% used [0x00000000a0000000,0x00000000a4b1d650,0x00000000b2000000)
 Metaspace       used 73670K, capacity 76540K, committed 76696K, reserved 1116160K
  class space    used 9661K, capacity 10296K, committed 10408K, reserved 1048576K
Event: 18.532 GC heap after
Heap after GC invocations=18 (full 3):
 PSYoungGen      total 203776K, used 41648K [0x00000000e0000000, 0x00000000f2600000, 0x0000000100000000)
  eden space 154112K, 0% used [0x00000000e0000000,0x00000000e0000000,0x00000000e9680000)
  from space 49664K, 83% used [0x00000000e9680000,0x00000000ebf2c160,0x00000000ec700000)
  to   space 54784K, 0% used [0x00000000ef080000,0x00000000ef080000,0x00000000f2600000)
 ParOldGen       total 294912K, used 83117K [0x00000000a0000000, 0x00000000b2000000, 0x00000000e0000000)
  object space 294912K, 28% used [0x00000000a0000000,0x00000000a512b6d0,0x00000000b2000000)
 Metaspace       used 73670K, capacity 76540K, committed 76696K, reserved 1116160K
  class space    used 9661K, capacity 10296K, committed 10408K, reserved 1048576K
}

