# JRE version: OpenJDK Runtime Environment (8.0_202-b03) (build 1.8.0_202-release-1483-b03)
# Java VM: OpenJDK 64-Bit Server VM (25.202-b03 mixed mode windows-amd64 compressed oops)
Heap:
 PSYoungGen      total 363520K, used 311625K [0x00000000e0000000, 0x0000000100000000, 0x0000000100000000)
  eden space 211968K, 92% used [0x00000000e0000000,0x00000000ebee3da8,0x00000000ecf00000)
  from space 151552K, 76% used [0x00000000ecf00000,0x00000000f406e698,0x00000000f6300000)
  to   space 159744K, 0% used [0x00000000f6400000,0x00000000f6400000,0x0000000100000000)
 ParOldGen       total 198144K, used 140823K [0x00000000a0000000, 0x00000000ac180000, 0x00000000e0000000)
  object space 198144K, 71% used [0x00000000a0000000,0x00000000a8985c80,0x00000000ac180000)
 Metaspace       used 121144K, capacity 130450K, committed 130520K, reserved 1163264K
  class space    used 15186K, capacity 16838K, committed 16896K, reserved 1048576K
GC Heap History (10 events):
Event: 5037.119 GC heap before
{Heap before GC invocations=50 (full 5):
 PSYoungGen      total 326144K, used 326123K [0x00000000e0000000, 0x00000000fbb80000, 0x0000000100000000)
  eden space 239104K, 100% used [0x00000000e0000000,0x00000000ee980000,0x00000000ee980000)
  from space 87040K, 99% used [0x00000000f4e00000,0x00000000fa2fac88,0x00000000fa300000)
  to   space 102912K, 0% used [0x00000000ee980000,0x00000000ee980000,0x00000000f4e00000)
 ParOldGen       total 198144K, used 91004K [0x00000000a0000000, 0x00000000ac180000, 0x00000000e0000000)
  object space 198144K, 45% used [0x00000000a0000000,0x00000000a58df020,0x00000000ac180000)
 Metaspace       used 117231K, capacity 126330K, committed 126424K, reserved 1159168K
  class space    used 14975K, capacity 16592K, committed 16640K, reserved 1048576K
Event: 5037.153 GC heap after
Heap after GC invocations=50 (full 5):
 PSYoungGen      total 342016K, used 93478K [0x00000000e0000000, 0x00000000fd100000, 0x0000000100000000)
  eden space 239104K, 0% used [0x00000000e0000000,0x00000000e0000000,0x00000000ee980000)
  from space 102912K, 90% used [0x00000000ee980000,0x00000000f44c9b58,0x00000000f4e00000)
  to   space 112640K, 0% used [0x00000000f6300000,0x00000000f6300000,0x00000000fd100000)
 ParOldGen       total 198144K, used 91012K [0x00000000a0000000, 0x00000000ac180000, 0x00000000e0000000)
  object space 198144K, 45% used [0x00000000a0000000,0x00000000a58e1020,0x00000000ac180000)
 Metaspace       used 117231K, capacity 126330K, committed 126424K, reserved 1159168K
  class space    used 14975K, capacity 16592K, committed 16640K, reserved 1048576K
}
Event: 5066.079 GC heap before
{Heap before GC invocations=51 (full 5):
 PSYoungGen      total 342016K, used 332582K [0x00000000e0000000, 0x00000000fd100000, 0x0000000100000000)
  eden space 239104K, 100% used [0x00000000e0000000,0x00000000ee980000,0x00000000ee980000)
  from space 102912K, 90% used [0x00000000ee980000,0x00000000f44c9b58,0x00000000f4e00000)
  to   space 112640K, 0% used [0x00000000f6300000,0x00000000f6300000,0x00000000fd100000)
 ParOldGen       total 198144K, used 91012K [0x00000000a0000000, 0x00000000ac180000, 0x00000000e0000000)
  object space 198144K, 45% used [0x00000000a0000000,0x00000000a58e1020,0x00000000ac180000)
 Metaspace       used 118309K, capacity 127486K, committed 127576K, reserved 1161216K
  class space    used 15065K, capacity 16690K, committed 16768K, reserved 1048576K
Event: 5066.122 GC heap after
Heap after GC invocations=51 (full 5):
 PSYoungGen      total 342016K, used 91958K [0x00000000e0000000, 0x00000000fcd80000, 0x0000000100000000)
  eden space 232960K, 0% used [0x00000000e0000000,0x00000000e0000000,0x00000000ee380000)
  from space 109056K, 84% used [0x00000000f6300000,0x00000000fbccd8a0,0x00000000fcd80000)
  to   space 119808K, 0% used [0x00000000ee380000,0x00000000ee380000,0x00000000f5880000)
 ParOldGen       total 198144K, used 91020K [0x00000000a0000000, 0x00000000ac180000, 0x00000000e0000000)
  object space 198144K, 45% used [0x00000000a0000000,0x00000000a58e3020,0x00000000ac180000)
 Metaspace       used 118309K, capacity 127486K, committed 127576K, reserved 1161216K
  class space    used 15065K, capacity 16690K, committed 16768K, reserved 1048576K
}
Event: 5069.209 GC heap before
{Heap before GC invocations=52 (full 5):
 PSYoungGen      total 342016K, used 324918K [0x00000000e0000000, 0x00000000fcd80000, 0x0000000100000000)
  eden space 232960K, 100% used [0x00000000e0000000,0x00000000ee380000,0x00000000ee380000)
  from space 109056K, 84% used [0x00000000f6300000,0x00000000fbccd8a0,0x00000000fcd80000)
  to   space 119808K, 0% used [0x00000000ee380000,0x00000000ee380000,0x00000000f5880000)
 ParOldGen       total 198144K, used 91020K [0x00000000a0000000, 0x00000000ac180000, 0x00000000e0000000)
  object space 198144K, 45% used [0x00000000a0000000,0x00000000a58e3020,0x00000000ac180000)
 Metaspace       used 119135K, capacity 128306K, committed 128600K, reserved 1161216K
  class space    used 15093K, capacity 16726K, committed 16768K, reserved 1048576K
Event: 5069.262 GC heap after
Heap after GC invocations=52 (full 5):
 PSYoungGen      total 352768K, used 119779K [0x00000000e0000000, 0x00000000fcd80000, 0x0000000100000000)
  eden space 232960K, 0% used [0x00000000e0000000,0x00000000e0000000,0x00000000ee380000)
  from space 119808K, 99% used [0x00000000ee380000,0x00000000f5878cf0,0x00000000f5880000)
  to   space 109056K, 0% used [0x00000000f6300000,0x00000000f6300000,0x00000000fcd80000)
 ParOldGen       total 198144K, used 125375K [0x00000000a0000000, 0x00000000ac180000, 0x00000000e0000000)
  object space 198144K, 63% used [0x00000000a0000000,0x00000000a7a6fcc0,0x00000000ac180000)
 Metaspace       used 119135K, capacity 128306K, committed 128600K, reserved 1161216K
  class space    used 15093K, capacity 16726K, committed 16768K, reserved 1048576K
}
Event: 5074.393 GC heap before
{Heap before GC invocations=53 (full 5):
 PSYoungGen      total 352768K, used 352739K [0x00000000e0000000, 0x00000000fcd80000, 0x0000000100000000)
  eden space 232960K, 100% used [0x00000000e0000000,0x00000000ee380000,0x00000000ee380000)
  from space 119808K, 99% used [0x00000000ee380000,0x00000000f5878cf0,0x00000000f5880000)
  to   space 109056K, 0% used [0x00000000f6300000,0x00000000f6300000,0x00000000fcd80000)
 ParOldGen       total 198144K, used 125375K [0x00000000a0000000, 0x00000000ac180000, 0x00000000e0000000)
  object space 198144K, 63% used [0x00000000a0000000,0x00000000a7a6fcc0,0x00000000ac180000)
 Metaspace       used 120171K, capacity 129346K, committed 129496K, reserved 1161216K
  class space    used 15140K, capacity 16776K, committed 16896K, reserved 1048576K
Event: 5074.442 GC heap after
Heap after GC invocations=53 (full 5):
 PSYoungGen      total 321024K, used 100761K [0x00000000e0000000, 0x0000000100000000, 0x0000000100000000)
  eden space 211968K, 0% used [0x00000000e0000000,0x00000000e0000000,0x00000000ecf00000)
  from space 109056K, 92% used [0x00000000f6300000,0x00000000fc5665a8,0x00000000fcd80000)
  to   space 151552K, 0% used [0x00000000ecf00000,0x00000000ecf00000,0x00000000f6300000)
 ParOldGen       total 198144K, used 140815K [0x00000000a0000000, 0x00000000ac180000, 0x00000000e0000000)
  object space 198144K, 71% used [0x00000000a0000000,0x00000000a8983c80,0x00000000ac180000)
 Metaspace       used 120171K, capacity 129346K, committed 129496K, reserved 1161216K
  class space    used 15140K, capacity 16776K, committed 16896K, reserved 1048576K
}
Event: 5074.799 GC heap before
{Heap before GC invocations=54 (full 5):
 PSYoungGen      total 321024K, used 312729K [0x00000000e0000000, 0x0000000100000000, 0x0000000100000000)
  eden space 211968K, 100% used [0x00000000e0000000,0x00000000ecf00000,0x00000000ecf00000)
  from space 109056K, 92% used [0x00000000f6300000,0x00000000fc5665a8,0x00000000fcd80000)
  to   space 151552K, 0% used [0x00000000ecf00000,0x00000000ecf00000,0x00000000f6300000)
 ParOldGen       total 198144K, used 140815K [0x00000000a0000000, 0x00000000ac180000, 0x00000000e0000000)
  object space 198144K, 71% used [0x00000000a0000000,0x00000000a8983c80,0x00000000ac180000)
 Metaspace       used 120702K, capacity 130028K, committed 130264K, reserved 1163264K
  class space    used 15177K, capacity 16829K, committed 16896K, reserved 1048576K
Event: 5074.852 GC heap after
Heap after GC invocations=54 (full 5):
 PSYoungGen      total 363520K, used 116153K [0x00000000e0000000, 0x0000000100000000, 0x0000000100000000)
  eden space 211968K, 0% used [0x00000000e0000000,0x00000000e0000000,0x00000000ecf00000)
  from space 151552K, 76% used [0x00000000ecf00000,0x00000000f406e698,0x00000000f6300000)
  to   space 159744K, 0% used [0x00000000f6400000,0x00000000f6400000,0x0000000100000000)
 ParOldGen       total 198144K, used 140823K [0x00000000a0000000, 0x00000000ac180000, 0x00000000e0000000)
  object space 198144K, 71% used [0x00000000a0000000,0x00000000a8985c80,0x00000000ac180000)
 Metaspace       used 120702K, capacity 130028K, committed 130264K, reserved 1163264K
  class space    used 15177K, capacity 16829K, committed 16896K, reserved 1048576K
}

