# JRE version: OpenJDK Runtime Environment (8.0_202-b03) (build 1.8.0_202-release-1483-b03)
# Java VM: OpenJDK 64-Bit Server VM (25.202-b03 mixed mode windows-amd64 compressed oops)
Heap:
 PSYoungGen      total 185344K, used 180120K [0x00000000e0000000, 0x00000000edc80000, 0x0000000100000000)
  eden space 159744K, 96% used [0x00000000e0000000,0x00000000e96e8120,0x00000000e9c00000)
  from space 25600K, 99% used [0x00000000eba00000,0x00000000ed2fdfe0,0x00000000ed300000)
  to   space 30720K, 0% used [0x00000000e9c00000,0x00000000e9c00000,0x00000000eba00000)
 ParOldGen       total 287232K, used 46820K [0x00000000a0000000, 0x00000000b1880000, 0x00000000e0000000)
  object space 287232K, 16% used [0x00000000a0000000,0x00000000a2db90c0,0x00000000b1880000)
 Metaspace       used 72209K, capacity 74734K, committed 75096K, reserved 1114112K
  class space    used 9365K, capacity 9955K, committed 10072K, reserved 1048576K
GC Heap History (10 events):
Event: 8.218 GC heap before
{Heap before GC invocations=11 (full 2):
 PSYoungGen      total 137728K, used 134343K [0x00000000e0000000, 0x00000000ea180000, 0x0000000100000000)
  eden space 123392K, 97% used [0x00000000e0000000,0x00000000e7537ee0,0x00000000e7880000)
  from space 14336K, 99% used [0x00000000e8a80000,0x00000000e987a100,0x00000000e9880000)
  to   space 18432K, 0% used [0x00000000e7880000,0x00000000e7880000,0x00000000e8a80000)
 ParOldGen       total 186368K, used 24154K [0x00000000a0000000, 0x00000000ab600000, 0x00000000e0000000)
  object space 186368K, 12% used [0x00000000a0000000,0x00000000a1796840,0x00000000ab600000)
 Metaspace       used 57394K, capacity 58996K, committed 59028K, reserved 1099776K
  class space    used 7714K, capacity 8123K, committed 8152K, reserved 1048576K
Event: 8.242 GC heap after
Heap after GC invocations=11 (full 2):
 PSYoungGen      total 141824K, used 18423K [0x00000000e0000000, 0x00000000ec380000, 0x0000000100000000)
  eden space 123392K, 0% used [0x00000000e0000000,0x00000000e0000000,0x00000000e7880000)
  from space 18432K, 99% used [0x00000000e7880000,0x00000000e8a7dc58,0x00000000e8a80000)
  to   space 24064K, 0% used [0x00000000eac00000,0x00000000eac00000,0x00000000ec380000)
 ParOldGen       total 186368K, used 32341K [0x00000000a0000000, 0x00000000ab600000, 0x00000000e0000000)
  object space 186368K, 17% used [0x00000000a0000000,0x00000000a1f956a0,0x00000000ab600000)
 Metaspace       used 57394K, capacity 58996K, committed 59028K, reserved 1099776K
  class space    used 7714K, capacity 8123K, committed 8152K, reserved 1048576K
}
Event: 8.242 GC heap before
{Heap before GC invocations=12 (full 3):
 PSYoungGen      total 141824K, used 18423K [0x00000000e0000000, 0x00000000ec380000, 0x0000000100000000)
  eden space 123392K, 0% used [0x00000000e0000000,0x00000000e0000000,0x00000000e7880000)
  from space 18432K, 99% used [0x00000000e7880000,0x00000000e8a7dc58,0x00000000e8a80000)
  to   space 24064K, 0% used [0x00000000eac00000,0x00000000eac00000,0x00000000ec380000)
 ParOldGen       total 186368K, used 32341K [0x00000000a0000000, 0x00000000ab600000, 0x00000000e0000000)
  object space 186368K, 17% used [0x00000000a0000000,0x00000000a1f956a0,0x00000000ab600000)
 Metaspace       used 57394K, capacity 58996K, committed 59028K, reserved 1099776K
  class space    used 7714K, capacity 8123K, committed 8152K, reserved 1048576K
Event: 8.460 GC heap after
Heap after GC invocations=12 (full 3):
 PSYoungGen      total 141824K, used 0K [0x00000000e0000000, 0x00000000ec380000, 0x0000000100000000)
  eden space 123392K, 0% used [0x00000000e0000000,0x00000000e0000000,0x00000000e7880000)
  from space 18432K, 0% used [0x00000000e7880000,0x00000000e7880000,0x00000000e8a80000)
  to   space 24064K, 0% used [0x00000000eac00000,0x00000000eac00000,0x00000000ec380000)
 ParOldGen       total 287232K, used 40397K [0x00000000a0000000, 0x00000000b1880000, 0x00000000e0000000)
  object space 287232K, 14% used [0x00000000a0000000,0x00000000a2773440,0x00000000b1880000)
 Metaspace       used 57359K, capacity 58876K, committed 59028K, reserved 1099776K
  class space    used 7703K, capacity 8103K, committed 8152K, reserved 1048576K
}
Event: 12.435 GC heap before
{Heap before GC invocations=13 (full 3):
 PSYoungGen      total 141824K, used 123392K [0x00000000e0000000, 0x00000000ec380000, 0x0000000100000000)
  eden space 123392K, 100% used [0x00000000e0000000,0x00000000e7880000,0x00000000e7880000)
  from space 18432K, 0% used [0x00000000e7880000,0x00000000e7880000,0x00000000e8a80000)
  to   space 24064K, 0% used [0x00000000eac00000,0x00000000eac00000,0x00000000ec380000)
 ParOldGen       total 287232K, used 40397K [0x00000000a0000000, 0x00000000b1880000, 0x00000000e0000000)
  object space 287232K, 14% used [0x00000000a0000000,0x00000000a2773440,0x00000000b1880000)
 Metaspace       used 64457K, capacity 66384K, committed 66520K, reserved 1105920K
  class space    used 8622K, capacity 9120K, committed 9176K, reserved 1048576K
Event: 12.449 GC heap after
Heap after GC invocations=13 (full 3):
 PSYoungGen      total 156672K, used 13690K [0x00000000e0000000, 0x00000000eb980000, 0x0000000100000000)
  eden space 142848K, 0% used [0x00000000e0000000,0x00000000e0000000,0x00000000e8b80000)
  from space 13824K, 99% used [0x00000000eac00000,0x00000000eb95e8c8,0x00000000eb980000)
  to   space 23040K, 0% used [0x00000000e8c80000,0x00000000e8c80000,0x00000000ea300000)
 ParOldGen       total 287232K, used 40405K [0x00000000a0000000, 0x00000000b1880000, 0x00000000e0000000)
  object space 287232K, 14% used [0x00000000a0000000,0x00000000a2775440,0x00000000b1880000)
 Metaspace       used 64457K, capacity 66384K, committed 66520K, reserved 1105920K
  class space    used 8622K, capacity 9120K, committed 9176K, reserved 1048576K
}
Event: 14.038 GC heap before
{Heap before GC invocations=14 (full 3):
 PSYoungGen      total 156672K, used 156538K [0x00000000e0000000, 0x00000000eb980000, 0x0000000100000000)
  eden space 142848K, 100% used [0x00000000e0000000,0x00000000e8b80000,0x00000000e8b80000)
  from space 13824K, 99% used [0x00000000eac00000,0x00000000eb95e8c8,0x00000000eb980000)
  to   space 23040K, 0% used [0x00000000e8c80000,0x00000000e8c80000,0x00000000ea300000)
 ParOldGen       total 287232K, used 40405K [0x00000000a0000000, 0x00000000b1880000, 0x00000000e0000000)
  object space 287232K, 14% used [0x00000000a0000000,0x00000000a2775440,0x00000000b1880000)
 Metaspace       used 66168K, capacity 68378K, committed 68568K, reserved 1107968K
  class space    used 8832K, capacity 9399K, committed 9432K, reserved 1048576K
Event: 14.057 GC heap after
Heap after GC invocations=14 (full 3):
 PSYoungGen      total 166912K, used 21376K [0x00000000e0000000, 0x00000000ed300000, 0x0000000100000000)
  eden space 143872K, 0% used [0x00000000e0000000,0x00000000e0000000,0x00000000e8c80000)
  from space 23040K, 92% used [0x00000000e8c80000,0x00000000ea160160,0x00000000ea300000)
  to   space 25600K, 0% used [0x00000000eba00000,0x00000000eba00000,0x00000000ed300000)
 ParOldGen       total 287232K, used 40413K [0x00000000a0000000, 0x00000000b1880000, 0x00000000e0000000)
  object space 287232K, 14% used [0x00000000a0000000,0x00000000a2777440,0x00000000b1880000)
 Metaspace       used 66168K, capacity 68378K, committed 68568K, reserved 1107968K
  class space    used 8832K, capacity 9399K, committed 9432K, reserved 1048576K
}
Event: 18.386 GC heap before
{Heap before GC invocations=15 (full 3):
 PSYoungGen      total 166912K, used 165248K [0x00000000e0000000, 0x00000000ed300000, 0x0000000100000000)
  eden space 143872K, 100% used [0x00000000e0000000,0x00000000e8c80000,0x00000000e8c80000)
  from space 23040K, 92% used [0x00000000e8c80000,0x00000000ea160160,0x00000000ea300000)
  to   space 25600K, 0% used [0x00000000eba00000,0x00000000eba00000,0x00000000ed300000)
 ParOldGen       total 287232K, used 40413K [0x00000000a0000000, 0x00000000b1880000, 0x00000000e0000000)
  object space 287232K, 14% used [0x00000000a0000000,0x00000000a2777440,0x00000000b1880000)
 Metaspace       used 70825K, capacity 73252K, committed 73304K, reserved 1112064K
  class space    used 9209K, capacity 9802K, committed 9816K, reserved 1048576K
Event: 18.412 GC heap after
Heap after GC invocations=15 (full 3):
 PSYoungGen      total 185344K, used 25591K [0x00000000e0000000, 0x00000000edc80000, 0x0000000100000000)
  eden space 159744K, 0% used [0x00000000e0000000,0x00000000e0000000,0x00000000e9c00000)
  from space 25600K, 99% used [0x00000000eba00000,0x00000000ed2fdfe0,0x00000000ed300000)
  to   space 30720K, 0% used [0x00000000e9c00000,0x00000000e9c00000,0x00000000eba00000)
 ParOldGen       total 287232K, used 46820K [0x00000000a0000000, 0x00000000b1880000, 0x00000000e0000000)
  object space 287232K, 16% used [0x00000000a0000000,0x00000000a2db90c0,0x00000000b1880000)
 Metaspace       used 70825K, capacity 73252K, committed 73304K, reserved 1112064K
  class space    used 9209K, capacity 9802K, committed 9816K, reserved 1048576K
}

