# JRE version: OpenJDK Runtime Environment (8.0_202-b03) (build 1.8.0_202-release-1483-b03)
# Java VM: OpenJDK 64-Bit Server VM (25.202-b03 mixed mode windows-amd64 compressed oops)
Heap:
 PSYoungGen      total 138240K, used 73452K [0x00000000e0000000, 0x00000000eac00000, 0x0000000100000000)
  eden space 109568K, 42% used [0x00000000e0000000,0x00000000e2d3a660,0x00000000e6b00000)
  from space 28672K, 94% used [0x00000000e8a00000,0x00000000ea480a00,0x00000000ea600000)
  to   space 31744K, 0% used [0x00000000e6b00000,0x00000000e6b00000,0x00000000e8a00000)
 ParOldGen       total 371200K, used 44841K [0x00000000a0000000, 0x00000000b6a80000, 0x00000000e0000000)
  object space 371200K, 12% used [0x00000000a0000000,0x00000000a2bca7a0,0x00000000b6a80000)
 Metaspace       used 74493K, capacity 76818K, committed 77016K, reserved 1116160K
  class space    used 9860K, capacity 10404K, committed 10496K, reserved 1048576K
GC Heap History (10 events):
Event: 22.775 GC heap before
{Heap before GC invocations=15 (full 3):
 PSYoungGen      total 108544K, used 99306K [0x00000000e0000000, 0x00000000e8600000, 0x0000000100000000)
  eden space 88576K, 100% used [0x00000000e0000000,0x00000000e5680000,0x00000000e5680000)
  from space 19968K, 53% used [0x00000000e5680000,0x00000000e60fa9a0,0x00000000e6a00000)
  to   space 19456K, 0% used [0x00000000e7300000,0x00000000e7300000,0x00000000e8600000)
 ParOldGen       total 371200K, used 35676K [0x00000000a0000000, 0x00000000b6a80000, 0x00000000e0000000)
  object space 371200K, 9% used [0x00000000a0000000,0x00000000a22d7088,0x00000000b6a80000)
 Metaspace       used 68607K, capacity 70578K, committed 70872K, reserved 1110016K
  class space    used 9143K, capacity 9632K, committed 9728K, reserved 1048576K
Event: 22.784 GC heap after
Heap after GC invocations=15 (full 3):
 PSYoungGen      total 114688K, used 10482K [0x00000000e0000000, 0x00000000e8400000, 0x0000000100000000)
  eden space 97280K, 0% used [0x00000000e0000000,0x00000000e0000000,0x00000000e5f00000)
  from space 17408K, 60% used [0x00000000e7300000,0x00000000e7d3cae8,0x00000000e8400000)
  to   space 18944K, 0% used [0x00000000e5f00000,0x00000000e5f00000,0x00000000e7180000)
 ParOldGen       total 371200K, used 35684K [0x00000000a0000000, 0x00000000b6a80000, 0x00000000e0000000)
  object space 371200K, 9% used [0x00000000a0000000,0x00000000a22d9088,0x00000000b6a80000)
 Metaspace       used 68607K, capacity 70578K, committed 70872K, reserved 1110016K
  class space    used 9143K, capacity 9632K, committed 9728K, reserved 1048576K
}
Event: 23.415 GC heap before
{Heap before GC invocations=16 (full 3):
 PSYoungGen      total 114688K, used 107762K [0x00000000e0000000, 0x00000000e8400000, 0x0000000100000000)
  eden space 97280K, 100% used [0x00000000e0000000,0x00000000e5f00000,0x00000000e5f00000)
  from space 17408K, 60% used [0x00000000e7300000,0x00000000e7d3cae8,0x00000000e8400000)
  to   space 18944K, 0% used [0x00000000e5f00000,0x00000000e5f00000,0x00000000e7180000)
 ParOldGen       total 371200K, used 35684K [0x00000000a0000000, 0x00000000b6a80000, 0x00000000e0000000)
  object space 371200K, 9% used [0x00000000a0000000,0x00000000a22d9088,0x00000000b6a80000)
 Metaspace       used 70644K, capacity 72774K, committed 72920K, reserved 1112064K
  class space    used 9460K, capacity 9964K, committed 9984K, reserved 1048576K
Event: 23.423 GC heap after
Heap after GC invocations=16 (full 3):
 PSYoungGen      total 116224K, used 16468K [0x00000000e0000000, 0x00000000e9100000, 0x0000000100000000)
  eden space 97280K, 0% used [0x00000000e0000000,0x00000000e0000000,0x00000000e5f00000)
  from space 18944K, 86% used [0x00000000e5f00000,0x00000000e6f15058,0x00000000e7180000)
  to   space 19968K, 0% used [0x00000000e7d80000,0x00000000e7d80000,0x00000000e9100000)
 ParOldGen       total 371200K, used 35692K [0x00000000a0000000, 0x00000000b6a80000, 0x00000000e0000000)
  object space 371200K, 9% used [0x00000000a0000000,0x00000000a22db088,0x00000000b6a80000)
 Metaspace       used 70644K, capacity 72774K, committed 72920K, reserved 1112064K
  class space    used 9460K, capacity 9964K, committed 9984K, reserved 1048576K
}
Event: 29.017 GC heap before
{Heap before GC invocations=17 (full 3):
 PSYoungGen      total 116224K, used 113748K [0x00000000e0000000, 0x00000000e9100000, 0x0000000100000000)
  eden space 97280K, 100% used [0x00000000e0000000,0x00000000e5f00000,0x00000000e5f00000)
  from space 18944K, 86% used [0x00000000e5f00000,0x00000000e6f15058,0x00000000e7180000)
  to   space 19968K, 0% used [0x00000000e7d80000,0x00000000e7d80000,0x00000000e9100000)
 ParOldGen       total 371200K, used 35692K [0x00000000a0000000, 0x00000000b6a80000, 0x00000000e0000000)
  object space 371200K, 9% used [0x00000000a0000000,0x00000000a22db088,0x00000000b6a80000)
 Metaspace       used 71490K, capacity 73714K, committed 73944K, reserved 1114112K
  class space    used 9590K, capacity 10149K, committed 10240K, reserved 1048576K
Event: 29.030 GC heap after
Heap after GC invocations=17 (full 3):
 PSYoungGen      total 124416K, used 19944K [0x00000000e0000000, 0x00000000e9700000, 0x0000000100000000)
  eden space 104448K, 0% used [0x00000000e0000000,0x00000000e0000000,0x00000000e6600000)
  from space 19968K, 99% used [0x00000000e7d80000,0x00000000e90fa040,0x00000000e9100000)
  to   space 24064K, 0% used [0x00000000e6600000,0x00000000e6600000,0x00000000e7d80000)
 ParOldGen       total 371200K, used 40727K [0x00000000a0000000, 0x00000000b6a80000, 0x00000000e0000000)
  object space 371200K, 10% used [0x00000000a0000000,0x00000000a27c5ee8,0x00000000b6a80000)
 Metaspace       used 71490K, capacity 73714K, committed 73944K, reserved 1114112K
  class space    used 9590K, capacity 10149K, committed 10240K, reserved 1048576K
}
Event: 38.261 GC heap before
{Heap before GC invocations=18 (full 3):
 PSYoungGen      total 124416K, used 124392K [0x00000000e0000000, 0x00000000e9700000, 0x0000000100000000)
  eden space 104448K, 100% used [0x00000000e0000000,0x00000000e6600000,0x00000000e6600000)
  from space 19968K, 99% used [0x00000000e7d80000,0x00000000e90fa040,0x00000000e9100000)
  to   space 24064K, 0% used [0x00000000e6600000,0x00000000e6600000,0x00000000e7d80000)
 ParOldGen       total 371200K, used 40727K [0x00000000a0000000, 0x00000000b6a80000, 0x00000000e0000000)
  object space 371200K, 10% used [0x00000000a0000000,0x00000000a27c5ee8,0x00000000b6a80000)
 Metaspace       used 74175K, capacity 76526K, committed 76760K, reserved 1116160K
  class space    used 9857K, capacity 10398K, committed 10496K, reserved 1048576K
Event: 38.273 GC heap after
Heap after GC invocations=18 (full 3):
 PSYoungGen      total 128512K, used 24047K [0x00000000e0000000, 0x00000000ea600000, 0x0000000100000000)
  eden space 104448K, 0% used [0x00000000e0000000,0x00000000e0000000,0x00000000e6600000)
  from space 24064K, 99% used [0x00000000e6600000,0x00000000e7d7bd80,0x00000000e7d80000)
  to   space 28672K, 0% used [0x00000000e8a00000,0x00000000e8a00000,0x00000000ea600000)
 ParOldGen       total 371200K, used 44833K [0x00000000a0000000, 0x00000000b6a80000, 0x00000000e0000000)
  object space 371200K, 12% used [0x00000000a0000000,0x00000000a2bc87a0,0x00000000b6a80000)
 Metaspace       used 74175K, capacity 76526K, committed 76760K, reserved 1116160K
  class space    used 9857K, capacity 10398K, committed 10496K, reserved 1048576K
}
Event: 41.401 GC heap before
{Heap before GC invocations=19 (full 3):
 PSYoungGen      total 128512K, used 128495K [0x00000000e0000000, 0x00000000ea600000, 0x0000000100000000)
  eden space 104448K, 100% used [0x00000000e0000000,0x00000000e6600000,0x00000000e6600000)
  from space 24064K, 99% used [0x00000000e6600000,0x00000000e7d7bd80,0x00000000e7d80000)
  to   space 28672K, 0% used [0x00000000e8a00000,0x00000000e8a00000,0x00000000ea600000)
 ParOldGen       total 371200K, used 44833K [0x00000000a0000000, 0x00000000b6a80000, 0x00000000e0000000)
  object space 371200K, 12% used [0x00000000a0000000,0x00000000a2bc87a0,0x00000000b6a80000)
 Metaspace       used 74407K, capacity 76782K, committed 77016K, reserved 1116160K
  class space    used 9857K, capacity 10398K, committed 10496K, reserved 1048576K
Event: 41.419 GC heap after
Heap after GC invocations=19 (full 3):
 PSYoungGen      total 138240K, used 27138K [0x00000000e0000000, 0x00000000eac00000, 0x0000000100000000)
  eden space 109568K, 0% used [0x00000000e0000000,0x00000000e0000000,0x00000000e6b00000)
  from space 28672K, 94% used [0x00000000e8a00000,0x00000000ea480a00,0x00000000ea600000)
  to   space 31744K, 0% used [0x00000000e6b00000,0x00000000e6b00000,0x00000000e8a00000)
 ParOldGen       total 371200K, used 44841K [0x00000000a0000000, 0x00000000b6a80000, 0x00000000e0000000)
  object space 371200K, 12% used [0x00000000a0000000,0x00000000a2bca7a0,0x00000000b6a80000)
 Metaspace       used 74407K, capacity 76782K, committed 77016K, reserved 1116160K
  class space    used 9857K, capacity 10398K, committed 10496K, reserved 1048576K
}

