# JRE version: OpenJDK Runtime Environment (8.0_202-b03) (build 1.8.0_202-release-1483-b03)
# Java VM: OpenJDK 64-Bit Server VM (25.202-b03 mixed mode windows-amd64 compressed oops)
Heap:
 PSYoungGen      total 275968K, used 60869K [0x00000000e0000000, 0x00000000f4000000, 0x0000000100000000)
  eden space 224256K, 4% used [0x00000000e0000000,0x00000000e08f5d18,0x00000000edb00000)
  from space 51712K, 99% used [0x00000000edb00000,0x00000000f0d7b808,0x00000000f0d80000)
  to   space 49152K, 0% used [0x00000000f0e00000,0x00000000f0e00000,0x00000000f3e00000)
 ParOldGen       total 287232K, used 95376K [0x00000000a0000000, 0x00000000b1880000, 0x00000000e0000000)
  object space 287232K, 33% used [0x00000000a0000000,0x00000000a5d24160,0x00000000b1880000)
 Metaspace       used 89286K, capacity 93404K, committed 93528K, reserved 1130496K
  class space    used 11487K, capacity 12357K, committed 12416K, reserved 1048576K
GC Heap History (10 events):
Event: 21.478 GC heap before
{Heap before GC invocations=18 (full 3):
 PSYoungGen      total 224256K, used 208805K [0x00000000e0000000, 0x00000000f0200000, 0x0000000100000000)
  eden space 185856K, 100% used [0x00000000e0000000,0x00000000eb580000,0x00000000eb580000)
  from space 38400K, 59% used [0x00000000edb00000,0x00000000ef169698,0x00000000f0080000)
  to   space 38400K, 0% used [0x00000000eb580000,0x00000000eb580000,0x00000000edb00000)
 ParOldGen       total 287232K, used 70031K [0x00000000a0000000, 0x00000000b1880000, 0x00000000e0000000)
  object space 287232K, 24% used [0x00000000a0000000,0x00000000a4463d00,0x00000000b1880000)
 Metaspace       used 74978K, capacity 78058K, committed 78296K, reserved 1116160K
  class space    used 9946K, capacity 10668K, committed 10752K, reserved 1048576K
Event: 21.490 GC heap after
Heap after GC invocations=18 (full 3):
 PSYoungGen      total 224256K, used 27666K [0x00000000e0000000, 0x00000000f1f80000, 0x0000000100000000)
  eden space 185856K, 0% used [0x00000000e0000000,0x00000000e0000000,0x00000000eb580000)
  from space 38400K, 72% used [0x00000000eb580000,0x00000000ed084800,0x00000000edb00000)
  to   space 39936K, 0% used [0x00000000ef880000,0x00000000ef880000,0x00000000f1f80000)
 ParOldGen       total 287232K, used 70039K [0x00000000a0000000, 0x00000000b1880000, 0x00000000e0000000)
  object space 287232K, 24% used [0x00000000a0000000,0x00000000a4465d00,0x00000000b1880000)
 Metaspace       used 74978K, capacity 78058K, committed 78296K, reserved 1116160K
  class space    used 9946K, capacity 10668K, committed 10752K, reserved 1048576K
}
Event: 49.170 GC heap before
{Heap before GC invocations=19 (full 3):
 PSYoungGen      total 224256K, used 213522K [0x00000000e0000000, 0x00000000f1f80000, 0x0000000100000000)
  eden space 185856K, 100% used [0x00000000e0000000,0x00000000eb580000,0x00000000eb580000)
  from space 38400K, 72% used [0x00000000eb580000,0x00000000ed084800,0x00000000edb00000)
  to   space 39936K, 0% used [0x00000000ef880000,0x00000000ef880000,0x00000000f1f80000)
 ParOldGen       total 287232K, used 70039K [0x00000000a0000000, 0x00000000b1880000, 0x00000000e0000000)
  object space 287232K, 24% used [0x00000000a0000000,0x00000000a4465d00,0x00000000b1880000)
 Metaspace       used 81349K, capacity 84674K, committed 84824K, reserved 1122304K
  class space    used 10631K, capacity 11390K, committed 11392K, reserved 1048576K
Event: 49.188 GC heap after
Heap after GC invocations=19 (full 3):
 PSYoungGen      total 248320K, used 31465K [0x00000000e0000000, 0x00000000f1e80000, 0x0000000100000000)
  eden space 209408K, 0% used [0x00000000e0000000,0x00000000e0000000,0x00000000ecc80000)
  from space 38912K, 80% used [0x00000000ef880000,0x00000000f173a5d8,0x00000000f1e80000)
  to   space 41984K, 0% used [0x00000000ecc80000,0x00000000ecc80000,0x00000000ef580000)
 ParOldGen       total 287232K, used 70047K [0x00000000a0000000, 0x00000000b1880000, 0x00000000e0000000)
  object space 287232K, 24% used [0x00000000a0000000,0x00000000a4467d00,0x00000000b1880000)
 Metaspace       used 81349K, capacity 84674K, committed 84824K, reserved 1122304K
  class space    used 10631K, capacity 11390K, committed 11392K, reserved 1048576K
}
Event: 51.520 GC heap before
{Heap before GC invocations=20 (full 3):
 PSYoungGen      total 248320K, used 240873K [0x00000000e0000000, 0x00000000f1e80000, 0x0000000100000000)
  eden space 209408K, 100% used [0x00000000e0000000,0x00000000ecc80000,0x00000000ecc80000)
  from space 38912K, 80% used [0x00000000ef880000,0x00000000f173a5d8,0x00000000f1e80000)
  to   space 41984K, 0% used [0x00000000ecc80000,0x00000000ecc80000,0x00000000ef580000)
 ParOldGen       total 287232K, used 70047K [0x00000000a0000000, 0x00000000b1880000, 0x00000000e0000000)
  object space 287232K, 24% used [0x00000000a0000000,0x00000000a4467d00,0x00000000b1880000)
 Metaspace       used 81988K, capacity 85606K, committed 85720K, reserved 1124352K
  class space    used 10672K, capacity 11466K, committed 11520K, reserved 1048576K
Event: 51.539 GC heap after
Heap after GC invocations=20 (full 3):
 PSYoungGen      total 251392K, used 41957K [0x00000000e0000000, 0x00000000f3e00000, 0x0000000100000000)
  eden space 209408K, 0% used [0x00000000e0000000,0x00000000e0000000,0x00000000ecc80000)
  from space 41984K, 99% used [0x00000000ecc80000,0x00000000ef5794f8,0x00000000ef580000)
  to   space 49152K, 0% used [0x00000000f0e00000,0x00000000f0e00000,0x00000000f3e00000)
 ParOldGen       total 287232K, used 73335K [0x00000000a0000000, 0x00000000b1880000, 0x00000000e0000000)
  object space 287232K, 25% used [0x00000000a0000000,0x00000000a479dd40,0x00000000b1880000)
 Metaspace       used 81988K, capacity 85606K, committed 85720K, reserved 1124352K
  class space    used 10672K, capacity 11466K, committed 11520K, reserved 1048576K
}
Event: 78.850 GC heap before
{Heap before GC invocations=21 (full 3):
 PSYoungGen      total 251392K, used 251365K [0x00000000e0000000, 0x00000000f3e00000, 0x0000000100000000)
  eden space 209408K, 100% used [0x00000000e0000000,0x00000000ecc80000,0x00000000ecc80000)
  from space 41984K, 99% used [0x00000000ecc80000,0x00000000ef5794f8,0x00000000ef580000)
  to   space 49152K, 0% used [0x00000000f0e00000,0x00000000f0e00000,0x00000000f3e00000)
 ParOldGen       total 287232K, used 73335K [0x00000000a0000000, 0x00000000b1880000, 0x00000000e0000000)
  object space 287232K, 25% used [0x00000000a0000000,0x00000000a479dd40,0x00000000b1880000)
 Metaspace       used 83081K, capacity 87080K, committed 87256K, reserved 1124352K
  class space    used 10832K, capacity 11681K, committed 11776K, reserved 1048576K
Event: 78.876 GC heap after
Heap after GC invocations=21 (full 3):
 PSYoungGen      total 273408K, used 37984K [0x00000000e0000000, 0x00000000f4000000, 0x0000000100000000)
  eden space 224256K, 0% used [0x00000000e0000000,0x00000000e0000000,0x00000000edb00000)
  from space 49152K, 77% used [0x00000000f0e00000,0x00000000f3318340,0x00000000f3e00000)
  to   space 51712K, 0% used [0x00000000edb00000,0x00000000edb00000,0x00000000f0d80000)
 ParOldGen       total 287232K, used 84671K [0x00000000a0000000, 0x00000000b1880000, 0x00000000e0000000)
  object space 287232K, 29% used [0x00000000a0000000,0x00000000a52affb0,0x00000000b1880000)
 Metaspace       used 83081K, capacity 87080K, committed 87256K, reserved 1124352K
  class space    used 10832K, capacity 11681K, committed 11776K, reserved 1048576K
}
Event: 81.180 GC heap before
{Heap before GC invocations=22 (full 3):
 PSYoungGen      total 273408K, used 262240K [0x00000000e0000000, 0x00000000f4000000, 0x0000000100000000)
  eden space 224256K, 100% used [0x00000000e0000000,0x00000000edb00000,0x00000000edb00000)
  from space 49152K, 77% used [0x00000000f0e00000,0x00000000f3318340,0x00000000f3e00000)
  to   space 51712K, 0% used [0x00000000edb00000,0x00000000edb00000,0x00000000f0d80000)
 ParOldGen       total 287232K, used 84671K [0x00000000a0000000, 0x00000000b1880000, 0x00000000e0000000)
  object space 287232K, 29% used [0x00000000a0000000,0x00000000a52affb0,0x00000000b1880000)
 Metaspace       used 89137K, capacity 93244K, committed 93528K, reserved 1130496K
  class space    used 11482K, capacity 12325K, committed 12416K, reserved 1048576K
Event: 81.210 GC heap after
Heap after GC invocations=22 (full 3):
 PSYoungGen      total 275968K, used 51694K [0x00000000e0000000, 0x00000000f4000000, 0x0000000100000000)
  eden space 224256K, 0% used [0x00000000e0000000,0x00000000e0000000,0x00000000edb00000)
  from space 51712K, 99% used [0x00000000edb00000,0x00000000f0d7b808,0x00000000f0d80000)
  to   space 49152K, 0% used [0x00000000f0e00000,0x00000000f0e00000,0x00000000f3e00000)
 ParOldGen       total 287232K, used 95376K [0x00000000a0000000, 0x00000000b1880000, 0x00000000e0000000)
  object space 287232K, 33% used [0x00000000a0000000,0x00000000a5d24160,0x00000000b1880000)
 Metaspace       used 89137K, capacity 93244K, committed 93528K, reserved 1130496K
  class space    used 11482K, capacity 12325K, committed 12416K, reserved 1048576K
}

