# JRE version: OpenJDK Runtime Environment (8.0_202-b03) (build 1.8.0_202-release-1483-b03)
# Java VM: OpenJDK 64-Bit Server VM (25.202-b03 mixed mode windows-amd64 compressed oops)
Heap:
 PSYoungGen      total 289280K, used 65829K [0x000000076b580000, 0x0000000780f00000, 0x00000007c0000000)
  eden space 241152K, 27% used [0x000000076b580000,0x000000076f5c9460,0x000000077a100000)
  from space 48128K, 0% used [0x000000077ce80000,0x000000077ce80000,0x000000077fd80000)
  to   space 46592K, 0% used [0x000000077a100000,0x000000077a100000,0x000000077ce80000)
 ParOldGen       total 330752K, used 67770K [0x00000006c2000000, 0x00000006d6300000, 0x000000076b580000)
  object space 330752K, 20% used [0x00000006c2000000,0x00000006c622e878,0x00000006d6300000)
 Metaspace       used 63788K, capacity 65170K, committed 65408K, reserved 1105920K
  class space    used 7631K, capacity 7967K, committed 8064K, reserved 1048576K
GC Heap History (10 events):
Event: 2.291 GC heap before
{Heap before GC invocations=5 (full 2):
 PSYoungGen      total 140800K, used 10734K [0x000000076b580000, 0x0000000777c00000, 0x00000007c0000000)
  eden space 130048K, 0% used [0x000000076b580000,0x000000076b580000,0x0000000773480000)
  from space 10752K, 99% used [0x0000000773480000,0x0000000773efb868,0x0000000773f00000)
  to   space 10752K, 0% used [0x0000000777180000,0x0000000777180000,0x0000000777c00000)
 ParOldGen       total 117248K, used 21959K [0x00000006c2000000, 0x00000006c9280000, 0x000000076b580000)
  object space 117248K, 18% used [0x00000006c2000000,0x00000006c3571ef8,0x00000006c9280000)
 Metaspace       used 34725K, capacity 35318K, committed 35496K, reserved 1081344K
  class space    used 4413K, capacity 4571K, committed 4608K, reserved 1048576K
Event: 2.324 GC heap after
Heap after GC invocations=5 (full 2):
 PSYoungGen      total 140800K, used 0K [0x000000076b580000, 0x0000000777c00000, 0x00000007c0000000)
  eden space 130048K, 0% used [0x000000076b580000,0x000000076b580000,0x0000000773480000)
  from space 10752K, 0% used [0x0000000773480000,0x0000000773480000,0x0000000773f00000)
  to   space 10752K, 0% used [0x0000000777180000,0x0000000777180000,0x0000000777c00000)
 ParOldGen       total 209920K, used 28823K [0x00000006c2000000, 0x00000006ced00000, 0x000000076b580000)
  object space 209920K, 13% used [0x00000006c2000000,0x00000006c3c25f50,0x00000006ced00000)
 Metaspace       used 34725K, capacity 35318K, committed 35496K, reserved 1081344K
  class space    used 4413K, capacity 4571K, committed 4608K, reserved 1048576K
}
Event: 3.610 GC heap before
{Heap before GC invocations=6 (full 2):
 PSYoungGen      total 140800K, used 130048K [0x000000076b580000, 0x0000000777c00000, 0x00000007c0000000)
  eden space 130048K, 100% used [0x000000076b580000,0x0000000773480000,0x0000000773480000)
  from space 10752K, 0% used [0x0000000773480000,0x0000000773480000,0x0000000773f00000)
  to   space 10752K, 0% used [0x0000000777180000,0x0000000777180000,0x0000000777c00000)
 ParOldGen       total 209920K, used 28823K [0x00000006c2000000, 0x00000006ced00000, 0x000000076b580000)
  object space 209920K, 13% used [0x00000006c2000000,0x00000006c3c25f50,0x00000006ced00000)
 Metaspace       used 45141K, capacity 45936K, committed 46336K, reserved 1089536K
  class space    used 5582K, capacity 5818K, committed 5888K, reserved 1048576K
Event: 3.627 GC heap after
Heap after GC invocations=6 (full 2):
 PSYoungGen      total 188416K, used 10739K [0x000000076b580000, 0x0000000777c00000, 0x00000007c0000000)
  eden space 177664K, 0% used [0x000000076b580000,0x000000076b580000,0x0000000776300000)
  from space 10752K, 99% used [0x0000000777180000,0x0000000777bfcc90,0x0000000777c00000)
  to   space 10752K, 0% used [0x0000000776700000,0x0000000776700000,0x0000000777180000)
 ParOldGen       total 209920K, used 44008K [0x00000006c2000000, 0x00000006ced00000, 0x000000076b580000)
  object space 209920K, 20% used [0x00000006c2000000,0x00000006c4afa0f8,0x00000006ced00000)
 Metaspace       used 45141K, capacity 45936K, committed 46336K, reserved 1089536K
  class space    used 5582K, capacity 5818K, committed 5888K, reserved 1048576K
}
Event: 6.043 GC heap before
{Heap before GC invocations=7 (full 2):
 PSYoungGen      total 188416K, used 188403K [0x000000076b580000, 0x0000000777c00000, 0x00000007c0000000)
  eden space 177664K, 100% used [0x000000076b580000,0x0000000776300000,0x0000000776300000)
  from space 10752K, 99% used [0x0000000777180000,0x0000000777bfcc90,0x0000000777c00000)
  to   space 10752K, 0% used [0x0000000776700000,0x0000000776700000,0x0000000777180000)
 ParOldGen       total 209920K, used 44008K [0x00000006c2000000, 0x00000006ced00000, 0x000000076b580000)
  object space 209920K, 20% used [0x00000006c2000000,0x00000006c4afa0f8,0x00000006ced00000)
 Metaspace       used 55587K, capacity 56778K, committed 56960K, reserved 1099776K
  class space    used 6868K, capacity 7201K, committed 7296K, reserved 1048576K
Event: 6.067 GC heap after
Heap after GC invocations=7 (full 2):
 PSYoungGen      total 192512K, used 10732K [0x000000076b580000, 0x000000077fd80000, 0x00000007c0000000)
  eden space 181760K, 0% used [0x000000076b580000,0x000000076b580000,0x0000000776700000)
  from space 10752K, 99% used [0x0000000776700000,0x000000077717b1b8,0x0000000777180000)
  to   space 48128K, 0% used [0x000000077ce80000,0x000000077ce80000,0x000000077fd80000)
 ParOldGen       total 209920K, used 79054K [0x00000006c2000000, 0x00000006ced00000, 0x000000076b580000)
  object space 209920K, 37% used [0x00000006c2000000,0x00000006c6d33968,0x00000006ced00000)
 Metaspace       used 55587K, capacity 56778K, committed 56960K, reserved 1099776K
  class space    used 6868K, capacity 7201K, committed 7296K, reserved 1048576K
}
Event: 6.355 GC heap before
{Heap before GC invocations=8 (full 2):
 PSYoungGen      total 192512K, used 37392K [0x000000076b580000, 0x000000077fd80000, 0x00000007c0000000)
  eden space 181760K, 14% used [0x000000076b580000,0x000000076cf88fc8,0x0000000776700000)
  from space 10752K, 99% used [0x0000000776700000,0x000000077717b1b8,0x0000000777180000)
  to   space 48128K, 0% used [0x000000077ce80000,0x000000077ce80000,0x000000077fd80000)
 ParOldGen       total 209920K, used 79054K [0x00000006c2000000, 0x00000006ced00000, 0x000000076b580000)
  object space 209920K, 37% used [0x00000006c2000000,0x00000006c6d33968,0x00000006ced00000)
 Metaspace       used 57893K, capacity 59034K, committed 59136K, reserved 1101824K
  class space    used 7120K, capacity 7421K, committed 7424K, reserved 1048576K
Event: 6.366 GC heap after
Heap after GC invocations=8 (full 2):
 PSYoungGen      total 289280K, used 14004K [0x000000076b580000, 0x0000000780f00000, 0x00000007c0000000)
  eden space 241152K, 0% used [0x000000076b580000,0x000000076b580000,0x000000077a100000)
  from space 48128K, 29% used [0x000000077ce80000,0x000000077dc2d180,0x000000077fd80000)
  to   space 46592K, 0% used [0x000000077a100000,0x000000077a100000,0x000000077ce80000)
 ParOldGen       total 209920K, used 79076K [0x00000006c2000000, 0x00000006ced00000, 0x000000076b580000)
  object space 209920K, 37% used [0x00000006c2000000,0x00000006c6d393f8,0x00000006ced00000)
 Metaspace       used 57893K, capacity 59034K, committed 59136K, reserved 1101824K
  class space    used 7120K, capacity 7421K, committed 7424K, reserved 1048576K
}
Event: 6.366 GC heap before
{Heap before GC invocations=9 (full 3):
 PSYoungGen      total 289280K, used 14004K [0x000000076b580000, 0x0000000780f00000, 0x00000007c0000000)
  eden space 241152K, 0% used [0x000000076b580000,0x000000076b580000,0x000000077a100000)
  from space 48128K, 29% used [0x000000077ce80000,0x000000077dc2d180,0x000000077fd80000)
  to   space 46592K, 0% used [0x000000077a100000,0x000000077a100000,0x000000077ce80000)
 ParOldGen       total 209920K, used 79076K [0x00000006c2000000, 0x00000006ced00000, 0x000000076b580000)
  object space 209920K, 37% used [0x00000006c2000000,0x00000006c6d393f8,0x00000006ced00000)
 Metaspace       used 57893K, capacity 59034K, committed 59136K, reserved 1101824K
  class space    used 7120K, capacity 7421K, committed 7424K, reserved 1048576K
Event: 6.519 GC heap after
Heap after GC invocations=9 (full 3):
 PSYoungGen      total 289280K, used 0K [0x000000076b580000, 0x0000000780f00000, 0x00000007c0000000)
  eden space 241152K, 0% used [0x000000076b580000,0x000000076b580000,0x000000077a100000)
  from space 48128K, 0% used [0x000000077ce80000,0x000000077ce80000,0x000000077fd80000)
  to   space 46592K, 0% used [0x000000077a100000,0x000000077a100000,0x000000077ce80000)
 ParOldGen       total 330752K, used 67770K [0x00000006c2000000, 0x00000006d6300000, 0x000000076b580000)
  object space 330752K, 20% used [0x00000006c2000000,0x00000006c622e878,0x00000006d6300000)
 Metaspace       used 57893K, capacity 59034K, committed 59136K, reserved 1101824K
  class space    used 7120K, capacity 7421K, committed 7424K, reserved 1048576K
}

