# JRE version: OpenJDK Runtime Environment (8.0_202-b03) (build 1.8.0_202-release-1483-b03)
# Java VM: OpenJDK 64-Bit Server VM (25.202-b03 mixed mode windows-amd64 compressed oops)
Heap:
 PSYoungGen      total 436736K, used 276790K [0x00000000e0000000, 0x00000000ffa80000, 0x0000000100000000)
  eden space 363008K, 73% used [0x00000000e0000000,0x00000000f0449168,0x00000000f6280000)
  from space 73728K, 13% used [0x00000000fb280000,0x00000000fbc84780,0x00000000ffa80000)
  to   space 77824K, 0% used [0x00000000f6280000,0x00000000f6280000,0x00000000fae80000)
 ParOldGen       total 463872K, used 232560K [0x00000000a0000000, 0x00000000bc500000, 0x00000000e0000000)
  object space 463872K, 50% used [0x00000000a0000000,0x00000000ae31c010,0x00000000bc500000)
 Metaspace       used 90345K, capacity 96056K, committed 96408K, reserved 1132544K
  class space    used 11785K, capacity 12843K, committed 12952K, reserved 1048576K
GC Heap History (10 events):
Event: 20.091 GC heap before
{Heap before GC invocations=22 (full 4):
 PSYoungGen      total 418816K, used 38907K [0x00000000e0000000, 0x0000000100000000, 0x0000000100000000)
  eden space 379904K, 0% used [0x00000000e0000000,0x00000000e0000000,0x00000000f7300000)
  from space 38912K, 99% used [0x00000000fd900000,0x00000000ffefefc0,0x00000000fff00000)
  to   space 72192K, 0% used [0x00000000f7300000,0x00000000f7300000,0x00000000fb980000)
 ParOldGen       total 205824K, used 205700K [0x00000000a0000000, 0x00000000ac900000, 0x00000000e0000000)
  object space 205824K, 99% used [0x00000000a0000000,0x00000000ac8e1120,0x00000000ac900000)
 Metaspace       used 80016K, capacity 84230K, committed 84248K, reserved 1122304K
  class space    used 10671K, capacity 11536K, committed 11544K, reserved 1048576K
Event: 20.508 GC heap after
Heap after GC invocations=22 (full 4):
 PSYoungGen      total 418816K, used 0K [0x00000000e0000000, 0x0000000100000000, 0x0000000100000000)
  eden space 379904K, 0% used [0x00000000e0000000,0x00000000e0000000,0x00000000f7300000)
  from space 38912K, 0% used [0x00000000fd900000,0x00000000fd900000,0x00000000fff00000)
  to   space 72192K, 0% used [0x00000000f7300000,0x00000000f7300000,0x00000000fb980000)
 ParOldGen       total 463872K, used 195287K [0x00000000a0000000, 0x00000000bc500000, 0x00000000e0000000)
  object space 463872K, 42% used [0x00000000a0000000,0x00000000abeb5d28,0x00000000bc500000)
 Metaspace       used 79702K, capacity 83376K, committed 84248K, reserved 1122304K
  class space    used 10571K, capacity 11357K, committed 11544K, reserved 1048576K
}
Event: 21.940 GC heap before
{Heap before GC invocations=23 (full 4):
 PSYoungGen      total 418816K, used 379904K [0x00000000e0000000, 0x0000000100000000, 0x0000000100000000)
  eden space 379904K, 100% used [0x00000000e0000000,0x00000000f7300000,0x00000000f7300000)
  from space 38912K, 0% used [0x00000000fd900000,0x00000000fd900000,0x00000000fff00000)
  to   space 72192K, 0% used [0x00000000f7300000,0x00000000f7300000,0x00000000fb980000)
 ParOldGen       total 463872K, used 195287K [0x00000000a0000000, 0x00000000bc500000, 0x00000000e0000000)
  object space 463872K, 42% used [0x00000000a0000000,0x00000000abeb5d28,0x00000000bc500000)
 Metaspace       used 79843K, capacity 83538K, committed 84504K, reserved 1122304K
  class space    used 10581K, capacity 11364K, committed 11544K, reserved 1048576K
Event: 21.977 GC heap after
Heap after GC invocations=23 (full 4):
 PSYoungGen      total 452096K, used 72164K [0x00000000e0000000, 0x0000000100000000, 0x0000000100000000)
  eden space 379904K, 0% used [0x00000000e0000000,0x00000000e0000000,0x00000000f7300000)
  from space 72192K, 99% used [0x00000000f7300000,0x00000000fb979050,0x00000000fb980000)
  to   space 72192K, 0% used [0x00000000fb980000,0x00000000fb980000,0x0000000100000000)
 ParOldGen       total 463872K, used 197313K [0x00000000a0000000, 0x00000000bc500000, 0x00000000e0000000)
  object space 463872K, 42% used [0x00000000a0000000,0x00000000ac0b0720,0x00000000bc500000)
 Metaspace       used 79843K, capacity 83538K, committed 84504K, reserved 1122304K
  class space    used 10581K, capacity 11364K, committed 11544K, reserved 1048576K
}
Event: 41.839 GC heap before
{Heap before GC invocations=24 (full 4):
 PSYoungGen      total 452096K, used 452068K [0x00000000e0000000, 0x0000000100000000, 0x0000000100000000)
  eden space 379904K, 100% used [0x00000000e0000000,0x00000000f7300000,0x00000000f7300000)
  from space 72192K, 99% used [0x00000000f7300000,0x00000000fb979050,0x00000000fb980000)
  to   space 72192K, 0% used [0x00000000fb980000,0x00000000fb980000,0x0000000100000000)
 ParOldGen       total 463872K, used 197313K [0x00000000a0000000, 0x00000000bc500000, 0x00000000e0000000)
  object space 463872K, 42% used [0x00000000a0000000,0x00000000ac0b0720,0x00000000bc500000)
 Metaspace       used 86607K, capacity 90868K, committed 91160K, reserved 1128448K
  class space    used 11339K, capacity 12219K, committed 12312K, reserved 1048576K
Event: 41.868 GC heap after
Heap after GC invocations=24 (full 4):
 PSYoungGen      total 432640K, used 19932K [0x00000000e0000000, 0x0000000100000000, 0x0000000100000000)
  eden space 360448K, 0% used [0x00000000e0000000,0x00000000e0000000,0x00000000f6000000)
  from space 72192K, 27% used [0x00000000fb980000,0x00000000fccf71b0,0x0000000100000000)
  to   space 81920K, 0% used [0x00000000f6000000,0x00000000f6000000,0x00000000fb000000)
 ParOldGen       total 463872K, used 232544K [0x00000000a0000000, 0x00000000bc500000, 0x00000000e0000000)
  object space 463872K, 50% used [0x00000000a0000000,0x00000000ae318010,0x00000000bc500000)
 Metaspace       used 86607K, capacity 90868K, committed 91160K, reserved 1128448K
  class space    used 11339K, capacity 12219K, committed 12312K, reserved 1048576K
}
Event: 90.365 GC heap before
{Heap before GC invocations=25 (full 4):
 PSYoungGen      total 432640K, used 380380K [0x00000000e0000000, 0x0000000100000000, 0x0000000100000000)
  eden space 360448K, 100% used [0x00000000e0000000,0x00000000f6000000,0x00000000f6000000)
  from space 72192K, 27% used [0x00000000fb980000,0x00000000fccf71b0,0x0000000100000000)
  to   space 81920K, 0% used [0x00000000f6000000,0x00000000f6000000,0x00000000fb000000)
 ParOldGen       total 463872K, used 232544K [0x00000000a0000000, 0x00000000bc500000, 0x00000000e0000000)
  object space 463872K, 50% used [0x00000000a0000000,0x00000000ae318010,0x00000000bc500000)
 Metaspace       used 87527K, capacity 92412K, committed 92568K, reserved 1130496K
  class space    used 11437K, capacity 12391K, committed 12440K, reserved 1048576K
Event: 90.378 GC heap after
Heap after GC invocations=25 (full 4):
 PSYoungGen      total 442368K, used 14359K [0x00000000e0000000, 0x0000000100000000, 0x0000000100000000)
  eden space 360448K, 0% used [0x00000000e0000000,0x00000000e0000000,0x00000000f6000000)
  from space 81920K, 17% used [0x00000000f6000000,0x00000000f6e05ed0,0x00000000fb000000)
  to   space 79360K, 0% used [0x00000000fb280000,0x00000000fb280000,0x0000000100000000)
 ParOldGen       total 463872K, used 232552K [0x00000000a0000000, 0x00000000bc500000, 0x00000000e0000000)
  object space 463872K, 50% used [0x00000000a0000000,0x00000000ae31a010,0x00000000bc500000)
 Metaspace       used 87527K, capacity 92412K, committed 92568K, reserved 1130496K
  class space    used 11437K, capacity 12391K, committed 12440K, reserved 1048576K
}
Event: 824.369 GC heap before
{Heap before GC invocations=26 (full 4):
 PSYoungGen      total 442368K, used 374807K [0x00000000e0000000, 0x0000000100000000, 0x0000000100000000)
  eden space 360448K, 100% used [0x00000000e0000000,0x00000000f6000000,0x00000000f6000000)
  from space 81920K, 17% used [0x00000000f6000000,0x00000000f6e05ed0,0x00000000fb000000)
  to   space 79360K, 0% used [0x00000000fb280000,0x00000000fb280000,0x0000000100000000)
 ParOldGen       total 463872K, used 232552K [0x00000000a0000000, 0x00000000bc500000, 0x00000000e0000000)
  object space 463872K, 50% used [0x00000000a0000000,0x00000000ae31a010,0x00000000bc500000)
 Metaspace       used 88184K, capacity 93382K, committed 93464K, reserved 1130496K
  class space    used 11488K, capacity 12514K, committed 12568K, reserved 1048576K
Event: 824.378 GC heap after
Heap after GC invocations=26 (full 4):
 PSYoungGen      total 436736K, used 10257K [0x00000000e0000000, 0x00000000ffa80000, 0x0000000100000000)
  eden space 363008K, 0% used [0x00000000e0000000,0x00000000e0000000,0x00000000f6280000)
  from space 73728K, 13% used [0x00000000fb280000,0x00000000fbc84780,0x00000000ffa80000)
  to   space 77824K, 0% used [0x00000000f6280000,0x00000000f6280000,0x00000000fae80000)
 ParOldGen       total 463872K, used 232560K [0x00000000a0000000, 0x00000000bc500000, 0x00000000e0000000)
  object space 463872K, 50% used [0x00000000a0000000,0x00000000ae31c010,0x00000000bc500000)
 Metaspace       used 88184K, capacity 93382K, committed 93464K, reserved 1130496K
  class space    used 11488K, capacity 12514K, committed 12568K, reserved 1048576K
}

