# JRE version: OpenJDK Runtime Environment (8.0_202-b03) (build 1.8.0_202-release-1483-b03)
# Java VM: OpenJDK 64-Bit Server VM (25.202-b03 mixed mode windows-amd64 compressed oops)
Heap:
 PSYoungGen      total 144384K, used 55209K [0x00000000e0000000, 0x00000000ea900000, 0x0000000100000000)
  eden space 130048K, 31% used [0x00000000e0000000,0x00000000e27ebcd0,0x00000000e7f00000)
  from space 14336K, 99% used [0x00000000e9100000,0x00000000e9efe7c8,0x00000000e9f00000)
  to   space 18432K, 0% used [0x00000000e7f00000,0x00000000e7f00000,0x00000000e9100000)
 ParOldGen       total 178176K, used 23955K [0x00000000a0000000, 0x00000000aae00000, 0x00000000e0000000)
  object space 178176K, 13% used [0x00000000a0000000,0x00000000a1764ee0,0x00000000aae00000)
 Metaspace       used 52078K, capacity 53378K, committed 53720K, reserved 1095680K
  class space    used 6942K, capacity 7278K, committed 7384K, reserved 1048576K
GC Heap History (10 events):
Event: 9.287 GC heap before
{Heap before GC invocations=6 (full 1):
 PSYoungGen      total 75776K, used 72809K [0x00000000e0000000, 0x00000000e7500000, 0x0000000100000000)
  eden space 65024K, 100% used [0x00000000e0000000,0x00000000e3f80000,0x00000000e3f80000)
  from space 10752K, 72% used [0x00000000e4a00000,0x00000000e519a750,0x00000000e5480000)
  to   space 10752K, 0% used [0x00000000e3f80000,0x00000000e3f80000,0x00000000e4a00000)
 ParOldGen       total 111104K, used 11376K [0x00000000a0000000, 0x00000000a6c80000, 0x00000000e0000000)
  object space 111104K, 10% used [0x00000000a0000000,0x00000000a0b1c388,0x00000000a6c80000)
 Metaspace       used 31663K, capacity 32248K, committed 32768K, reserved 1077248K
  class space    used 4347K, capacity 4503K, committed 4608K, reserved 1048576K
Event: 9.293 GC heap after
Heap after GC invocations=6 (full 1):
 PSYoungGen      total 75776K, used 8747K [0x00000000e0000000, 0x00000000e7a80000, 0x0000000100000000)
  eden space 65024K, 0% used [0x00000000e0000000,0x00000000e0000000,0x00000000e3f80000)
  from space 10752K, 81% used [0x00000000e3f80000,0x00000000e480afd0,0x00000000e4a00000)
  to   space 12288K, 0% used [0x00000000e6e80000,0x00000000e6e80000,0x00000000e7a80000)
 ParOldGen       total 111104K, used 11384K [0x00000000a0000000, 0x00000000a6c80000, 0x00000000e0000000)
  object space 111104K, 10% used [0x00000000a0000000,0x00000000a0b1e388,0x00000000a6c80000)
 Metaspace       used 31663K, capacity 32248K, committed 32768K, reserved 1077248K
  class space    used 4347K, capacity 4503K, committed 4608K, reserved 1048576K
}
Event: 9.653 GC heap before
{Heap before GC invocations=7 (full 1):
 PSYoungGen      total 75776K, used 44414K [0x00000000e0000000, 0x00000000e7a80000, 0x0000000100000000)
  eden space 65024K, 54% used [0x00000000e0000000,0x00000000e22d4918,0x00000000e3f80000)
  from space 10752K, 81% used [0x00000000e3f80000,0x00000000e480afd0,0x00000000e4a00000)
  to   space 12288K, 0% used [0x00000000e6e80000,0x00000000e6e80000,0x00000000e7a80000)
 ParOldGen       total 111104K, used 11384K [0x00000000a0000000, 0x00000000a6c80000, 0x00000000e0000000)
  object space 111104K, 10% used [0x00000000a0000000,0x00000000a0b1e388,0x00000000a6c80000)
 Metaspace       used 34548K, capacity 35138K, committed 35416K, reserved 1079296K
  class space    used 4714K, capacity 4882K, committed 4952K, reserved 1048576K
Event: 9.662 GC heap after
Heap after GC invocations=7 (full 1):
 PSYoungGen      total 113152K, used 9587K [0x00000000e0000000, 0x00000000e8100000, 0x0000000100000000)
  eden space 100864K, 0% used [0x00000000e0000000,0x00000000e0000000,0x00000000e6280000)
  from space 12288K, 78% used [0x00000000e6e80000,0x00000000e77dcf60,0x00000000e7a80000)
  to   space 12288K, 0% used [0x00000000e6280000,0x00000000e6280000,0x00000000e6e80000)
 ParOldGen       total 111104K, used 11392K [0x00000000a0000000, 0x00000000a6c80000, 0x00000000e0000000)
  object space 111104K, 10% used [0x00000000a0000000,0x00000000a0b20388,0x00000000a6c80000)
 Metaspace       used 34548K, capacity 35138K, committed 35416K, reserved 1079296K
  class space    used 4714K, capacity 4882K, committed 4952K, reserved 1048576K
}
Event: 9.662 GC heap before
{Heap before GC invocations=8 (full 2):
 PSYoungGen      total 113152K, used 9587K [0x00000000e0000000, 0x00000000e8100000, 0x0000000100000000)
  eden space 100864K, 0% used [0x00000000e0000000,0x00000000e0000000,0x00000000e6280000)
  from space 12288K, 78% used [0x00000000e6e80000,0x00000000e77dcf60,0x00000000e7a80000)
  to   space 12288K, 0% used [0x00000000e6280000,0x00000000e6280000,0x00000000e6e80000)
 ParOldGen       total 111104K, used 11392K [0x00000000a0000000, 0x00000000a6c80000, 0x00000000e0000000)
  object space 111104K, 10% used [0x00000000a0000000,0x00000000a0b20388,0x00000000a6c80000)
 Metaspace       used 34548K, capacity 35138K, committed 35416K, reserved 1079296K
  class space    used 4714K, capacity 4882K, committed 4952K, reserved 1048576K
Event: 9.728 GC heap after
Heap after GC invocations=8 (full 2):
 PSYoungGen      total 113152K, used 0K [0x00000000e0000000, 0x00000000e8100000, 0x0000000100000000)
  eden space 100864K, 0% used [0x00000000e0000000,0x00000000e0000000,0x00000000e6280000)
  from space 12288K, 0% used [0x00000000e6e80000,0x00000000e6e80000,0x00000000e7a80000)
  to   space 12288K, 0% used [0x00000000e6280000,0x00000000e6280000,0x00000000e6e80000)
 ParOldGen       total 178176K, used 16449K [0x00000000a0000000, 0x00000000aae00000, 0x00000000e0000000)
  object space 178176K, 9% used [0x00000000a0000000,0x00000000a1010478,0x00000000aae00000)
 Metaspace       used 34548K, capacity 35138K, committed 35416K, reserved 1079296K
  class space    used 4714K, capacity 4882K, committed 4952K, reserved 1048576K
}
Event: 11.562 GC heap before
{Heap before GC invocations=9 (full 2):
 PSYoungGen      total 113152K, used 100864K [0x00000000e0000000, 0x00000000e8100000, 0x0000000100000000)
  eden space 100864K, 100% used [0x00000000e0000000,0x00000000e6280000,0x00000000e6280000)
  from space 12288K, 0% used [0x00000000e6e80000,0x00000000e6e80000,0x00000000e7a80000)
  to   space 12288K, 0% used [0x00000000e6280000,0x00000000e6280000,0x00000000e6e80000)
 ParOldGen       total 178176K, used 16449K [0x00000000a0000000, 0x00000000aae00000, 0x00000000e0000000)
  object space 178176K, 9% used [0x00000000a0000000,0x00000000a1010478,0x00000000aae00000)
 Metaspace       used 44188K, capacity 45172K, committed 45400K, reserved 1089536K
  class space    used 5941K, capacity 6232K, committed 6232K, reserved 1048576K
Event: 11.570 GC heap after
Heap after GC invocations=9 (full 2):
 PSYoungGen      total 113152K, used 12274K [0x00000000e0000000, 0x00000000e9f00000, 0x0000000100000000)
  eden space 100864K, 0% used [0x00000000e0000000,0x00000000e0000000,0x00000000e6280000)
  from space 12288K, 99% used [0x00000000e6280000,0x00000000e6e7cb98,0x00000000e6e80000)
  to   space 14336K, 0% used [0x00000000e9100000,0x00000000e9100000,0x00000000e9f00000)
 ParOldGen       total 178176K, used 18002K [0x00000000a0000000, 0x00000000aae00000, 0x00000000e0000000)
  object space 178176K, 10% used [0x00000000a0000000,0x00000000a1194b80,0x00000000aae00000)
 Metaspace       used 44188K, capacity 45172K, committed 45400K, reserved 1089536K
  class space    used 5941K, capacity 6232K, committed 6232K, reserved 1048576K
}
Event: 12.437 GC heap before
{Heap before GC invocations=10 (full 2):
 PSYoungGen      total 113152K, used 113138K [0x00000000e0000000, 0x00000000e9f00000, 0x0000000100000000)
  eden space 100864K, 100% used [0x00000000e0000000,0x00000000e6280000,0x00000000e6280000)
  from space 12288K, 99% used [0x00000000e6280000,0x00000000e6e7cb98,0x00000000e6e80000)
  to   space 14336K, 0% used [0x00000000e9100000,0x00000000e9100000,0x00000000e9f00000)
 ParOldGen       total 178176K, used 18002K [0x00000000a0000000, 0x00000000aae00000, 0x00000000e0000000)
  object space 178176K, 10% used [0x00000000a0000000,0x00000000a1194b80,0x00000000aae00000)
 Metaspace       used 50702K, capacity 51898K, committed 52184K, reserved 1093632K
  class space    used 6760K, capacity 7082K, committed 7128K, reserved 1048576K
Event: 12.450 GC heap after
Heap after GC invocations=10 (full 2):
 PSYoungGen      total 144384K, used 14329K [0x00000000e0000000, 0x00000000ea900000, 0x0000000100000000)
  eden space 130048K, 0% used [0x00000000e0000000,0x00000000e0000000,0x00000000e7f00000)
  from space 14336K, 99% used [0x00000000e9100000,0x00000000e9efe7c8,0x00000000e9f00000)
  to   space 18432K, 0% used [0x00000000e7f00000,0x00000000e7f00000,0x00000000e9100000)
 ParOldGen       total 178176K, used 23955K [0x00000000a0000000, 0x00000000aae00000, 0x00000000e0000000)
  object space 178176K, 13% used [0x00000000a0000000,0x00000000a1764ee0,0x00000000aae00000)
 Metaspace       used 50702K, capacity 51898K, committed 52184K, reserved 1093632K
  class space    used 6760K, capacity 7082K, committed 7128K, reserved 1048576K
}

