# JRE version: OpenJDK Runtime Environment (8.0_202-b03) (build 1.8.0_202-release-1483-b03)
# Java VM: OpenJDK 64-Bit Server VM (25.202-b03 mixed mode windows-amd64 compressed oops)
Heap:
 PSYoungGen      total 142336K, used 103404K [0x00000000e0000000, 0x00000000ec080000, 0x0000000100000000)
  eden space 124928K, 82% used [0x00000000e0000000,0x00000000e64fb200,0x00000000e7a00000)
  from space 17408K, 0% used [0x00000000e7a00000,0x00000000e7a00000,0x00000000e8b00000)
  to   space 20480K, 0% used [0x00000000eac80000,0x00000000eac80000,0x00000000ec080000)
 ParOldGen       total 282624K, used 35661K [0x00000000a0000000, 0x00000000b1400000, 0x00000000e0000000)
  object space 282624K, 12% used [0x00000000a0000000,0x00000000a22d37f0,0x00000000b1400000)
 Metaspace       used 62045K, capacity 64414K, committed 64512K, reserved 1105920K
  class space    used 8405K, capacity 8917K, committed 8960K, reserved 1048576K
GC Heap History (10 events):
Event: 3.719 GC heap before
{Heap before GC invocations=8 (full 2):
 PSYoungGen      total 110080K, used 11340K [0x00000000e0000000, 0x00000000e7a80000, 0x0000000100000000)
  eden space 96768K, 0% used [0x00000000e0000000,0x00000000e0000000,0x00000000e5e80000)
  from space 13312K, 85% used [0x00000000e6c00000,0x00000000e7713318,0x00000000e7900000)
  to   space 13824K, 0% used [0x00000000e5e80000,0x00000000e5e80000,0x00000000e6c00000)
 ParOldGen       total 114176K, used 12219K [0x00000000a0000000, 0x00000000a6f80000, 0x00000000e0000000)
  object space 114176K, 10% used [0x00000000a0000000,0x00000000a0beedb8,0x00000000a6f80000)
 Metaspace       used 34570K, capacity 35402K, committed 35456K, reserved 1079296K
  class space    used 4751K, capacity 4960K, committed 4992K, reserved 1048576K
Event: 3.773 GC heap after
Heap after GC invocations=8 (full 2):
 PSYoungGen      total 110080K, used 0K [0x00000000e0000000, 0x00000000e7a80000, 0x0000000100000000)
  eden space 96768K, 0% used [0x00000000e0000000,0x00000000e0000000,0x00000000e5e80000)
  from space 13312K, 0% used [0x00000000e6c00000,0x00000000e6c00000,0x00000000e7900000)
  to   space 13824K, 0% used [0x00000000e5e80000,0x00000000e5e80000,0x00000000e6c00000)
 ParOldGen       total 189440K, used 18431K [0x00000000a0000000, 0x00000000ab900000, 0x00000000e0000000)
  object space 189440K, 9% used [0x00000000a0000000,0x00000000a11ffc20,0x00000000ab900000)
 Metaspace       used 34550K, capacity 35336K, committed 35456K, reserved 1079296K
  class space    used 4745K, capacity 4949K, committed 4992K, reserved 1048576K
}
Event: 4.457 GC heap before
{Heap before GC invocations=9 (full 2):
 PSYoungGen      total 110080K, used 96768K [0x00000000e0000000, 0x00000000e7a80000, 0x0000000100000000)
  eden space 96768K, 100% used [0x00000000e0000000,0x00000000e5e80000,0x00000000e5e80000)
  from space 13312K, 0% used [0x00000000e6c00000,0x00000000e6c00000,0x00000000e7900000)
  to   space 13824K, 0% used [0x00000000e5e80000,0x00000000e5e80000,0x00000000e6c00000)
 ParOldGen       total 189440K, used 18431K [0x00000000a0000000, 0x00000000ab900000, 0x00000000e0000000)
  object space 189440K, 9% used [0x00000000a0000000,0x00000000a11ffc20,0x00000000ab900000)
 Metaspace       used 44471K, capacity 45474K, committed 45696K, reserved 1089536K
  class space    used 5985K, capacity 6259K, committed 6272K, reserved 1048576K
Event: 4.465 GC heap after
Heap after GC invocations=9 (full 2):
 PSYoungGen      total 110592K, used 13559K [0x00000000e0000000, 0x00000000e9a00000, 0x0000000100000000)
  eden space 96768K, 0% used [0x00000000e0000000,0x00000000e0000000,0x00000000e5e80000)
  from space 13824K, 98% used [0x00000000e5e80000,0x00000000e6bbdc80,0x00000000e6c00000)
  to   space 15360K, 0% used [0x00000000e8b00000,0x00000000e8b00000,0x00000000e9a00000)
 ParOldGen       total 189440K, used 18439K [0x00000000a0000000, 0x00000000ab900000, 0x00000000e0000000)
  object space 189440K, 9% used [0x00000000a0000000,0x00000000a1201c20,0x00000000ab900000)
 Metaspace       used 44471K, capacity 45474K, committed 45696K, reserved 1089536K
  class space    used 5985K, capacity 6259K, committed 6272K, reserved 1048576K
}
Event: 5.070 GC heap before
{Heap before GC invocations=10 (full 2):
 PSYoungGen      total 110592K, used 110327K [0x00000000e0000000, 0x00000000e9a00000, 0x0000000100000000)
  eden space 96768K, 100% used [0x00000000e0000000,0x00000000e5e80000,0x00000000e5e80000)
  from space 13824K, 98% used [0x00000000e5e80000,0x00000000e6bbdc80,0x00000000e6c00000)
  to   space 15360K, 0% used [0x00000000e8b00000,0x00000000e8b00000,0x00000000e9a00000)
 ParOldGen       total 189440K, used 18439K [0x00000000a0000000, 0x00000000ab900000, 0x00000000e0000000)
  object space 189440K, 9% used [0x00000000a0000000,0x00000000a1201c20,0x00000000ab900000)
 Metaspace       used 50704K, capacity 52096K, committed 52352K, reserved 1093632K
  class space    used 6803K, capacity 7176K, committed 7296K, reserved 1048576K
Event: 5.081 GC heap after
Heap after GC invocations=10 (full 2):
 PSYoungGen      total 140288K, used 15329K [0x00000000e0000000, 0x00000000ea180000, 0x0000000100000000)
  eden space 124928K, 0% used [0x00000000e0000000,0x00000000e0000000,0x00000000e7a00000)
  from space 15360K, 99% used [0x00000000e8b00000,0x00000000e99f84f8,0x00000000e9a00000)
  to   space 17408K, 0% used [0x00000000e7a00000,0x00000000e7a00000,0x00000000e8b00000)
 ParOldGen       total 189440K, used 19623K [0x00000000a0000000, 0x00000000ab900000, 0x00000000e0000000)
  object space 189440K, 10% used [0x00000000a0000000,0x00000000a1329d10,0x00000000ab900000)
 Metaspace       used 50704K, capacity 52096K, committed 52352K, reserved 1093632K
  class space    used 6803K, capacity 7176K, committed 7296K, reserved 1048576K
}
Event: 5.688 GC heap before
{Heap before GC invocations=11 (full 2):
 PSYoungGen      total 140288K, used 94534K [0x00000000e0000000, 0x00000000ea180000, 0x0000000100000000)
  eden space 124928K, 63% used [0x00000000e0000000,0x00000000e4d59378,0x00000000e7a00000)
  from space 15360K, 99% used [0x00000000e8b00000,0x00000000e99f84f8,0x00000000e9a00000)
  to   space 17408K, 0% used [0x00000000e7a00000,0x00000000e7a00000,0x00000000e8b00000)
 ParOldGen       total 189440K, used 19623K [0x00000000a0000000, 0x00000000ab900000, 0x00000000e0000000)
  object space 189440K, 10% used [0x00000000a0000000,0x00000000a1329d10,0x00000000ab900000)
 Metaspace       used 57429K, capacity 59052K, committed 59096K, reserved 1099776K
  class space    used 7756K, capacity 8166K, committed 8192K, reserved 1048576K
Event: 5.705 GC heap after
Heap after GC invocations=11 (full 2):
 PSYoungGen      total 142336K, used 17391K [0x00000000e0000000, 0x00000000ec080000, 0x0000000100000000)
  eden space 124928K, 0% used [0x00000000e0000000,0x00000000e0000000,0x00000000e7a00000)
  from space 17408K, 99% used [0x00000000e7a00000,0x00000000e8afbdd0,0x00000000e8b00000)
  to   space 20480K, 0% used [0x00000000eac80000,0x00000000eac80000,0x00000000ec080000)
 ParOldGen       total 189440K, used 22479K [0x00000000a0000000, 0x00000000ab900000, 0x00000000e0000000)
  object space 189440K, 11% used [0x00000000a0000000,0x00000000a15f3dd8,0x00000000ab900000)
 Metaspace       used 57429K, capacity 59052K, committed 59096K, reserved 1099776K
  class space    used 7756K, capacity 8166K, committed 8192K, reserved 1048576K
}
Event: 5.705 GC heap before
{Heap before GC invocations=12 (full 3):
 PSYoungGen      total 142336K, used 17391K [0x00000000e0000000, 0x00000000ec080000, 0x0000000100000000)
  eden space 124928K, 0% used [0x00000000e0000000,0x00000000e0000000,0x00000000e7a00000)
  from space 17408K, 99% used [0x00000000e7a00000,0x00000000e8afbdd0,0x00000000e8b00000)
  to   space 20480K, 0% used [0x00000000eac80000,0x00000000eac80000,0x00000000ec080000)
 ParOldGen       total 189440K, used 22479K [0x00000000a0000000, 0x00000000ab900000, 0x00000000e0000000)
  object space 189440K, 11% used [0x00000000a0000000,0x00000000a15f3dd8,0x00000000ab900000)
 Metaspace       used 57429K, capacity 59052K, committed 59096K, reserved 1099776K
  class space    used 7756K, capacity 8166K, committed 8192K, reserved 1048576K
Event: 5.883 GC heap after
Heap after GC invocations=12 (full 3):
 PSYoungGen      total 142336K, used 0K [0x00000000e0000000, 0x00000000ec080000, 0x0000000100000000)
  eden space 124928K, 0% used [0x00000000e0000000,0x00000000e0000000,0x00000000e7a00000)
  from space 17408K, 0% used [0x00000000e7a00000,0x00000000e7a00000,0x00000000e8b00000)
  to   space 20480K, 0% used [0x00000000eac80000,0x00000000eac80000,0x00000000ec080000)
 ParOldGen       total 282624K, used 35661K [0x00000000a0000000, 0x00000000b1400000, 0x00000000e0000000)
  object space 282624K, 12% used [0x00000000a0000000,0x00000000a22d37f0,0x00000000b1400000)
 Metaspace       used 57429K, capacity 59052K, committed 59096K, reserved 1099776K
  class space    used 7756K, capacity 8166K, committed 8192K, reserved 1048576K
}

