# JRE version: OpenJDK Runtime Environment (8.0_202-b03) (build 1.8.0_202-release-1483-b03)
# Java VM: OpenJDK 64-Bit Server VM (25.202-b03 mixed mode windows-amd64 compressed oops)
Heap:
 PSYoungGen      total 197120K, used 43912K [0x00000000e0000000, 0x00000000f0780000, 0x0000000100000000)
  eden space 165376K, 7% used [0x00000000e0000000,0x00000000e0be9fe8,0x00000000ea180000)
  from space 31744K, 99% used [0x00000000ea180000,0x00000000ec078030,0x00000000ec080000)
  to   space 37888K, 0% used [0x00000000ee280000,0x00000000ee280000,0x00000000f0780000)
 ParOldGen       total 272384K, used 58794K [0x00000000a0000000, 0x00000000b0a00000, 0x00000000e0000000)
  object space 272384K, 21% used [0x00000000a0000000,0x00000000a396aaf8,0x00000000b0a00000)
 Metaspace       used 75391K, capacity 78800K, committed 79064K, reserved 1118208K
  class space    used 9945K, capacity 10690K, committed 10712K, reserved 1048576K
GC Heap History (10 events):
Event: 9.698 GC heap before
{Heap before GC invocations=12 (full 3):
 PSYoungGen      total 150528K, used 18919K [0x00000000e0000000, 0x00000000eca00000, 0x0000000100000000)
  eden space 131584K, 0% used [0x00000000e0000000,0x00000000e0000000,0x00000000e8080000)
  from space 18944K, 99% used [0x00000000e8080000,0x00000000e92f9ec0,0x00000000e9300000)
  to   space 24576K, 0% used [0x00000000eb200000,0x00000000eb200000,0x00000000eca00000)
 ParOldGen       total 173568K, used 33013K [0x00000000a0000000, 0x00000000aa980000, 0x00000000e0000000)
  object space 173568K, 19% used [0x00000000a0000000,0x00000000a203d648,0x00000000aa980000)
 Metaspace       used 57319K, capacity 58922K, committed 59028K, reserved 1099776K
  class space    used 7697K, capacity 8085K, committed 8152K, reserved 1048576K
Event: 9.882 GC heap after
Heap after GC invocations=12 (full 3):
 PSYoungGen      total 150528K, used 0K [0x00000000e0000000, 0x00000000eca00000, 0x0000000100000000)
  eden space 131584K, 0% used [0x00000000e0000000,0x00000000e0000000,0x00000000e8080000)
  from space 18944K, 0% used [0x00000000e8080000,0x00000000e8080000,0x00000000e9300000)
  to   space 24576K, 0% used [0x00000000eb200000,0x00000000eb200000,0x00000000eca00000)
 ParOldGen       total 272384K, used 40845K [0x00000000a0000000, 0x00000000b0a00000, 0x00000000e0000000)
  object space 272384K, 14% used [0x00000000a0000000,0x00000000a27e3768,0x00000000b0a00000)
 Metaspace       used 57289K, capacity 58820K, committed 59028K, reserved 1099776K
  class space    used 7688K, capacity 8068K, committed 8152K, reserved 1048576K
}
Event: 20.793 GC heap before
{Heap before GC invocations=13 (full 3):
 PSYoungGen      total 150528K, used 131584K [0x00000000e0000000, 0x00000000eca00000, 0x0000000100000000)
  eden space 131584K, 100% used [0x00000000e0000000,0x00000000e8080000,0x00000000e8080000)
  from space 18944K, 0% used [0x00000000e8080000,0x00000000e8080000,0x00000000e9300000)
  to   space 24576K, 0% used [0x00000000eb200000,0x00000000eb200000,0x00000000eca00000)
 ParOldGen       total 272384K, used 40845K [0x00000000a0000000, 0x00000000b0a00000, 0x00000000e0000000)
  object space 272384K, 14% used [0x00000000a0000000,0x00000000a27e3768,0x00000000b0a00000)
 Metaspace       used 64496K, capacity 66640K, committed 66776K, reserved 1107968K
  class space    used 8628K, capacity 9176K, committed 9176K, reserved 1048576K
Event: 20.803 GC heap after
Heap after GC invocations=13 (full 3):
 PSYoungGen      total 166400K, used 16690K [0x00000000e0000000, 0x00000000ec280000, 0x0000000100000000)
  eden space 149504K, 0% used [0x00000000e0000000,0x00000000e0000000,0x00000000e9200000)
  from space 16896K, 98% used [0x00000000eb200000,0x00000000ec24ca00,0x00000000ec280000)
  to   space 24576K, 0% used [0x00000000e9280000,0x00000000e9280000,0x00000000eaa80000)
 ParOldGen       total 272384K, used 40853K [0x00000000a0000000, 0x00000000b0a00000, 0x00000000e0000000)
  object space 272384K, 14% used [0x00000000a0000000,0x00000000a27e5768,0x00000000b0a00000)
 Metaspace       used 64496K, capacity 66640K, committed 66776K, reserved 1107968K
  class space    used 8628K, capacity 9176K, committed 9176K, reserved 1048576K
}
Event: 22.644 GC heap before
{Heap before GC invocations=14 (full 3):
 PSYoungGen      total 166400K, used 166194K [0x00000000e0000000, 0x00000000ec280000, 0x0000000100000000)
  eden space 149504K, 100% used [0x00000000e0000000,0x00000000e9200000,0x00000000e9200000)
  from space 16896K, 98% used [0x00000000eb200000,0x00000000ec24ca00,0x00000000ec280000)
  to   space 24576K, 0% used [0x00000000e9280000,0x00000000e9280000,0x00000000eaa80000)
 ParOldGen       total 272384K, used 40853K [0x00000000a0000000, 0x00000000b0a00000, 0x00000000e0000000)
  object space 272384K, 14% used [0x00000000a0000000,0x00000000a27e5768,0x00000000b0a00000)
 Metaspace       used 66681K, capacity 69448K, committed 69592K, reserved 1110016K
  class space    used 8912K, capacity 9574K, committed 9688K, reserved 1048576K
Event: 22.657 GC heap after
Heap after GC invocations=14 (full 3):
 PSYoungGen      total 174592K, used 24563K [0x00000000e0000000, 0x00000000edc00000, 0x0000000100000000)
  eden space 150016K, 0% used [0x00000000e0000000,0x00000000e0000000,0x00000000e9280000)
  from space 24576K, 99% used [0x00000000e9280000,0x00000000eaa7cdb0,0x00000000eaa80000)
  to   space 28160K, 0% used [0x00000000ec080000,0x00000000ec080000,0x00000000edc00000)
 ParOldGen       total 272384K, used 42168K [0x00000000a0000000, 0x00000000b0a00000, 0x00000000e0000000)
  object space 272384K, 15% used [0x00000000a0000000,0x00000000a292e0e0,0x00000000b0a00000)
 Metaspace       used 66681K, capacity 69448K, committed 69592K, reserved 1110016K
  class space    used 8912K, capacity 9574K, committed 9688K, reserved 1048576K
}
Event: 35.472 GC heap before
{Heap before GC invocations=15 (full 3):
 PSYoungGen      total 174592K, used 174579K [0x00000000e0000000, 0x00000000edc00000, 0x0000000100000000)
  eden space 150016K, 100% used [0x00000000e0000000,0x00000000e9280000,0x00000000e9280000)
  from space 24576K, 99% used [0x00000000e9280000,0x00000000eaa7cdb0,0x00000000eaa80000)
  to   space 28160K, 0% used [0x00000000ec080000,0x00000000ec080000,0x00000000edc00000)
 ParOldGen       total 272384K, used 42168K [0x00000000a0000000, 0x00000000b0a00000, 0x00000000e0000000)
  object space 272384K, 15% used [0x00000000a0000000,0x00000000a292e0e0,0x00000000b0a00000)
 Metaspace       used 71945K, capacity 75124K, committed 75224K, reserved 1114112K
  class space    used 9415K, capacity 10124K, committed 10200K, reserved 1048576K
Event: 35.503 GC heap after
Heap after GC invocations=15 (full 3):
 PSYoungGen      total 193536K, used 27356K [0x00000000e0000000, 0x00000000ee080000, 0x0000000100000000)
  eden space 165376K, 0% used [0x00000000e0000000,0x00000000e0000000,0x00000000ea180000)
  from space 28160K, 97% used [0x00000000ec080000,0x00000000edb373a0,0x00000000edc00000)
  to   space 31744K, 0% used [0x00000000ea180000,0x00000000ea180000,0x00000000ec080000)
 ParOldGen       total 272384K, used 52957K [0x00000000a0000000, 0x00000000b0a00000, 0x00000000e0000000)
  object space 272384K, 19% used [0x00000000a0000000,0x00000000a33b7470,0x00000000b0a00000)
 Metaspace       used 71945K, capacity 75124K, committed 75224K, reserved 1114112K
  class space    used 9415K, capacity 10124K, committed 10200K, reserved 1048576K
}
Event: 36.441 GC heap before
{Heap before GC invocations=16 (full 3):
 PSYoungGen      total 193536K, used 192732K [0x00000000e0000000, 0x00000000ee080000, 0x0000000100000000)
  eden space 165376K, 100% used [0x00000000e0000000,0x00000000ea180000,0x00000000ea180000)
  from space 28160K, 97% used [0x00000000ec080000,0x00000000edb373a0,0x00000000edc00000)
  to   space 31744K, 0% used [0x00000000ea180000,0x00000000ea180000,0x00000000ec080000)
 ParOldGen       total 272384K, used 52957K [0x00000000a0000000, 0x00000000b0a00000, 0x00000000e0000000)
  object space 272384K, 19% used [0x00000000a0000000,0x00000000a33b7470,0x00000000b0a00000)
 Metaspace       used 75360K, capacity 78794K, committed 79064K, reserved 1118208K
  class space    used 9944K, capacity 10689K, committed 10712K, reserved 1048576K
Event: 36.469 GC heap after
Heap after GC invocations=16 (full 3):
 PSYoungGen      total 197120K, used 31712K [0x00000000e0000000, 0x00000000f0780000, 0x0000000100000000)
  eden space 165376K, 0% used [0x00000000e0000000,0x00000000e0000000,0x00000000ea180000)
  from space 31744K, 99% used [0x00000000ea180000,0x00000000ec078030,0x00000000ec080000)
  to   space 37888K, 0% used [0x00000000ee280000,0x00000000ee280000,0x00000000f0780000)
 ParOldGen       total 272384K, used 58794K [0x00000000a0000000, 0x00000000b0a00000, 0x00000000e0000000)
  object space 272384K, 21% used [0x00000000a0000000,0x00000000a396aaf8,0x00000000b0a00000)
 Metaspace       used 75360K, capacity 78794K, committed 79064K, reserved 1118208K
  class space    used 9944K, capacity 10689K, committed 10712K, reserved 1048576K
}

