# JRE version: OpenJDK Runtime Environment (8.0_202-b03) (build 1.8.0_202-release-1483-b03)
# Java VM: OpenJDK 64-Bit Server VM (25.202-b03 mixed mode windows-amd64 compressed oops)
Heap:
 PSYoungGen      total 111616K, used 43784K [0x00000000e0000000, 0x00000000e9a00000, 0x0000000100000000)
  eden space 98304K, 31% used [0x00000000e0000000,0x00000000e1dc6168,0x00000000e6000000)
  from space 13312K, 99% used [0x00000000e6000000,0x00000000e6cfbfd8,0x00000000e6d00000)
  to   space 14848K, 0% used [0x00000000e8b80000,0x00000000e8b80000,0x00000000e9a00000)
 ParOldGen       total 188928K, used 18175K [0x00000000a0000000, 0x00000000ab880000, 0x00000000e0000000)
  object space 188928K, 9% used [0x00000000a0000000,0x00000000a11bfd00,0x00000000ab880000)
 Metaspace       used 46177K, capacity 47412K, committed 47656K, reserved 1089536K
  class space    used 6250K, capacity 6615K, committed 6696K, reserved 1048576K
GC Heap History (10 events):
Event: 3.676 GC heap before
{Heap before GC invocations=5 (full 1):
 PSYoungGen      total 76288K, used 65536K [0x00000000e0000000, 0x00000000e5500000, 0x0000000100000000)
  eden space 65536K, 100% used [0x00000000e0000000,0x00000000e4000000,0x00000000e4000000)
  from space 10752K, 0% used [0x00000000e4000000,0x00000000e4000000,0x00000000e4a80000)
  to   space 10752K, 0% used [0x00000000e4a80000,0x00000000e4a80000,0x00000000e5500000)
 ParOldGen       total 114688K, used 11931K [0x00000000a0000000, 0x00000000a7000000, 0x00000000e0000000)
  object space 114688K, 10% used [0x00000000a0000000,0x00000000a0ba6fb8,0x00000000a7000000)
 Metaspace       used 29028K, capacity 29646K, committed 30080K, reserved 1075200K
  class space    used 3929K, capacity 4132K, committed 4224K, reserved 1048576K
Event: 3.680 GC heap after
Heap after GC invocations=5 (full 1):
 PSYoungGen      total 76288K, used 7930K [0x00000000e0000000, 0x00000000e7280000, 0x0000000100000000)
  eden space 65536K, 0% used [0x00000000e0000000,0x00000000e0000000,0x00000000e4000000)
  from space 10752K, 73% used [0x00000000e4a80000,0x00000000e523ea70,0x00000000e5500000)
  to   space 10752K, 0% used [0x00000000e4000000,0x00000000e4000000,0x00000000e4a80000)
 ParOldGen       total 114688K, used 11939K [0x00000000a0000000, 0x00000000a7000000, 0x00000000e0000000)
  object space 114688K, 10% used [0x00000000a0000000,0x00000000a0ba8fb8,0x00000000a7000000)
 Metaspace       used 29028K, capacity 29646K, committed 30080K, reserved 1075200K
  class space    used 3929K, capacity 4132K, committed 4224K, reserved 1048576K
}
Event: 4.168 GC heap before
{Heap before GC invocations=6 (full 1):
 PSYoungGen      total 76288K, used 73466K [0x00000000e0000000, 0x00000000e7280000, 0x0000000100000000)
  eden space 65536K, 100% used [0x00000000e0000000,0x00000000e4000000,0x00000000e4000000)
  from space 10752K, 73% used [0x00000000e4a80000,0x00000000e523ea70,0x00000000e5500000)
  to   space 10752K, 0% used [0x00000000e4000000,0x00000000e4000000,0x00000000e4a80000)
 ParOldGen       total 114688K, used 11939K [0x00000000a0000000, 0x00000000a7000000, 0x00000000e0000000)
  object space 114688K, 10% used [0x00000000a0000000,0x00000000a0ba8fb8,0x00000000a7000000)
 Metaspace       used 32286K, capacity 32946K, committed 33152K, reserved 1077248K
  class space    used 4461K, capacity 4656K, committed 4736K, reserved 1048576K
Event: 4.174 GC heap after
Heap after GC invocations=6 (full 1):
 PSYoungGen      total 76288K, used 8468K [0x00000000e0000000, 0x00000000e7a00000, 0x0000000100000000)
  eden space 65536K, 0% used [0x00000000e0000000,0x00000000e0000000,0x00000000e4000000)
  from space 10752K, 78% used [0x00000000e4000000,0x00000000e4845060,0x00000000e4a80000)
  to   space 13312K, 0% used [0x00000000e6d00000,0x00000000e6d00000,0x00000000e7a00000)
 ParOldGen       total 114688K, used 11947K [0x00000000a0000000, 0x00000000a7000000, 0x00000000e0000000)
  object space 114688K, 10% used [0x00000000a0000000,0x00000000a0baafb8,0x00000000a7000000)
 Metaspace       used 32286K, capacity 32946K, committed 33152K, reserved 1077248K
  class space    used 4461K, capacity 4656K, committed 4736K, reserved 1048576K
}
Event: 5.011 GC heap before
{Heap before GC invocations=7 (full 1):
 PSYoungGen      total 76288K, used 63601K [0x00000000e0000000, 0x00000000e7a00000, 0x0000000100000000)
  eden space 65536K, 84% used [0x00000000e0000000,0x00000000e35d74f0,0x00000000e4000000)
  from space 10752K, 78% used [0x00000000e4000000,0x00000000e4845060,0x00000000e4a80000)
  to   space 13312K, 0% used [0x00000000e6d00000,0x00000000e6d00000,0x00000000e7a00000)
 ParOldGen       total 114688K, used 11947K [0x00000000a0000000, 0x00000000a7000000, 0x00000000e0000000)
  object space 114688K, 10% used [0x00000000a0000000,0x00000000a0baafb8,0x00000000a7000000)
 Metaspace       used 34691K, capacity 35426K, committed 35496K, reserved 1079296K
  class space    used 4789K, capacity 4993K, committed 5032K, reserved 1048576K
Event: 5.021 GC heap after
Heap after GC invocations=7 (full 1):
 PSYoungGen      total 111616K, used 10121K [0x00000000e0000000, 0x00000000e7c00000, 0x0000000100000000)
  eden space 98304K, 0% used [0x00000000e0000000,0x00000000e0000000,0x00000000e6000000)
  from space 13312K, 76% used [0x00000000e6d00000,0x00000000e76e2498,0x00000000e7a00000)
  to   space 13312K, 0% used [0x00000000e6000000,0x00000000e6000000,0x00000000e6d00000)
 ParOldGen       total 114688K, used 11955K [0x00000000a0000000, 0x00000000a7000000, 0x00000000e0000000)
  object space 114688K, 10% used [0x00000000a0000000,0x00000000a0bacfb8,0x00000000a7000000)
 Metaspace       used 34691K, capacity 35426K, committed 35496K, reserved 1079296K
  class space    used 4789K, capacity 4993K, committed 5032K, reserved 1048576K
}
Event: 5.021 GC heap before
{Heap before GC invocations=8 (full 2):
 PSYoungGen      total 111616K, used 10121K [0x00000000e0000000, 0x00000000e7c00000, 0x0000000100000000)
  eden space 98304K, 0% used [0x00000000e0000000,0x00000000e0000000,0x00000000e6000000)
  from space 13312K, 76% used [0x00000000e6d00000,0x00000000e76e2498,0x00000000e7a00000)
  to   space 13312K, 0% used [0x00000000e6000000,0x00000000e6000000,0x00000000e6d00000)
 ParOldGen       total 114688K, used 11955K [0x00000000a0000000, 0x00000000a7000000, 0x00000000e0000000)
  object space 114688K, 10% used [0x00000000a0000000,0x00000000a0bacfb8,0x00000000a7000000)
 Metaspace       used 34691K, capacity 35426K, committed 35496K, reserved 1079296K
  class space    used 4789K, capacity 4993K, committed 5032K, reserved 1048576K
Event: 5.089 GC heap after
Heap after GC invocations=8 (full 2):
 PSYoungGen      total 111616K, used 0K [0x00000000e0000000, 0x00000000e7c00000, 0x0000000100000000)
  eden space 98304K, 0% used [0x00000000e0000000,0x00000000e0000000,0x00000000e6000000)
  from space 13312K, 0% used [0x00000000e6d00000,0x00000000e6d00000,0x00000000e7a00000)
  to   space 13312K, 0% used [0x00000000e6000000,0x00000000e6000000,0x00000000e6d00000)
 ParOldGen       total 188928K, used 17188K [0x00000000a0000000, 0x00000000ab880000, 0x00000000e0000000)
  object space 188928K, 9% used [0x00000000a0000000,0x00000000a10c9368,0x00000000ab880000)
 Metaspace       used 34681K, capacity 35396K, committed 35496K, reserved 1079296K
  class space    used 4787K, capacity 4988K, committed 5032K, reserved 1048576K
}
Event: 6.405 GC heap before
{Heap before GC invocations=9 (full 2):
 PSYoungGen      total 111616K, used 98304K [0x00000000e0000000, 0x00000000e7c00000, 0x0000000100000000)
  eden space 98304K, 100% used [0x00000000e0000000,0x00000000e6000000,0x00000000e6000000)
  from space 13312K, 0% used [0x00000000e6d00000,0x00000000e6d00000,0x00000000e7a00000)
  to   space 13312K, 0% used [0x00000000e6000000,0x00000000e6000000,0x00000000e6d00000)
 ParOldGen       total 188928K, used 17188K [0x00000000a0000000, 0x00000000ab880000, 0x00000000e0000000)
  object space 188928K, 9% used [0x00000000a0000000,0x00000000a10c9368,0x00000000ab880000)
 Metaspace       used 45118K, capacity 46162K, committed 46376K, reserved 1089536K
  class space    used 6082K, capacity 6403K, committed 6440K, reserved 1048576K
Event: 6.414 GC heap after
Heap after GC invocations=9 (full 2):
 PSYoungGen      total 111616K, used 13295K [0x00000000e0000000, 0x00000000e9a00000, 0x0000000100000000)
  eden space 98304K, 0% used [0x00000000e0000000,0x00000000e0000000,0x00000000e6000000)
  from space 13312K, 99% used [0x00000000e6000000,0x00000000e6cfbfd8,0x00000000e6d00000)
  to   space 14848K, 0% used [0x00000000e8b80000,0x00000000e8b80000,0x00000000e9a00000)
 ParOldGen       total 188928K, used 18175K [0x00000000a0000000, 0x00000000ab880000, 0x00000000e0000000)
  object space 188928K, 9% used [0x00000000a0000000,0x00000000a11bfd00,0x00000000ab880000)
 Metaspace       used 45118K, capacity 46162K, committed 46376K, reserved 1089536K
  class space    used 6082K, capacity 6403K, committed 6440K, reserved 1048576K
}

