# JRE version: OpenJDK Runtime Environment (8.0_202-b03) (build 1.8.0_202-release-1483-b03)
# Java VM: OpenJDK 64-Bit Server VM (25.202-b03 mixed mode windows-amd64 compressed oops)
Heap:
 PSYoungGen      total 349696K, used 40720K [0x00000000e0000000, 0x00000000ffc00000, 0x0000000100000000)
  eden space 321024K, 3% used [0x00000000e0000000,0x00000000e0bc70e0,0x00000000f3980000)
  from space 28672K, 99% used [0x00000000f3980000,0x00000000f557d058,0x00000000f5580000)
  to   space 38400K, 0% used [0x00000000fd680000,0x00000000fd680000,0x00000000ffc00000)
 ParOldGen       total 205824K, used 52635K [0x00000000a0000000, 0x00000000ac900000, 0x00000000e0000000)
  object space 205824K, 25% used [0x00000000a0000000,0x00000000a3366d20,0x00000000ac900000)
 Metaspace       used 71638K, capacity 75108K, committed 75352K, reserved 1114112K
  class space    used 9556K, capacity 10285K, committed 10368K, reserved 1048576K
GC Heap History (10 events):
Event: 6.198 GC heap before
{Heap before GC invocations=10 (full 2):
 PSYoungGen      total 167936K, used 167934K [0x00000000e0000000, 0x00000000f0280000, 0x0000000100000000)
  eden space 152576K, 100% used [0x00000000e0000000,0x00000000e9500000,0x00000000e9500000)
  from space 15360K, 99% used [0x00000000e9500000,0x00000000ea3ff8e8,0x00000000ea400000)
  to   space 19968K, 0% used [0x00000000eef00000,0x00000000eef00000,0x00000000f0280000)
 ParOldGen       total 163328K, used 21934K [0x00000000a0000000, 0x00000000a9f80000, 0x00000000e0000000)
  object space 163328K, 13% used [0x00000000a0000000,0x00000000a156b878,0x00000000a9f80000)
 Metaspace       used 56901K, capacity 58940K, committed 59096K, reserved 1099776K
  class space    used 7632K, capacity 8115K, committed 8192K, reserved 1048576K
Event: 6.215 GC heap after
Heap after GC invocations=10 (full 2):
 PSYoungGen      total 238592K, used 19948K [0x00000000e0000000, 0x00000000f0a80000, 0x0000000100000000)
  eden space 218624K, 0% used [0x00000000e0000000,0x00000000e0000000,0x00000000ed580000)
  from space 19968K, 99% used [0x00000000eef00000,0x00000000f027b300,0x00000000f0280000)
  to   space 26112K, 0% used [0x00000000ed580000,0x00000000ed580000,0x00000000eef00000)
 ParOldGen       total 163328K, used 30318K [0x00000000a0000000, 0x00000000a9f80000, 0x00000000e0000000)
  object space 163328K, 18% used [0x00000000a0000000,0x00000000a1d9b8f8,0x00000000a9f80000)
 Metaspace       used 56901K, capacity 58940K, committed 59096K, reserved 1099776K
  class space    used 7632K, capacity 8115K, committed 8192K, reserved 1048576K
}
Event: 6.229 GC heap before
{Heap before GC invocations=11 (full 2):
 PSYoungGen      total 238592K, used 24234K [0x00000000e0000000, 0x00000000f0a80000, 0x0000000100000000)
  eden space 218624K, 1% used [0x00000000e0000000,0x00000000e042f8f0,0x00000000ed580000)
  from space 19968K, 99% used [0x00000000eef00000,0x00000000f027b300,0x00000000f0280000)
  to   space 26112K, 0% used [0x00000000ed580000,0x00000000ed580000,0x00000000eef00000)
 ParOldGen       total 163328K, used 30318K [0x00000000a0000000, 0x00000000a9f80000, 0x00000000e0000000)
  object space 163328K, 18% used [0x00000000a0000000,0x00000000a1d9b8f8,0x00000000a9f80000)
 Metaspace       used 56949K, capacity 58964K, committed 59096K, reserved 1099776K
  class space    used 7641K, capacity 8121K, committed 8192K, reserved 1048576K
Event: 6.244 GC heap after
Heap after GC invocations=11 (full 2):
 PSYoungGen      total 244736K, used 20028K [0x00000000e0000000, 0x00000000f7880000, 0x0000000100000000)
  eden space 218624K, 0% used [0x00000000e0000000,0x00000000e0000000,0x00000000ed580000)
  from space 26112K, 76% used [0x00000000ed580000,0x00000000ee90f310,0x00000000eef00000)
  to   space 27648K, 0% used [0x00000000f5d80000,0x00000000f5d80000,0x00000000f7880000)
 ParOldGen       total 163328K, used 30326K [0x00000000a0000000, 0x00000000a9f80000, 0x00000000e0000000)
  object space 163328K, 18% used [0x00000000a0000000,0x00000000a1d9d8f8,0x00000000a9f80000)
 Metaspace       used 56949K, capacity 58964K, committed 59096K, reserved 1099776K
  class space    used 7641K, capacity 8121K, committed 8192K, reserved 1048576K
}
Event: 6.244 GC heap before
{Heap before GC invocations=12 (full 3):
 PSYoungGen      total 244736K, used 20028K [0x00000000e0000000, 0x00000000f7880000, 0x0000000100000000)
  eden space 218624K, 0% used [0x00000000e0000000,0x00000000e0000000,0x00000000ed580000)
  from space 26112K, 76% used [0x00000000ed580000,0x00000000ee90f310,0x00000000eef00000)
  to   space 27648K, 0% used [0x00000000f5d80000,0x00000000f5d80000,0x00000000f7880000)
 ParOldGen       total 163328K, used 30326K [0x00000000a0000000, 0x00000000a9f80000, 0x00000000e0000000)
  object space 163328K, 18% used [0x00000000a0000000,0x00000000a1d9d8f8,0x00000000a9f80000)
 Metaspace       used 56949K, capacity 58964K, committed 59096K, reserved 1099776K
  class space    used 7641K, capacity 8121K, committed 8192K, reserved 1048576K
Event: 6.428 GC heap after
Heap after GC invocations=12 (full 3):
 PSYoungGen      total 244736K, used 0K [0x00000000e0000000, 0x00000000f7880000, 0x0000000100000000)
  eden space 218624K, 0% used [0x00000000e0000000,0x00000000e0000000,0x00000000ed580000)
  from space 26112K, 0% used [0x00000000ed580000,0x00000000ed580000,0x00000000eef00000)
  to   space 27648K, 0% used [0x00000000f5d80000,0x00000000f5d80000,0x00000000f7880000)
 ParOldGen       total 205824K, used 36143K [0x00000000a0000000, 0x00000000ac900000, 0x00000000e0000000)
  object space 205824K, 17% used [0x00000000a0000000,0x00000000a234be30,0x00000000ac900000)
 Metaspace       used 56922K, capacity 58874K, committed 59096K, reserved 1099776K
  class space    used 7632K, capacity 8106K, committed 8192K, reserved 1048576K
}
Event: 8.295 GC heap before
{Heap before GC invocations=13 (full 3):
 PSYoungGen      total 244736K, used 218624K [0x00000000e0000000, 0x00000000f7880000, 0x0000000100000000)
  eden space 218624K, 100% used [0x00000000e0000000,0x00000000ed580000,0x00000000ed580000)
  from space 26112K, 0% used [0x00000000ed580000,0x00000000ed580000,0x00000000eef00000)
  to   space 27648K, 0% used [0x00000000f5d80000,0x00000000f5d80000,0x00000000f7880000)
 ParOldGen       total 205824K, used 36143K [0x00000000a0000000, 0x00000000ac900000, 0x00000000e0000000)
  object space 205824K, 17% used [0x00000000a0000000,0x00000000a234be30,0x00000000ac900000)
 Metaspace       used 66082K, capacity 68930K, committed 68952K, reserved 1110016K
  class space    used 8744K, capacity 9334K, committed 9344K, reserved 1048576K
Event: 8.309 GC heap after
Heap after GC invocations=13 (full 3):
 PSYoungGen      total 335360K, used 20170K [0x00000000e0000000, 0x00000000f7180000, 0x0000000100000000)
  eden space 314880K, 0% used [0x00000000e0000000,0x00000000e0000000,0x00000000f3380000)
  from space 20480K, 98% used [0x00000000f5d80000,0x00000000f7132b90,0x00000000f7180000)
  to   space 28672K, 0% used [0x00000000f3980000,0x00000000f3980000,0x00000000f5580000)
 ParOldGen       total 205824K, used 36151K [0x00000000a0000000, 0x00000000ac900000, 0x00000000e0000000)
  object space 205824K, 17% used [0x00000000a0000000,0x00000000a234de30,0x00000000ac900000)
 Metaspace       used 66082K, capacity 68930K, committed 68952K, reserved 1110016K
  class space    used 8744K, capacity 9334K, committed 9344K, reserved 1048576K
}
Event: 10.159 GC heap before
{Heap before GC invocations=14 (full 3):
 PSYoungGen      total 335360K, used 335050K [0x00000000e0000000, 0x00000000f7180000, 0x0000000100000000)
  eden space 314880K, 100% used [0x00000000e0000000,0x00000000f3380000,0x00000000f3380000)
  from space 20480K, 98% used [0x00000000f5d80000,0x00000000f7132b90,0x00000000f7180000)
  to   space 28672K, 0% used [0x00000000f3980000,0x00000000f3980000,0x00000000f5580000)
 ParOldGen       total 205824K, used 36151K [0x00000000a0000000, 0x00000000ac900000, 0x00000000e0000000)
  object space 205824K, 17% used [0x00000000a0000000,0x00000000a234de30,0x00000000ac900000)
 Metaspace       used 71194K, capacity 74632K, committed 74968K, reserved 1114112K
  class space    used 9493K, capacity 10179K, committed 10240K, reserved 1048576K
Event: 10.181 GC heap after
Heap after GC invocations=14 (full 3):
 PSYoungGen      total 349696K, used 28660K [0x00000000e0000000, 0x00000000ffc00000, 0x0000000100000000)
  eden space 321024K, 0% used [0x00000000e0000000,0x00000000e0000000,0x00000000f3980000)
  from space 28672K, 99% used [0x00000000f3980000,0x00000000f557d058,0x00000000f5580000)
  to   space 38400K, 0% used [0x00000000fd680000,0x00000000fd680000,0x00000000ffc00000)
 ParOldGen       total 205824K, used 52635K [0x00000000a0000000, 0x00000000ac900000, 0x00000000e0000000)
  object space 205824K, 25% used [0x00000000a0000000,0x00000000a3366d20,0x00000000ac900000)
 Metaspace       used 71194K, capacity 74632K, committed 74968K, reserved 1114112K
  class space    used 9493K, capacity 10179K, committed 10240K, reserved 1048576K
}

