# JRE version: OpenJDK Runtime Environment (8.0_202-b03) (build 1.8.0_202-release-1483-b03)
# Java VM: OpenJDK 64-Bit Server VM (25.202-b03 mixed mode windows-amd64 compressed oops)
Heap:
 PSYoungGen      total 285696K, used 68270K [0x00000000e0000000, 0x00000000f5300000, 0x0000000100000000)
  eden space 234496K, 25% used [0x00000000e0000000,0x00000000e3b1f398,0x00000000ee500000)
  from space 51200K, 15% used [0x00000000f2100000,0x00000000f288c540,0x00000000f5300000)
  to   space 56320K, 0% used [0x00000000ee500000,0x00000000ee500000,0x00000000f1c00000)
 ParOldGen       total 297984K, used 117449K [0x00000000a0000000, 0x00000000b2300000, 0x00000000e0000000)
  object space 297984K, 39% used [0x00000000a0000000,0x00000000a72b26e0,0x00000000b2300000)
 Metaspace       used 76870K, capacity 79888K, committed 80088K, reserved 1118208K
  class space    used 9804K, capacity 10482K, committed 10496K, reserved 1048576K
GC Heap History (10 events):
Event: 23.231 GC heap before
{Heap before GC invocations=17 (full 3):
 PSYoungGen      total 178688K, used 178672K [0x00000000e0000000, 0x00000000ef000000, 0x0000000100000000)
  eden space 149504K, 100% used [0x00000000e0000000,0x00000000e9200000,0x00000000e9200000)
  from space 29184K, 99% used [0x00000000e9200000,0x00000000eae7c070,0x00000000eae80000)
  to   space 38912K, 0% used [0x00000000eca00000,0x00000000eca00000,0x00000000ef000000)
 ParOldGen       total 297984K, used 65395K [0x00000000a0000000, 0x00000000b2300000, 0x00000000e0000000)
  object space 297984K, 21% used [0x00000000a0000000,0x00000000a3fdcfd0,0x00000000b2300000)
 Metaspace       used 70762K, capacity 73630K, committed 73816K, reserved 1114112K
  class space    used 9170K, capacity 9809K, committed 9856K, reserved 1048576K
Event: 23.254 GC heap after
Heap after GC invocations=17 (full 3):
 PSYoungGen      total 197120K, used 38880K [0x00000000e0000000, 0x00000000f0080000, 0x0000000100000000)
  eden space 158208K, 0% used [0x00000000e0000000,0x00000000e0000000,0x00000000e9a80000)
  from space 38912K, 99% used [0x00000000eca00000,0x00000000eeff82b8,0x00000000ef000000)
  to   space 48640K, 0% used [0x00000000e9a80000,0x00000000e9a80000,0x00000000eca00000)
 ParOldGen       total 297984K, used 76611K [0x00000000a0000000, 0x00000000b2300000, 0x00000000e0000000)
  object space 297984K, 25% used [0x00000000a0000000,0x00000000a4ad0f70,0x00000000b2300000)
 Metaspace       used 70762K, capacity 73630K, committed 73816K, reserved 1114112K
  class space    used 9170K, capacity 9809K, committed 9856K, reserved 1048576K
}
Event: 23.454 GC heap before
{Heap before GC invocations=18 (full 3):
 PSYoungGen      total 197120K, used 197088K [0x00000000e0000000, 0x00000000f0080000, 0x0000000100000000)
  eden space 158208K, 100% used [0x00000000e0000000,0x00000000e9a80000,0x00000000e9a80000)
  from space 38912K, 99% used [0x00000000eca00000,0x00000000eeff82b8,0x00000000ef000000)
  to   space 48640K, 0% used [0x00000000e9a80000,0x00000000e9a80000,0x00000000eca00000)
 ParOldGen       total 297984K, used 76611K [0x00000000a0000000, 0x00000000b2300000, 0x00000000e0000000)
  object space 297984K, 25% used [0x00000000a0000000,0x00000000a4ad0f70,0x00000000b2300000)
 Metaspace       used 72995K, capacity 75992K, committed 76120K, reserved 1116160K
  class space    used 9405K, capacity 10076K, committed 10112K, reserved 1048576K
Event: 23.475 GC heap after
Heap after GC invocations=18 (full 3):
 PSYoungGen      total 206848K, used 37964K [0x00000000e0000000, 0x00000000f2a80000, 0x0000000100000000)
  eden space 158208K, 0% used [0x00000000e0000000,0x00000000e0000000,0x00000000e9a80000)
  from space 48640K, 78% used [0x00000000e9a80000,0x00000000ebf932b0,0x00000000eca00000)
  to   space 52224K, 0% used [0x00000000ef780000,0x00000000ef780000,0x00000000f2a80000)
 ParOldGen       total 297984K, used 87575K [0x00000000a0000000, 0x00000000b2300000, 0x00000000e0000000)
  object space 297984K, 29% used [0x00000000a0000000,0x00000000a5585e00,0x00000000b2300000)
 Metaspace       used 72995K, capacity 75992K, committed 76120K, reserved 1116160K
  class space    used 9405K, capacity 10076K, committed 10112K, reserved 1048576K
}
Event: 23.670 GC heap before
{Heap before GC invocations=19 (full 3):
 PSYoungGen      total 206848K, used 196172K [0x00000000e0000000, 0x00000000f2a80000, 0x0000000100000000)
  eden space 158208K, 100% used [0x00000000e0000000,0x00000000e9a80000,0x00000000e9a80000)
  from space 48640K, 78% used [0x00000000e9a80000,0x00000000ebf932b0,0x00000000eca00000)
  to   space 52224K, 0% used [0x00000000ef780000,0x00000000ef780000,0x00000000f2a80000)
 ParOldGen       total 297984K, used 87575K [0x00000000a0000000, 0x00000000b2300000, 0x00000000e0000000)
  object space 297984K, 29% used [0x00000000a0000000,0x00000000a5585f70,0x00000000b2300000)
 Metaspace       used 73121K, capacity 76068K, committed 76376K, reserved 1116160K
  class space    used 9406K, capacity 10078K, committed 10112K, reserved 1048576K
Event: 23.698 GC heap after
Heap after GC invocations=19 (full 3):
 PSYoungGen      total 247808K, used 45764K [0x00000000e0000000, 0x00000000f4300000, 0x0000000100000000)
  eden space 195584K, 0% used [0x00000000e0000000,0x00000000e0000000,0x00000000ebf00000)
  from space 52224K, 87% used [0x00000000ef780000,0x00000000f24312b0,0x00000000f2a80000)
  to   space 57856K, 0% used [0x00000000ebf00000,0x00000000ebf00000,0x00000000ef780000)
 ParOldGen       total 297984K, used 87583K [0x00000000a0000000, 0x00000000b2300000, 0x00000000e0000000)
  object space 297984K, 29% used [0x00000000a0000000,0x00000000a5587f70,0x00000000b2300000)
 Metaspace       used 73121K, capacity 76068K, committed 76376K, reserved 1116160K
  class space    used 9406K, capacity 10078K, committed 10112K, reserved 1048576K
}
Event: 24.432 GC heap before
{Heap before GC invocations=20 (full 3):
 PSYoungGen      total 247808K, used 241348K [0x00000000e0000000, 0x00000000f4300000, 0x0000000100000000)
  eden space 195584K, 100% used [0x00000000e0000000,0x00000000ebf00000,0x00000000ebf00000)
  from space 52224K, 87% used [0x00000000ef780000,0x00000000f24312b0,0x00000000f2a80000)
  to   space 57856K, 0% used [0x00000000ebf00000,0x00000000ebf00000,0x00000000ef780000)
 ParOldGen       total 297984K, used 87586K [0x00000000a0000000, 0x00000000b2300000, 0x00000000e0000000)
  object space 297984K, 29% used [0x00000000a0000000,0x00000000a5588818,0x00000000b2300000)
 Metaspace       used 73396K, capacity 76388K, committed 76632K, reserved 1116160K
  class space    used 9416K, capacity 10078K, committed 10112K, reserved 1048576K
Event: 24.450 GC heap after
Heap after GC invocations=20 (full 3):
 PSYoungGen      total 253440K, used 30931K [0x00000000e0000000, 0x00000000f5800000, 0x0000000100000000)
  eden space 195584K, 0% used [0x00000000e0000000,0x00000000e0000000,0x00000000ebf00000)
  from space 57856K, 53% used [0x00000000ebf00000,0x00000000edd34db8,0x00000000ef780000)
  to   space 56320K, 0% used [0x00000000f2100000,0x00000000f2100000,0x00000000f5800000)
 ParOldGen       total 297984K, used 105816K [0x00000000a0000000, 0x00000000b2300000, 0x00000000e0000000)
  object space 297984K, 35% used [0x00000000a0000000,0x00000000a67561c8,0x00000000b2300000)
 Metaspace       used 73396K, capacity 76388K, committed 76632K, reserved 1116160K
  class space    used 9416K, capacity 10078K, committed 10112K, reserved 1048576K
}
Event: 26.902 GC heap before
{Heap before GC invocations=21 (full 3):
 PSYoungGen      total 253440K, used 226515K [0x00000000e0000000, 0x00000000f5800000, 0x0000000100000000)
  eden space 195584K, 100% used [0x00000000e0000000,0x00000000ebf00000,0x00000000ebf00000)
  from space 57856K, 53% used [0x00000000ebf00000,0x00000000edd34db8,0x00000000ef780000)
  to   space 56320K, 0% used [0x00000000f2100000,0x00000000f2100000,0x00000000f5800000)
 ParOldGen       total 297984K, used 105816K [0x00000000a0000000, 0x00000000b2300000, 0x00000000e0000000)
  object space 297984K, 35% used [0x00000000a0000000,0x00000000a67561c8,0x00000000b2300000)
 Metaspace       used 76604K, capacity 79650K, committed 79832K, reserved 1118208K
  class space    used 9770K, capacity 10437K, committed 10496K, reserved 1048576K
Event: 26.913 GC heap after
Heap after GC invocations=21 (full 3):
 PSYoungGen      total 285696K, used 7729K [0x00000000e0000000, 0x00000000f5300000, 0x0000000100000000)
  eden space 234496K, 0% used [0x00000000e0000000,0x00000000e0000000,0x00000000ee500000)
  from space 51200K, 15% used [0x00000000f2100000,0x00000000f288c540,0x00000000f5300000)
  to   space 56320K, 0% used [0x00000000ee500000,0x00000000ee500000,0x00000000f1c00000)
 ParOldGen       total 297984K, used 117449K [0x00000000a0000000, 0x00000000b2300000, 0x00000000e0000000)
  object space 297984K, 39% used [0x00000000a0000000,0x00000000a72b26e0,0x00000000b2300000)
 Metaspace       used 76604K, capacity 79650K, committed 79832K, reserved 1118208K
  class space    used 9770K, capacity 10437K, committed 10496K, reserved 1048576K
}

