# JRE version: OpenJDK Runtime Environment (8.0_202-b03) (build 1.8.0_202-release-1483-b03)
# Java VM: OpenJDK 64-Bit Server VM (25.202-b03 mixed mode windows-amd64 compressed oops)
Heap:
 PSYoungGen      total 301568K, used 80370K [0x00000000e0000000, 0x00000000f8e80000, 0x0000000100000000)
  eden space 239104K, 31% used [0x00000000e0000000,0x00000000e4904cd0,0x00000000ee980000)
  from space 62464K, 8% used [0x00000000ee980000,0x00000000eeef7c08,0x00000000f2680000)
  to   space 71680K, 0% used [0x00000000f4880000,0x00000000f4880000,0x00000000f8e80000)
 ParOldGen       total 292352K, used 117936K [0x00000000a0000000, 0x00000000b1d80000, 0x00000000e0000000)
  object space 292352K, 40% used [0x00000000a0000000,0x00000000a732c028,0x00000000b1d80000)
 Metaspace       used 95489K, capacity 98808K, committed 99496K, reserved 1136640K
  class space    used 12316K, capacity 13028K, committed 13240K, reserved 1048576K
GC Heap History (10 events):
Event: 20.921 GC heap before
{Heap before GC invocations=21 (full 3):
 PSYoungGen      total 267264K, used 260874K [0x00000000e0000000, 0x00000000f5980000, 0x0000000100000000)
  eden space 219648K, 100% used [0x00000000e0000000,0x00000000ed680000,0x00000000ed680000)
  from space 47616K, 86% used [0x00000000ed680000,0x00000000efec2a00,0x00000000f0500000)
  to   space 52224K, 0% used [0x00000000f2680000,0x00000000f2680000,0x00000000f5980000)
 ParOldGen       total 292352K, used 69455K [0x00000000a0000000, 0x00000000b1d80000, 0x00000000e0000000)
  object space 292352K, 23% used [0x00000000a0000000,0x00000000a43d3dd0,0x00000000b1d80000)
 Metaspace       used 79950K, capacity 82966K, committed 83096K, reserved 1122304K
  class space    used 10394K, capacity 11051K, committed 11176K, reserved 1048576K
Event: 20.957 GC heap after
Heap after GC invocations=21 (full 3):
 PSYoungGen      total 291328K, used 52200K [0x00000000e0000000, 0x00000000f6a80000, 0x0000000100000000)
  eden space 239104K, 0% used [0x00000000e0000000,0x00000000e0000000,0x00000000ee980000)
  from space 52224K, 99% used [0x00000000f2680000,0x00000000f597a1b8,0x00000000f5980000)
  to   space 62464K, 0% used [0x00000000ee980000,0x00000000ee980000,0x00000000f2680000)
 ParOldGen       total 292352K, used 76598K [0x00000000a0000000, 0x00000000b1d80000, 0x00000000e0000000)
  object space 292352K, 26% used [0x00000000a0000000,0x00000000a4acd908,0x00000000b1d80000)
 Metaspace       used 79950K, capacity 82966K, committed 83096K, reserved 1122304K
  class space    used 10394K, capacity 11051K, committed 11176K, reserved 1048576K
}
Event: 26.739 GC heap before
{Heap before GC invocations=22 (full 3):
 PSYoungGen      total 291328K, used 291304K [0x00000000e0000000, 0x00000000f6a80000, 0x0000000100000000)
  eden space 239104K, 100% used [0x00000000e0000000,0x00000000ee980000,0x00000000ee980000)
  from space 52224K, 99% used [0x00000000f2680000,0x00000000f597a1b8,0x00000000f5980000)
  to   space 62464K, 0% used [0x00000000ee980000,0x00000000ee980000,0x00000000f2680000)
 ParOldGen       total 292352K, used 76598K [0x00000000a0000000, 0x00000000b1d80000, 0x00000000e0000000)
  object space 292352K, 26% used [0x00000000a0000000,0x00000000a4acd908,0x00000000b1d80000)
 Metaspace       used 87650K, capacity 90710K, committed 90776K, reserved 1128448K
  class space    used 11258K, capacity 11933K, committed 11944K, reserved 1048576K
Event: 26.771 GC heap after
Heap after GC invocations=22 (full 3):
 PSYoungGen      total 301568K, used 62054K [0x00000000e0000000, 0x00000000f8e80000, 0x0000000100000000)
  eden space 239104K, 0% used [0x00000000e0000000,0x00000000e0000000,0x00000000ee980000)
  from space 62464K, 99% used [0x00000000ee980000,0x00000000f26198a8,0x00000000f2680000)
  to   space 71680K, 0% used [0x00000000f4880000,0x00000000f4880000,0x00000000f8e80000)
 ParOldGen       total 292352K, used 84298K [0x00000000a0000000, 0x00000000b1d80000, 0x00000000e0000000)
  object space 292352K, 28% used [0x00000000a0000000,0x00000000a5252b88,0x00000000b1d80000)
 Metaspace       used 87650K, capacity 90710K, committed 90776K, reserved 1128448K
  class space    used 11258K, capacity 11933K, committed 11944K, reserved 1048576K
}
Event: 27.889 GC heap before
{Heap before GC invocations=23 (full 3):
 PSYoungGen      total 301568K, used 283585K [0x00000000e0000000, 0x00000000f8e80000, 0x0000000100000000)
  eden space 239104K, 92% used [0x00000000e0000000,0x00000000ed856d18,0x00000000ee980000)
  from space 62464K, 99% used [0x00000000ee980000,0x00000000f26198a8,0x00000000f2680000)
  to   space 71680K, 0% used [0x00000000f4880000,0x00000000f4880000,0x00000000f8e80000)
 ParOldGen       total 292352K, used 84298K [0x00000000a0000000, 0x00000000b1d80000, 0x00000000e0000000)
  object space 292352K, 28% used [0x00000000a0000000,0x00000000a5252b88,0x00000000b1d80000)
 Metaspace       used 94928K, capacity 98594K, committed 98600K, reserved 1134592K
  class space    used 12320K, capacity 13109K, committed 13112K, reserved 1048576K
Event: 27.933 GC heap after
Heap after GC invocations=23 (full 3):
 PSYoungGen      total 310784K, used 71655K [0x00000000e0000000, 0x00000000f8e80000, 0x0000000100000000)
  eden space 239104K, 0% used [0x00000000e0000000,0x00000000e0000000,0x00000000ee980000)
  from space 71680K, 99% used [0x00000000f4880000,0x00000000f8e79d80,0x00000000f8e80000)
  to   space 62464K, 0% used [0x00000000ee980000,0x00000000ee980000,0x00000000f2680000)
 ParOldGen       total 292352K, used 97644K [0x00000000a0000000, 0x00000000b1d80000, 0x00000000e0000000)
  object space 292352K, 33% used [0x00000000a0000000,0x00000000a5f5b1d0,0x00000000b1d80000)
 Metaspace       used 94928K, capacity 98594K, committed 98600K, reserved 1134592K
  class space    used 12320K, capacity 13109K, committed 13112K, reserved 1048576K
}
Event: 27.933 GC heap before
{Heap before GC invocations=24 (full 4):
 PSYoungGen      total 310784K, used 71655K [0x00000000e0000000, 0x00000000f8e80000, 0x0000000100000000)
  eden space 239104K, 0% used [0x00000000e0000000,0x00000000e0000000,0x00000000ee980000)
  from space 71680K, 99% used [0x00000000f4880000,0x00000000f8e79d80,0x00000000f8e80000)
  to   space 62464K, 0% used [0x00000000ee980000,0x00000000ee980000,0x00000000f2680000)
 ParOldGen       total 292352K, used 97644K [0x00000000a0000000, 0x00000000b1d80000, 0x00000000e0000000)
  object space 292352K, 33% used [0x00000000a0000000,0x00000000a5f5b1d0,0x00000000b1d80000)
 Metaspace       used 94928K, capacity 98594K, committed 98600K, reserved 1134592K
  class space    used 12320K, capacity 13109K, committed 13112K, reserved 1048576K
Event: 28.147 GC heap after
Heap after GC invocations=24 (full 4):
 PSYoungGen      total 310784K, used 0K [0x00000000e0000000, 0x00000000f8e80000, 0x0000000100000000)
  eden space 239104K, 0% used [0x00000000e0000000,0x00000000e0000000,0x00000000ee980000)
  from space 71680K, 0% used [0x00000000f4880000,0x00000000f4880000,0x00000000f8e80000)
  to   space 62464K, 0% used [0x00000000ee980000,0x00000000ee980000,0x00000000f2680000)
 ParOldGen       total 292352K, used 117936K [0x00000000a0000000, 0x00000000b1d80000, 0x00000000e0000000)
  object space 292352K, 40% used [0x00000000a0000000,0x00000000a732c028,0x00000000b1d80000)
 Metaspace       used 94509K, capacity 97450K, committed 98600K, reserved 1134592K
  class space    used 12187K, capacity 12875K, committed 13112K, reserved 1048576K
}
Event: 28.532 GC heap before
{Heap before GC invocations=25 (full 4):
 PSYoungGen      total 310784K, used 239104K [0x00000000e0000000, 0x00000000f8e80000, 0x0000000100000000)
  eden space 239104K, 100% used [0x00000000e0000000,0x00000000ee980000,0x00000000ee980000)
  from space 71680K, 0% used [0x00000000f4880000,0x00000000f4880000,0x00000000f8e80000)
  to   space 62464K, 0% used [0x00000000ee980000,0x00000000ee980000,0x00000000f2680000)
 ParOldGen       total 292352K, used 117936K [0x00000000a0000000, 0x00000000b1d80000, 0x00000000e0000000)
  object space 292352K, 40% used [0x00000000a0000000,0x00000000a732c028,0x00000000b1d80000)
 Metaspace       used 95381K, capacity 98734K, committed 99496K, reserved 1136640K
  class space    used 12302K, capacity 13027K, committed 13240K, reserved 1048576K
Event: 28.537 GC heap after
Heap after GC invocations=25 (full 4):
 PSYoungGen      total 301568K, used 5599K [0x00000000e0000000, 0x00000000f8e80000, 0x0000000100000000)
  eden space 239104K, 0% used [0x00000000e0000000,0x00000000e0000000,0x00000000ee980000)
  from space 62464K, 8% used [0x00000000ee980000,0x00000000eeef7c08,0x00000000f2680000)
  to   space 71680K, 0% used [0x00000000f4880000,0x00000000f4880000,0x00000000f8e80000)
 ParOldGen       total 292352K, used 117936K [0x00000000a0000000, 0x00000000b1d80000, 0x00000000e0000000)
  object space 292352K, 40% used [0x00000000a0000000,0x00000000a732c028,0x00000000b1d80000)
 Metaspace       used 95381K, capacity 98734K, committed 99496K, reserved 1136640K
  class space    used 12302K, capacity 13027K, committed 13240K, reserved 1048576K
}

