# JRE version: OpenJDK Runtime Environment (8.0_202-b03) (build 1.8.0_202-release-1483-b03)
# Java VM: OpenJDK 64-Bit Server VM (25.202-b03 mixed mode windows-amd64 compressed oops)
Heap:
 PSYoungGen      total 188928K, used 27715K [0x00000000e0000000, 0x00000000ed700000, 0x0000000100000000)
  eden space 165888K, 7% used [0x00000000e0000000,0x00000000e0b94608,0x00000000ea200000)
  from space 23040K, 68% used [0x00000000eb880000,0x00000000ec7fc7d0,0x00000000ecf00000)
  to   space 23040K, 0% used [0x00000000ea200000,0x00000000ea200000,0x00000000eb880000)
 ParOldGen       total 180224K, used 45625K [0x00000000a0000000, 0x00000000ab000000, 0x00000000e0000000)
  object space 180224K, 25% used [0x00000000a0000000,0x00000000a2c8e478,0x00000000ab000000)
 Metaspace       used 70858K, capacity 73262K, committed 73560K, reserved 1112064K
  class space    used 9470K, capacity 10015K, committed 10112K, reserved 1048576K
GC Heap History (10 events):
Event: 7.548 GC heap before
{Heap before GC invocations=11 (full 2):
 PSYoungGen      total 145408K, used 88637K [0x00000000e0000000, 0x00000000ea500000, 0x0000000100000000)
  eden space 130048K, 56% used [0x00000000e0000000,0x00000000e47971c8,0x00000000e7f00000)
  from space 15360K, 99% used [0x00000000e9000000,0x00000000e9ef8238,0x00000000e9f00000)
  to   space 17408K, 0% used [0x00000000e7f00000,0x00000000e7f00000,0x00000000e9000000)
 ParOldGen       total 180224K, used 20077K [0x00000000a0000000, 0x00000000ab000000, 0x00000000e0000000)
  object space 180224K, 11% used [0x00000000a0000000,0x00000000a139b498,0x00000000ab000000)
 Metaspace       used 57427K, capacity 59078K, committed 59096K, reserved 1099776K
  class space    used 7770K, capacity 8177K, committed 8192K, reserved 1048576K
Event: 7.560 GC heap after
Heap after GC invocations=11 (full 2):
 PSYoungGen      total 147456K, used 17387K [0x00000000e0000000, 0x00000000ec580000, 0x0000000100000000)
  eden space 130048K, 0% used [0x00000000e0000000,0x00000000e0000000,0x00000000e7f00000)
  from space 17408K, 99% used [0x00000000e7f00000,0x00000000e8ffad70,0x00000000e9000000)
  to   space 20480K, 0% used [0x00000000eb180000,0x00000000eb180000,0x00000000ec580000)
 ParOldGen       total 180224K, used 22301K [0x00000000a0000000, 0x00000000ab000000, 0x00000000e0000000)
  object space 180224K, 12% used [0x00000000a0000000,0x00000000a15c7608,0x00000000ab000000)
 Metaspace       used 57427K, capacity 59078K, committed 59096K, reserved 1099776K
  class space    used 7770K, capacity 8177K, committed 8192K, reserved 1048576K
}
Event: 7.560 GC heap before
{Heap before GC invocations=12 (full 3):
 PSYoungGen      total 147456K, used 17387K [0x00000000e0000000, 0x00000000ec580000, 0x0000000100000000)
  eden space 130048K, 0% used [0x00000000e0000000,0x00000000e0000000,0x00000000e7f00000)
  from space 17408K, 99% used [0x00000000e7f00000,0x00000000e8ffad70,0x00000000e9000000)
  to   space 20480K, 0% used [0x00000000eb180000,0x00000000eb180000,0x00000000ec580000)
 ParOldGen       total 180224K, used 22301K [0x00000000a0000000, 0x00000000ab000000, 0x00000000e0000000)
  object space 180224K, 12% used [0x00000000a0000000,0x00000000a15c7608,0x00000000ab000000)
 Metaspace       used 57427K, capacity 59078K, committed 59096K, reserved 1099776K
  class space    used 7770K, capacity 8177K, committed 8192K, reserved 1048576K
Event: 7.737 GC heap after
Heap after GC invocations=12 (full 3):
 PSYoungGen      total 147456K, used 0K [0x00000000e0000000, 0x00000000ec580000, 0x0000000100000000)
  eden space 130048K, 0% used [0x00000000e0000000,0x00000000e0000000,0x00000000e7f00000)
  from space 17408K, 0% used [0x00000000e7f00000,0x00000000e7f00000,0x00000000e9000000)
  to   space 20480K, 0% used [0x00000000eb180000,0x00000000eb180000,0x00000000ec580000)
 ParOldGen       total 180224K, used 35152K [0x00000000a0000000, 0x00000000ab000000, 0x00000000e0000000)
  object space 180224K, 19% used [0x00000000a0000000,0x00000000a2254320,0x00000000ab000000)
 Metaspace       used 57427K, capacity 59078K, committed 59096K, reserved 1099776K
  class space    used 7770K, capacity 8177K, committed 8192K, reserved 1048576K
}
Event: 10.835 GC heap before
{Heap before GC invocations=13 (full 3):
 PSYoungGen      total 147456K, used 130048K [0x00000000e0000000, 0x00000000ec580000, 0x0000000100000000)
  eden space 130048K, 100% used [0x00000000e0000000,0x00000000e7f00000,0x00000000e7f00000)
  from space 17408K, 0% used [0x00000000e7f00000,0x00000000e7f00000,0x00000000e9000000)
  to   space 20480K, 0% used [0x00000000eb180000,0x00000000eb180000,0x00000000ec580000)
 ParOldGen       total 180224K, used 35152K [0x00000000a0000000, 0x00000000ab000000, 0x00000000e0000000)
  object space 180224K, 19% used [0x00000000a0000000,0x00000000a2254320,0x00000000ab000000)
 Metaspace       used 64856K, capacity 66752K, committed 67032K, reserved 1107968K
  class space    used 8715K, capacity 9168K, committed 9216K, reserved 1048576K
Event: 10.846 GC heap after
Heap after GC invocations=13 (full 3):
 PSYoungGen      total 161792K, used 14199K [0x00000000e0000000, 0x00000000ebf80000, 0x0000000100000000)
  eden space 147456K, 0% used [0x00000000e0000000,0x00000000e0000000,0x00000000e9000000)
  from space 14336K, 99% used [0x00000000eb180000,0x00000000ebf5dff0,0x00000000ebf80000)
  to   space 20480K, 0% used [0x00000000e9780000,0x00000000e9780000,0x00000000eab80000)
 ParOldGen       total 180224K, used 35160K [0x00000000a0000000, 0x00000000ab000000, 0x00000000e0000000)
  object space 180224K, 19% used [0x00000000a0000000,0x00000000a2256320,0x00000000ab000000)
 Metaspace       used 64856K, capacity 66752K, committed 67032K, reserved 1107968K
  class space    used 8715K, capacity 9168K, committed 9216K, reserved 1048576K
}
Event: 12.333 GC heap before
{Heap before GC invocations=14 (full 3):
 PSYoungGen      total 161792K, used 161655K [0x00000000e0000000, 0x00000000ebf80000, 0x0000000100000000)
  eden space 147456K, 100% used [0x00000000e0000000,0x00000000e9000000,0x00000000e9000000)
  from space 14336K, 99% used [0x00000000eb180000,0x00000000ebf5dff0,0x00000000ebf80000)
  to   space 20480K, 0% used [0x00000000e9780000,0x00000000e9780000,0x00000000eab80000)
 ParOldGen       total 180224K, used 35160K [0x00000000a0000000, 0x00000000ab000000, 0x00000000e0000000)
  object space 180224K, 19% used [0x00000000a0000000,0x00000000a2256320,0x00000000ab000000)
 Metaspace       used 66664K, capacity 69022K, committed 69208K, reserved 1110016K
  class space    used 8949K, capacity 9497K, committed 9600K, reserved 1048576K
Event: 12.344 GC heap after
Heap after GC invocations=14 (full 3):
 PSYoungGen      total 175616K, used 20465K [0x00000000e0000000, 0x00000000ecf00000, 0x0000000100000000)
  eden space 155136K, 0% used [0x00000000e0000000,0x00000000e0000000,0x00000000e9780000)
  from space 20480K, 99% used [0x00000000e9780000,0x00000000eab7c520,0x00000000eab80000)
  to   space 23040K, 0% used [0x00000000eb880000,0x00000000eb880000,0x00000000ecf00000)
 ParOldGen       total 180224K, used 35996K [0x00000000a0000000, 0x00000000ab000000, 0x00000000e0000000)
  object space 180224K, 19% used [0x00000000a0000000,0x00000000a2327128,0x00000000ab000000)
 Metaspace       used 66664K, capacity 69022K, committed 69208K, reserved 1110016K
  class space    used 8949K, capacity 9497K, committed 9600K, reserved 1048576K
}
Event: 14.151 GC heap before
{Heap before GC invocations=15 (full 3):
 PSYoungGen      total 175616K, used 175601K [0x00000000e0000000, 0x00000000ecf00000, 0x0000000100000000)
  eden space 155136K, 100% used [0x00000000e0000000,0x00000000e9780000,0x00000000e9780000)
  from space 20480K, 99% used [0x00000000e9780000,0x00000000eab7c520,0x00000000eab80000)
  to   space 23040K, 0% used [0x00000000eb880000,0x00000000eb880000,0x00000000ecf00000)
 ParOldGen       total 180224K, used 35996K [0x00000000a0000000, 0x00000000ab000000, 0x00000000e0000000)
  object space 180224K, 19% used [0x00000000a0000000,0x00000000a2327128,0x00000000ab000000)
 Metaspace       used 70778K, capacity 73192K, committed 73304K, reserved 1112064K
  class space    used 9458K, capacity 10014K, committed 10112K, reserved 1048576K
Event: 14.164 GC heap after
Heap after GC invocations=15 (full 3):
 PSYoungGen      total 188928K, used 15857K [0x00000000e0000000, 0x00000000ed700000, 0x0000000100000000)
  eden space 165888K, 0% used [0x00000000e0000000,0x00000000e0000000,0x00000000ea200000)
  from space 23040K, 68% used [0x00000000eb880000,0x00000000ec7fc7d0,0x00000000ecf00000)
  to   space 23040K, 0% used [0x00000000ea200000,0x00000000ea200000,0x00000000eb880000)
 ParOldGen       total 180224K, used 45625K [0x00000000a0000000, 0x00000000ab000000, 0x00000000e0000000)
  object space 180224K, 25% used [0x00000000a0000000,0x00000000a2c8e478,0x00000000ab000000)
 Metaspace       used 70778K, capacity 73192K, committed 73304K, reserved 1112064K
  class space    used 9458K, capacity 10014K, committed 10112K, reserved 1048576K
}

