# JRE version: OpenJDK Runtime Environment (8.0_202-b03) (build 1.8.0_202-release-1483-b03)
# Java VM: OpenJDK 64-Bit Server VM (25.202-b03 mixed mode windows-amd64 compressed oops)
Heap:
 PSYoungGen      total 131584K, used 57689K [0x00000000e0000000, 0x00000000eb400000, 0x0000000100000000)
  eden space 119296K, 48% used [0x00000000e0000000,0x00000000e3856440,0x00000000e7480000)
  from space 12288K, 0% used [0x00000000e7480000,0x00000000e7480000,0x00000000e8080000)
  to   space 12288K, 0% used [0x00000000ea800000,0x00000000ea800000,0x00000000eb400000)
 ParOldGen       total 266752K, used 17515K [0x00000000a0000000, 0x00000000b0480000, 0x00000000e0000000)
  object space 266752K, 6% used [0x00000000a0000000,0x00000000a111af18,0x00000000b0480000)
 Metaspace       used 43570K, capacity 44488K, committed 44632K, reserved 1089536K
  class space    used 5903K, capacity 6172K, committed 6272K, reserved 1048576K
GC Heap History (10 events):
Event: 2.558 GC heap before
{Heap before GC invocations=6 (full 2):
 PSYoungGen      total 103936K, used 5983K [0x00000000e0000000, 0x00000000e7980000, 0x0000000100000000)
  eden space 93184K, 0% used [0x00000000e0000000,0x00000000e0000000,0x00000000e5b00000)
  from space 10752K, 55% used [0x00000000e6580000,0x00000000e6b57d60,0x00000000e7000000)
  to   space 10752K, 0% used [0x00000000e5b00000,0x00000000e5b00000,0x00000000e6580000)
 ParOldGen       total 112640K, used 7642K [0x00000000a0000000, 0x00000000a6e00000, 0x00000000e0000000)
  object space 112640K, 6% used [0x00000000a0000000,0x00000000a0776848,0x00000000a6e00000)
 Metaspace       used 23369K, capacity 23834K, committed 23896K, reserved 1071104K
  class space    used 3280K, capacity 3443K, committed 3456K, reserved 1048576K
Event: 2.582 GC heap after
Heap after GC invocations=6 (full 2):
 PSYoungGen      total 103936K, used 0K [0x00000000e0000000, 0x00000000e7980000, 0x0000000100000000)
  eden space 93184K, 0% used [0x00000000e0000000,0x00000000e0000000,0x00000000e5b00000)
  from space 10752K, 0% used [0x00000000e6580000,0x00000000e6580000,0x00000000e7000000)
  to   space 10752K, 0% used [0x00000000e5b00000,0x00000000e5b00000,0x00000000e6580000)
 ParOldGen       total 185856K, used 10349K [0x00000000a0000000, 0x00000000ab580000, 0x00000000e0000000)
  object space 185856K, 5% used [0x00000000a0000000,0x00000000a0a1b7b0,0x00000000ab580000)
 Metaspace       used 23369K, capacity 23834K, committed 23896K, reserved 1071104K
  class space    used 3280K, capacity 3443K, committed 3456K, reserved 1048576K
}
Event: 3.611 GC heap before
{Heap before GC invocations=7 (full 2):
 PSYoungGen      total 103936K, used 93184K [0x00000000e0000000, 0x00000000e7980000, 0x0000000100000000)
  eden space 93184K, 100% used [0x00000000e0000000,0x00000000e5b00000,0x00000000e5b00000)
  from space 10752K, 0% used [0x00000000e6580000,0x00000000e6580000,0x00000000e7000000)
  to   space 10752K, 0% used [0x00000000e5b00000,0x00000000e5b00000,0x00000000e6580000)
 ParOldGen       total 185856K, used 10349K [0x00000000a0000000, 0x00000000ab580000, 0x00000000e0000000)
  object space 185856K, 5% used [0x00000000a0000000,0x00000000a0a1b7b0,0x00000000ab580000)
 Metaspace       used 30691K, capacity 31282K, committed 31576K, reserved 1079296K
  class space    used 4198K, capacity 4400K, committed 4480K, reserved 1048576K
Event: 3.618 GC heap after
Heap after GC invocations=7 (full 2):
 PSYoungGen      total 103936K, used 9095K [0x00000000e0000000, 0x00000000e8a00000, 0x0000000100000000)
  eden space 93184K, 0% used [0x00000000e0000000,0x00000000e0000000,0x00000000e5b00000)
  from space 10752K, 84% used [0x00000000e5b00000,0x00000000e63e1cb0,0x00000000e6580000)
  to   space 9728K, 0% used [0x00000000e8080000,0x00000000e8080000,0x00000000e8a00000)
 ParOldGen       total 185856K, used 10357K [0x00000000a0000000, 0x00000000ab580000, 0x00000000e0000000)
  object space 185856K, 5% used [0x00000000a0000000,0x00000000a0a1d7b0,0x00000000ab580000)
 Metaspace       used 30691K, capacity 31282K, committed 31576K, reserved 1079296K
  class space    used 4198K, capacity 4400K, committed 4480K, reserved 1048576K
}
Event: 5.371 GC heap before
{Heap before GC invocations=8 (full 2):
 PSYoungGen      total 103936K, used 102279K [0x00000000e0000000, 0x00000000e8a00000, 0x0000000100000000)
  eden space 93184K, 100% used [0x00000000e0000000,0x00000000e5b00000,0x00000000e5b00000)
  from space 10752K, 84% used [0x00000000e5b00000,0x00000000e63e1cb0,0x00000000e6580000)
  to   space 9728K, 0% used [0x00000000e8080000,0x00000000e8080000,0x00000000e8a00000)
 ParOldGen       total 185856K, used 10357K [0x00000000a0000000, 0x00000000ab580000, 0x00000000e0000000)
  object space 185856K, 5% used [0x00000000a0000000,0x00000000a0a1d7b0,0x00000000ab580000)
 Metaspace       used 36478K, capacity 37342K, committed 37592K, reserved 1083392K
  class space    used 5017K, capacity 5306K, committed 5376K, reserved 1048576K
Event: 5.379 GC heap after
Heap after GC invocations=8 (full 2):
 PSYoungGen      total 129024K, used 9723K [0x00000000e0000000, 0x00000000e8c80000, 0x0000000100000000)
  eden space 119296K, 0% used [0x00000000e0000000,0x00000000e0000000,0x00000000e7480000)
  from space 9728K, 99% used [0x00000000e8080000,0x00000000e89feff8,0x00000000e8a00000)
  to   space 12288K, 0% used [0x00000000e7480000,0x00000000e7480000,0x00000000e8080000)
 ParOldGen       total 185856K, used 12767K [0x00000000a0000000, 0x00000000ab580000, 0x00000000e0000000)
  object space 185856K, 6% used [0x00000000a0000000,0x00000000a0c77ed8,0x00000000ab580000)
 Metaspace       used 36478K, capacity 37342K, committed 37592K, reserved 1083392K
  class space    used 5017K, capacity 5306K, committed 5376K, reserved 1048576K
}
Event: 5.673 GC heap before
{Heap before GC invocations=9 (full 2):
 PSYoungGen      total 129024K, used 26166K [0x00000000e0000000, 0x00000000e8c80000, 0x0000000100000000)
  eden space 119296K, 13% used [0x00000000e0000000,0x00000000e100ea90,0x00000000e7480000)
  from space 9728K, 99% used [0x00000000e8080000,0x00000000e89feff8,0x00000000e8a00000)
  to   space 12288K, 0% used [0x00000000e7480000,0x00000000e7480000,0x00000000e8080000)
 ParOldGen       total 185856K, used 12767K [0x00000000a0000000, 0x00000000ab580000, 0x00000000e0000000)
  object space 185856K, 6% used [0x00000000a0000000,0x00000000a0c77ed8,0x00000000ab580000)
 Metaspace       used 38773K, capacity 39664K, committed 39828K, reserved 1085440K
  class space    used 5309K, capacity 5590K, committed 5632K, reserved 1048576K
Event: 5.679 GC heap after
Heap after GC invocations=9 (full 2):
 PSYoungGen      total 131584K, used 9541K [0x00000000e0000000, 0x00000000eb400000, 0x0000000100000000)
  eden space 119296K, 0% used [0x00000000e0000000,0x00000000e0000000,0x00000000e7480000)
  from space 12288K, 77% used [0x00000000e7480000,0x00000000e7dd1790,0x00000000e8080000)
  to   space 12288K, 0% used [0x00000000ea800000,0x00000000ea800000,0x00000000eb400000)
 ParOldGen       total 185856K, used 12775K [0x00000000a0000000, 0x00000000ab580000, 0x00000000e0000000)
  object space 185856K, 6% used [0x00000000a0000000,0x00000000a0c79ed8,0x00000000ab580000)
 Metaspace       used 38773K, capacity 39664K, committed 39828K, reserved 1085440K
  class space    used 5309K, capacity 5590K, committed 5632K, reserved 1048576K
}
Event: 5.679 GC heap before
{Heap before GC invocations=10 (full 3):
 PSYoungGen      total 131584K, used 9541K [0x00000000e0000000, 0x00000000eb400000, 0x0000000100000000)
  eden space 119296K, 0% used [0x00000000e0000000,0x00000000e0000000,0x00000000e7480000)
  from space 12288K, 77% used [0x00000000e7480000,0x00000000e7dd1790,0x00000000e8080000)
  to   space 12288K, 0% used [0x00000000ea800000,0x00000000ea800000,0x00000000eb400000)
 ParOldGen       total 185856K, used 12775K [0x00000000a0000000, 0x00000000ab580000, 0x00000000e0000000)
  object space 185856K, 6% used [0x00000000a0000000,0x00000000a0c79ed8,0x00000000ab580000)
 Metaspace       used 38773K, capacity 39664K, committed 39828K, reserved 1085440K
  class space    used 5309K, capacity 5590K, committed 5632K, reserved 1048576K
Event: 5.778 GC heap after
Heap after GC invocations=10 (full 3):
 PSYoungGen      total 131584K, used 0K [0x00000000e0000000, 0x00000000eb400000, 0x0000000100000000)
  eden space 119296K, 0% used [0x00000000e0000000,0x00000000e0000000,0x00000000e7480000)
  from space 12288K, 0% used [0x00000000e7480000,0x00000000e7480000,0x00000000e8080000)
  to   space 12288K, 0% used [0x00000000ea800000,0x00000000ea800000,0x00000000eb400000)
 ParOldGen       total 266752K, used 17515K [0x00000000a0000000, 0x00000000b0480000, 0x00000000e0000000)
  object space 266752K, 6% used [0x00000000a0000000,0x00000000a111af18,0x00000000b0480000)
 Metaspace       used 38748K, capacity 39580K, committed 39828K, reserved 1085440K
  class space    used 5302K, capacity 5576K, committed 5632K, reserved 1048576K
}

