# JRE version: OpenJDK Runtime Environment (8.0_202-b03) (build 1.8.0_202-release-1483-b03)
# Java VM: OpenJDK 64-Bit Server VM (25.202-b03 mixed mode windows-amd64 compressed oops)
Heap:
 PSYoungGen      total 286208K, used 75063K [0x00000000e0000000, 0x00000000f7200000, 0x0000000100000000)
  eden space 200704K, 25% used [0x00000000e0000000,0x00000000e31a1520,0x00000000ec400000)
  from space 85504K, 28% used [0x00000000f1500000,0x00000000f2cacaa8,0x00000000f6880000)
  to   space 82944K, 0% used [0x00000000ec400000,0x00000000ec400000,0x00000000f1500000)
 ParOldGen       total 442880K, used 110778K [0x00000000a0000000, 0x00000000bb080000, 0x00000000e0000000)
  object space 442880K, 25% used [0x00000000a0000000,0x00000000a6c2ebb8,0x00000000bb080000)
 Metaspace       used 170245K, capacity 179208K, committed 179392K, reserved 1204224K
  class space    used 22170K, capacity 24020K, committed 24064K, reserved 1048576K
GC Heap History (10 events):
Event: 1090.514 GC heap before
{Heap before GC invocations=33 (full 4):
 PSYoungGen      total 281088K, used 260615K [0x00000000e0000000, 0x00000000f5b00000, 0x0000000100000000)
  eden space 212992K, 100% used [0x00000000e0000000,0x00000000ed000000,0x00000000ed000000)
  from space 68096K, 69% used [0x00000000f1680000,0x00000000f4501f58,0x00000000f5900000)
  to   space 71168K, 0% used [0x00000000ed000000,0x00000000ed000000,0x00000000f1580000)
 ParOldGen       total 442880K, used 83344K [0x00000000a0000000, 0x00000000bb080000, 0x00000000e0000000)
  object space 442880K, 18% used [0x00000000a0000000,0x00000000a5164210,0x00000000bb080000)
 Metaspace       used 135268K, capacity 142306K, committed 142680K, reserved 1173504K
  class space    used 17532K, capacity 18950K, committed 19072K, reserved 1048576K
Event: 1090.540 GC heap after
Heap after GC invocations=33 (full 4):
 PSYoungGen      total 258048K, used 48488K [0x00000000e0000000, 0x00000000f5c80000, 0x0000000100000000)
  eden space 209408K, 0% used [0x00000000e0000000,0x00000000e0000000,0x00000000ecc80000)
  from space 48640K, 99% used [0x00000000ed000000,0x00000000eff5a0d0,0x00000000eff80000)
  to   space 73728K, 0% used [0x00000000f1480000,0x00000000f1480000,0x00000000f5c80000)
 ParOldGen       total 442880K, used 83352K [0x00000000a0000000, 0x00000000bb080000, 0x00000000e0000000)
  object space 442880K, 18% used [0x00000000a0000000,0x00000000a5166210,0x00000000bb080000)
 Metaspace       used 135268K, capacity 142306K, committed 142680K, reserved 1173504K
  class space    used 17532K, capacity 18950K, committed 19072K, reserved 1048576K
}
Event: 1096.332 GC heap before
{Heap before GC invocations=34 (full 4):
 PSYoungGen      total 258048K, used 257896K [0x00000000e0000000, 0x00000000f5c80000, 0x0000000100000000)
  eden space 209408K, 100% used [0x00000000e0000000,0x00000000ecc80000,0x00000000ecc80000)
  from space 48640K, 99% used [0x00000000ed000000,0x00000000eff5a0d0,0x00000000eff80000)
  to   space 73728K, 0% used [0x00000000f1480000,0x00000000f1480000,0x00000000f5c80000)
 ParOldGen       total 442880K, used 83352K [0x00000000a0000000, 0x00000000bb080000, 0x00000000e0000000)
  object space 442880K, 18% used [0x00000000a0000000,0x00000000a5166210,0x00000000bb080000)
 Metaspace       used 146900K, capacity 154770K, committed 155096K, reserved 1183744K
  class space    used 19055K, capacity 20654K, committed 20736K, reserved 1048576K
Event: 1096.369 GC heap after
Heap after GC invocations=34 (full 4):
 PSYoungGen      total 275456K, used 64320K [0x00000000e0000000, 0x00000000f6800000, 0x0000000100000000)
  eden space 201728K, 0% used [0x00000000e0000000,0x00000000e0000000,0x00000000ec500000)
  from space 73728K, 87% used [0x00000000f1480000,0x00000000f5350368,0x00000000f5c80000)
  to   space 81408K, 0% used [0x00000000ec500000,0x00000000ec500000,0x00000000f1480000)
 ParOldGen       total 442880K, used 83360K [0x00000000a0000000, 0x00000000bb080000, 0x00000000e0000000)
  object space 442880K, 18% used [0x00000000a0000000,0x00000000a5168210,0x00000000bb080000)
 Metaspace       used 146900K, capacity 154770K, committed 155096K, reserved 1183744K
  class space    used 19055K, capacity 20654K, committed 20736K, reserved 1048576K
}
Event: 1211.041 GC heap before
{Heap before GC invocations=35 (full 4):
 PSYoungGen      total 275456K, used 239931K [0x00000000e0000000, 0x00000000f6800000, 0x0000000100000000)
  eden space 201728K, 87% used [0x00000000e0000000,0x00000000eab7e8b8,0x00000000ec500000)
  from space 73728K, 87% used [0x00000000f1480000,0x00000000f5350368,0x00000000f5c80000)
  to   space 81408K, 0% used [0x00000000ec500000,0x00000000ec500000,0x00000000f1480000)
 ParOldGen       total 442880K, used 83360K [0x00000000a0000000, 0x00000000bb080000, 0x00000000e0000000)
  object space 442880K, 18% used [0x00000000a0000000,0x00000000a5168210,0x00000000bb080000)
 Metaspace       used 155802K, capacity 164020K, committed 164160K, reserved 1191936K
  class space    used 20102K, capacity 21823K, committed 21888K, reserved 1048576K
Event: 1211.065 GC heap after
Heap after GC invocations=35 (full 4):
 PSYoungGen      total 279552K, used 58976K [0x00000000e0000000, 0x00000000f6880000, 0x0000000100000000)
  eden space 198144K, 0% used [0x00000000e0000000,0x00000000e0000000,0x00000000ec180000)
  from space 81408K, 72% used [0x00000000ec500000,0x00000000efe98008,0x00000000f1480000)
  to   space 85504K, 0% used [0x00000000f1500000,0x00000000f1500000,0x00000000f6880000)
 ParOldGen       total 442880K, used 83368K [0x00000000a0000000, 0x00000000bb080000, 0x00000000e0000000)
  object space 442880K, 18% used [0x00000000a0000000,0x00000000a516a210,0x00000000bb080000)
 Metaspace       used 155802K, capacity 164020K, committed 164160K, reserved 1191936K
  class space    used 20102K, capacity 21823K, committed 21888K, reserved 1048576K
}
Event: 1211.065 GC heap before
{Heap before GC invocations=36 (full 5):
 PSYoungGen      total 279552K, used 58976K [0x00000000e0000000, 0x00000000f6880000, 0x0000000100000000)
  eden space 198144K, 0% used [0x00000000e0000000,0x00000000e0000000,0x00000000ec180000)
  from space 81408K, 72% used [0x00000000ec500000,0x00000000efe98008,0x00000000f1480000)
  to   space 85504K, 0% used [0x00000000f1500000,0x00000000f1500000,0x00000000f6880000)
 ParOldGen       total 442880K, used 83368K [0x00000000a0000000, 0x00000000bb080000, 0x00000000e0000000)
  object space 442880K, 18% used [0x00000000a0000000,0x00000000a516a210,0x00000000bb080000)
 Metaspace       used 155802K, capacity 164020K, committed 164160K, reserved 1191936K
  class space    used 20102K, capacity 21823K, committed 21888K, reserved 1048576K
Event: 1211.267 GC heap after
Heap after GC invocations=36 (full 5):
 PSYoungGen      total 279552K, used 0K [0x00000000e0000000, 0x00000000f6880000, 0x0000000100000000)
  eden space 198144K, 0% used [0x00000000e0000000,0x00000000e0000000,0x00000000ec180000)
  from space 81408K, 0% used [0x00000000ec500000,0x00000000ec500000,0x00000000f1480000)
  to   space 85504K, 0% used [0x00000000f1500000,0x00000000f1500000,0x00000000f6880000)
 ParOldGen       total 442880K, used 110770K [0x00000000a0000000, 0x00000000bb080000, 0x00000000e0000000)
  object space 442880K, 25% used [0x00000000a0000000,0x00000000a6c2cbb8,0x00000000bb080000)
 Metaspace       used 155802K, capacity 164020K, committed 164160K, reserved 1191936K
  class space    used 20102K, capacity 21823K, committed 21888K, reserved 1048576K
}
Event: 1212.481 GC heap before
{Heap before GC invocations=37 (full 5):
 PSYoungGen      total 279552K, used 198144K [0x00000000e0000000, 0x00000000f6880000, 0x0000000100000000)
  eden space 198144K, 100% used [0x00000000e0000000,0x00000000ec180000,0x00000000ec180000)
  from space 81408K, 0% used [0x00000000ec500000,0x00000000ec500000,0x00000000f1480000)
  to   space 85504K, 0% used [0x00000000f1500000,0x00000000f1500000,0x00000000f6880000)
 ParOldGen       total 442880K, used 110770K [0x00000000a0000000, 0x00000000bb080000, 0x00000000e0000000)
  object space 442880K, 25% used [0x00000000a0000000,0x00000000a6c2cbb8,0x00000000bb080000)
 Metaspace       used 168273K, capacity 177090K, committed 177344K, reserved 1202176K
  class space    used 21839K, capacity 23700K, committed 23808K, reserved 1048576K
Event: 1212.493 GC heap after
Heap after GC invocations=37 (full 5):
 PSYoungGen      total 286208K, used 24242K [0x00000000e0000000, 0x00000000f7200000, 0x0000000100000000)
  eden space 200704K, 0% used [0x00000000e0000000,0x00000000e0000000,0x00000000ec400000)
  from space 85504K, 28% used [0x00000000f1500000,0x00000000f2cacaa8,0x00000000f6880000)
  to   space 82944K, 0% used [0x00000000ec400000,0x00000000ec400000,0x00000000f1500000)
 ParOldGen       total 442880K, used 110778K [0x00000000a0000000, 0x00000000bb080000, 0x00000000e0000000)
  object space 442880K, 25% used [0x00000000a0000000,0x00000000a6c2ebb8,0x00000000bb080000)
 Metaspace       used 168273K, capacity 177090K, committed 177344K, reserved 1202176K
  class space    used 21839K, capacity 23700K, committed 23808K, reserved 1048576K
}

