# JRE version: OpenJDK Runtime Environment (8.0_202-b03) (build 1.8.0_202-release-1483-b03)
# Java VM: OpenJDK 64-Bit Server VM (25.202-b03 mixed mode windows-amd64 compressed oops)
Heap:
 PSYoungGen      total 281600K, used 187070K [0x00000000e0000000, 0x00000000f6280000, 0x0000000100000000)
  eden space 215552K, 59% used [0x00000000e0000000,0x00000000e7d5e4a0,0x00000000ed280000)
  from space 66048K, 88% used [0x00000000ed780000,0x00000000f10d14b0,0x00000000f1800000)
  to   space 73728K, 0% used [0x00000000f1a80000,0x00000000f1a80000,0x00000000f6280000)
 ParOldGen       total 280064K, used 77809K [0x00000000a0000000, 0x00000000b1180000, 0x00000000e0000000)
  object space 280064K, 27% used [0x00000000a0000000,0x00000000a4bfc668,0x00000000b1180000)
 Metaspace       used 86245K, capacity 91216K, committed 91288K, reserved 1128448K
  class space    used 11132K, capacity 12149K, committed 12200K, reserved 1048576K
GC Heap History (10 events):
Event: 14.904 GC heap before
{Heap before GC invocations=18 (full 3):
 PSYoungGen      total 219136K, used 219117K [0x00000000e0000000, 0x00000000f0680000, 0x0000000100000000)
  eden space 185344K, 100% used [0x00000000e0000000,0x00000000eb500000,0x00000000eb500000)
  from space 33792K, 99% used [0x00000000edc00000,0x00000000efcfb430,0x00000000efd00000)
  to   space 39936K, 0% used [0x00000000eb500000,0x00000000eb500000,0x00000000edc00000)
 ParOldGen       total 280064K, used 52489K [0x00000000a0000000, 0x00000000b1180000, 0x00000000e0000000)
  object space 280064K, 18% used [0x00000000a0000000,0x00000000a33425f8,0x00000000b1180000)
 Metaspace       used 74938K, capacity 78136K, committed 78360K, reserved 1116160K
  class space    used 10114K, capacity 10780K, committed 10792K, reserved 1048576K
Event: 14.923 GC heap after
Heap after GC invocations=18 (full 3):
 PSYoungGen      total 225280K, used 39912K [0x00000000e0000000, 0x00000000f3080000, 0x0000000100000000)
  eden space 185344K, 0% used [0x00000000e0000000,0x00000000e0000000,0x00000000eb500000)
  from space 39936K, 99% used [0x00000000eb500000,0x00000000edbfa010,0x00000000edc00000)
  to   space 46592K, 0% used [0x00000000f0300000,0x00000000f0300000,0x00000000f3080000)
 ParOldGen       total 280064K, used 54633K [0x00000000a0000000, 0x00000000b1180000, 0x00000000e0000000)
  object space 280064K, 19% used [0x00000000a0000000,0x00000000a355a6e8,0x00000000b1180000)
 Metaspace       used 74938K, capacity 78136K, committed 78360K, reserved 1116160K
  class space    used 10114K, capacity 10780K, committed 10792K, reserved 1048576K
}
Event: 280.035 GC heap before
{Heap before GC invocations=19 (full 3):
 PSYoungGen      total 225280K, used 225256K [0x00000000e0000000, 0x00000000f3080000, 0x0000000100000000)
  eden space 185344K, 100% used [0x00000000e0000000,0x00000000eb500000,0x00000000eb500000)
  from space 39936K, 99% used [0x00000000eb500000,0x00000000edbfa010,0x00000000edc00000)
  to   space 46592K, 0% used [0x00000000f0300000,0x00000000f0300000,0x00000000f3080000)
 ParOldGen       total 280064K, used 54633K [0x00000000a0000000, 0x00000000b1180000, 0x00000000e0000000)
  object space 280064K, 19% used [0x00000000a0000000,0x00000000a355a6e8,0x00000000b1180000)
 Metaspace       used 79537K, capacity 83350K, committed 83480K, reserved 1122304K
  class space    used 10494K, capacity 11239K, committed 11304K, reserved 1048576K
Event: 280.070 GC heap after
Heap after GC invocations=19 (full 3):
 PSYoungGen      total 255488K, used 46567K [0x00000000e0000000, 0x00000000f3d80000, 0x0000000100000000)
  eden space 208896K, 0% used [0x00000000e0000000,0x00000000e0000000,0x00000000ecc00000)
  from space 46592K, 99% used [0x00000000f0300000,0x00000000f3079fd0,0x00000000f3080000)
  to   space 56320K, 0% used [0x00000000ecc00000,0x00000000ecc00000,0x00000000f0300000)
 ParOldGen       total 280064K, used 62773K [0x00000000a0000000, 0x00000000b1180000, 0x00000000e0000000)
  object space 280064K, 22% used [0x00000000a0000000,0x00000000a3d4d588,0x00000000b1180000)
 Metaspace       used 79537K, capacity 83350K, committed 83480K, reserved 1122304K
  class space    used 10494K, capacity 11239K, committed 11304K, reserved 1048576K
}
Event: 282.538 GC heap before
{Heap before GC invocations=20 (full 3):
 PSYoungGen      total 255488K, used 255463K [0x00000000e0000000, 0x00000000f3d80000, 0x0000000100000000)
  eden space 208896K, 100% used [0x00000000e0000000,0x00000000ecc00000,0x00000000ecc00000)
  from space 46592K, 99% used [0x00000000f0300000,0x00000000f3079fd0,0x00000000f3080000)
  to   space 56320K, 0% used [0x00000000ecc00000,0x00000000ecc00000,0x00000000f0300000)
 ParOldGen       total 280064K, used 62773K [0x00000000a0000000, 0x00000000b1180000, 0x00000000e0000000)
  object space 280064K, 22% used [0x00000000a0000000,0x00000000a3d4d588,0x00000000b1180000)
 Metaspace       used 79972K, capacity 84148K, committed 84376K, reserved 1122304K
  class space    used 10545K, capacity 11356K, committed 11432K, reserved 1048576K
Event: 282.562 GC heap after
Heap after GC invocations=20 (full 3):
 PSYoungGen      total 265216K, used 37875K [0x00000000e0000000, 0x00000000f5100000, 0x0000000100000000)
  eden space 208896K, 0% used [0x00000000e0000000,0x00000000e0000000,0x00000000ecc00000)
  from space 56320K, 67% used [0x00000000ecc00000,0x00000000ef0fcc80,0x00000000f0300000)
  to   space 58368K, 0% used [0x00000000f1800000,0x00000000f1800000,0x00000000f5100000)
 ParOldGen       total 280064K, used 77729K [0x00000000a0000000, 0x00000000b1180000, 0x00000000e0000000)
  object space 280064K, 27% used [0x00000000a0000000,0x00000000a4be8658,0x00000000b1180000)
 Metaspace       used 79972K, capacity 84148K, committed 84376K, reserved 1122304K
  class space    used 10545K, capacity 11356K, committed 11432K, reserved 1048576K
}
Event: 356.760 GC heap before
{Heap before GC invocations=21 (full 3):
 PSYoungGen      total 265216K, used 246771K [0x00000000e0000000, 0x00000000f5100000, 0x0000000100000000)
  eden space 208896K, 100% used [0x00000000e0000000,0x00000000ecc00000,0x00000000ecc00000)
  from space 56320K, 67% used [0x00000000ecc00000,0x00000000ef0fcc80,0x00000000f0300000)
  to   space 58368K, 0% used [0x00000000f1800000,0x00000000f1800000,0x00000000f5100000)
 ParOldGen       total 280064K, used 77729K [0x00000000a0000000, 0x00000000b1180000, 0x00000000e0000000)
  object space 280064K, 27% used [0x00000000a0000000,0x00000000a4be8658,0x00000000b1180000)
 Metaspace       used 85108K, capacity 89940K, committed 90136K, reserved 1128448K
  class space    used 11040K, capacity 12035K, committed 12072K, reserved 1048576K
Event: 356.783 GC heap after
Heap after GC invocations=21 (full 3):
 PSYoungGen      total 279040K, used 56323K [0x00000000e0000000, 0x00000000f5c00000, 0x0000000100000000)
  eden space 220672K, 0% used [0x00000000e0000000,0x00000000e0000000,0x00000000ed780000)
  from space 58368K, 96% used [0x00000000f1800000,0x00000000f4f00de0,0x00000000f5100000)
  to   space 66048K, 0% used [0x00000000ed780000,0x00000000ed780000,0x00000000f1800000)
 ParOldGen       total 280064K, used 77737K [0x00000000a0000000, 0x00000000b1180000, 0x00000000e0000000)
  object space 280064K, 27% used [0x00000000a0000000,0x00000000a4bea658,0x00000000b1180000)
 Metaspace       used 85108K, capacity 89940K, committed 90136K, reserved 1128448K
  class space    used 11040K, capacity 12035K, committed 12072K, reserved 1048576K
}
Event: 370.482 GC heap before
{Heap before GC invocations=22 (full 3):
 PSYoungGen      total 279040K, used 276995K [0x00000000e0000000, 0x00000000f5c00000, 0x0000000100000000)
  eden space 220672K, 100% used [0x00000000e0000000,0x00000000ed780000,0x00000000ed780000)
  from space 58368K, 96% used [0x00000000f1800000,0x00000000f4f00de0,0x00000000f5100000)
  to   space 66048K, 0% used [0x00000000ed780000,0x00000000ed780000,0x00000000f1800000)
 ParOldGen       total 280064K, used 77737K [0x00000000a0000000, 0x00000000b1180000, 0x00000000e0000000)
  object space 280064K, 27% used [0x00000000a0000000,0x00000000a4bea658,0x00000000b1180000)
 Metaspace       used 86217K, capacity 91088K, committed 91288K, reserved 1128448K
  class space    used 11132K, capacity 12149K, committed 12200K, reserved 1048576K
Event: 370.503 GC heap after
Heap after GC invocations=22 (full 3):
 PSYoungGen      total 281600K, used 58693K [0x00000000e0000000, 0x00000000f6280000, 0x0000000100000000)
  eden space 215552K, 0% used [0x00000000e0000000,0x00000000e0000000,0x00000000ed280000)
  from space 66048K, 88% used [0x00000000ed780000,0x00000000f10d14b0,0x00000000f1800000)
  to   space 73728K, 0% used [0x00000000f1a80000,0x00000000f1a80000,0x00000000f6280000)
 ParOldGen       total 280064K, used 77809K [0x00000000a0000000, 0x00000000b1180000, 0x00000000e0000000)
  object space 280064K, 27% used [0x00000000a0000000,0x00000000a4bfc668,0x00000000b1180000)
 Metaspace       used 86217K, capacity 91088K, committed 91288K, reserved 1128448K
  class space    used 11132K, capacity 12149K, committed 12200K, reserved 1048576K
}

