# JRE version: OpenJDK Runtime Environment (8.0_202-b03) (build 1.8.0_202-release-1483-b03)
# Java VM: OpenJDK 64-Bit Server VM (25.202-b03 mixed mode windows-amd64 compressed oops)
Heap:
 PSYoungGen      total 159744K, used 17058K [0x00000000e0000000, 0x00000000eb780000, 0x0000000100000000)
  eden space 147968K, 11% used [0x00000000e0000000,0x00000000e10a8ba0,0x00000000e9080000)
  from space 11776K, 0% used [0x00000000eac00000,0x00000000eac00000,0x00000000eb780000)
  to   space 19968K, 0% used [0x00000000e9080000,0x00000000e9080000,0x00000000ea400000)
 ParOldGen       total 180736K, used 32250K [0x00000000a0000000, 0x00000000ab080000, 0x00000000e0000000)
  object space 180736K, 17% used [0x00000000a0000000,0x00000000a1f7e8c0,0x00000000ab080000)
 Metaspace       used 60785K, capacity 62496K, committed 62744K, reserved 1103872K
  class space    used 8208K, capacity 8657K, committed 8744K, reserved 1048576K
GC Heap History (10 events):
Event: 6.546 GC heap before
{Heap before GC invocations=10 (full 2):
 PSYoungGen      total 115712K, used 115691K [0x00000000e0000000, 0x00000000ea080000, 0x0000000100000000)
  eden space 102912K, 100% used [0x00000000e0000000,0x00000000e6480000,0x00000000e6480000)
  from space 12800K, 99% used [0x00000000e6480000,0x00000000e70faf00,0x00000000e7100000)
  to   space 14848K, 0% used [0x00000000e9200000,0x00000000e9200000,0x00000000ea080000)
 ParOldGen       total 180736K, used 18013K [0x00000000a0000000, 0x00000000ab080000, 0x00000000e0000000)
  object space 180736K, 9% used [0x00000000a0000000,0x00000000a1197770,0x00000000ab080000)
 Metaspace       used 53572K, capacity 55078K, committed 55336K, reserved 1097728K
  class space    used 7223K, capacity 7650K, committed 7720K, reserved 1048576K
Event: 6.559 GC heap after
Heap after GC invocations=10 (full 2):
 PSYoungGen      total 146432K, used 14846K [0x00000000e0000000, 0x00000000ea700000, 0x0000000100000000)
  eden space 131584K, 0% used [0x00000000e0000000,0x00000000e0000000,0x00000000e8080000)
  from space 14848K, 99% used [0x00000000e9200000,0x00000000ea07fb18,0x00000000ea080000)
  to   space 17920K, 0% used [0x00000000e8080000,0x00000000e8080000,0x00000000e9200000)
 ParOldGen       total 180736K, used 21526K [0x00000000a0000000, 0x00000000ab080000, 0x00000000e0000000)
  object space 180736K, 11% used [0x00000000a0000000,0x00000000a1505a40,0x00000000ab080000)
 Metaspace       used 53572K, capacity 55078K, committed 55336K, reserved 1097728K
  class space    used 7223K, capacity 7650K, committed 7720K, reserved 1048576K
}
Event: 7.459 GC heap before
{Heap before GC invocations=11 (full 2):
 PSYoungGen      total 146432K, used 66662K [0x00000000e0000000, 0x00000000ea700000, 0x0000000100000000)
  eden space 131584K, 39% used [0x00000000e0000000,0x00000000e3299fe8,0x00000000e8080000)
  from space 14848K, 99% used [0x00000000e9200000,0x00000000ea07fb18,0x00000000ea080000)
  to   space 17920K, 0% used [0x00000000e8080000,0x00000000e8080000,0x00000000e9200000)
 ParOldGen       total 180736K, used 21526K [0x00000000a0000000, 0x00000000ab080000, 0x00000000e0000000)
  object space 180736K, 11% used [0x00000000a0000000,0x00000000a1505a40,0x00000000ab080000)
 Metaspace       used 57435K, capacity 59026K, committed 59160K, reserved 1099776K
  class space    used 7796K, capacity 8232K, committed 8232K, reserved 1048576K
Event: 7.469 GC heap after
Heap after GC invocations=11 (full 2):
 PSYoungGen      total 149504K, used 17013K [0x00000000e0000000, 0x00000000ebf00000, 0x0000000100000000)
  eden space 131584K, 0% used [0x00000000e0000000,0x00000000e0000000,0x00000000e8080000)
  from space 17920K, 94% used [0x00000000e8080000,0x00000000e911d6c8,0x00000000e9200000)
  to   space 19456K, 0% used [0x00000000eac00000,0x00000000eac00000,0x00000000ebf00000)
 ParOldGen       total 180736K, used 21598K [0x00000000a0000000, 0x00000000ab080000, 0x00000000e0000000)
  object space 180736K, 11% used [0x00000000a0000000,0x00000000a1517a50,0x00000000ab080000)
 Metaspace       used 57435K, capacity 59026K, committed 59160K, reserved 1099776K
  class space    used 7796K, capacity 8232K, committed 8232K, reserved 1048576K
}
Event: 7.469 GC heap before
{Heap before GC invocations=12 (full 3):
 PSYoungGen      total 149504K, used 17013K [0x00000000e0000000, 0x00000000ebf00000, 0x0000000100000000)
  eden space 131584K, 0% used [0x00000000e0000000,0x00000000e0000000,0x00000000e8080000)
  from space 17920K, 94% used [0x00000000e8080000,0x00000000e911d6c8,0x00000000e9200000)
  to   space 19456K, 0% used [0x00000000eac00000,0x00000000eac00000,0x00000000ebf00000)
 ParOldGen       total 180736K, used 21598K [0x00000000a0000000, 0x00000000ab080000, 0x00000000e0000000)
  object space 180736K, 11% used [0x00000000a0000000,0x00000000a1517a50,0x00000000ab080000)
 Metaspace       used 57435K, capacity 59026K, committed 59160K, reserved 1099776K
  class space    used 7796K, capacity 8232K, committed 8232K, reserved 1048576K
Event: 7.649 GC heap after
Heap after GC invocations=12 (full 3):
 PSYoungGen      total 149504K, used 0K [0x00000000e0000000, 0x00000000ebf00000, 0x0000000100000000)
  eden space 131584K, 0% used [0x00000000e0000000,0x00000000e0000000,0x00000000e8080000)
  from space 17920K, 0% used [0x00000000e8080000,0x00000000e8080000,0x00000000e9200000)
  to   space 19456K, 0% used [0x00000000eac00000,0x00000000eac00000,0x00000000ebf00000)
 ParOldGen       total 180736K, used 31494K [0x00000000a0000000, 0x00000000ab080000, 0x00000000e0000000)
  object space 180736K, 17% used [0x00000000a0000000,0x00000000a1ec19d8,0x00000000ab080000)
 Metaspace       used 57435K, capacity 59026K, committed 59160K, reserved 1099776K
  class space    used 7796K, capacity 8232K, committed 8232K, reserved 1048576K
}
Event: 8.924 GC heap before
{Heap before GC invocations=13 (full 3):
 PSYoungGen      total 149504K, used 32240K [0x00000000e0000000, 0x00000000ebf00000, 0x0000000100000000)
  eden space 131584K, 24% used [0x00000000e0000000,0x00000000e1f7c070,0x00000000e8080000)
  from space 17920K, 0% used [0x00000000e8080000,0x00000000e8080000,0x00000000e9200000)
  to   space 19456K, 0% used [0x00000000eac00000,0x00000000eac00000,0x00000000ebf00000)
 ParOldGen       total 180736K, used 31494K [0x00000000a0000000, 0x00000000ab080000, 0x00000000e0000000)
  object space 180736K, 17% used [0x00000000a0000000,0x00000000a1ec19d8,0x00000000ab080000)
 Metaspace       used 59950K, capacity 61492K, committed 61592K, reserved 1105920K
  class space    used 8113K, capacity 8557K, committed 8616K, reserved 1048576K
Event: 8.926 GC heap after
Heap after GC invocations=13 (full 3):
 PSYoungGen      total 159744K, used 3615K [0x00000000e0000000, 0x00000000eb780000, 0x0000000100000000)
  eden space 147968K, 0% used [0x00000000e0000000,0x00000000e0000000,0x00000000e9080000)
  from space 11776K, 30% used [0x00000000eac00000,0x00000000eaf87fc8,0x00000000eb780000)
  to   space 19968K, 0% used [0x00000000e9080000,0x00000000e9080000,0x00000000ea400000)
 ParOldGen       total 180736K, used 31502K [0x00000000a0000000, 0x00000000ab080000, 0x00000000e0000000)
  object space 180736K, 17% used [0x00000000a0000000,0x00000000a1ec39d8,0x00000000ab080000)
 Metaspace       used 59950K, capacity 61492K, committed 61592K, reserved 1105920K
  class space    used 8113K, capacity 8557K, committed 8616K, reserved 1048576K
}
Event: 8.926 GC heap before
{Heap before GC invocations=14 (full 4):
 PSYoungGen      total 159744K, used 3615K [0x00000000e0000000, 0x00000000eb780000, 0x0000000100000000)
  eden space 147968K, 0% used [0x00000000e0000000,0x00000000e0000000,0x00000000e9080000)
  from space 11776K, 30% used [0x00000000eac00000,0x00000000eaf87fc8,0x00000000eb780000)
  to   space 19968K, 0% used [0x00000000e9080000,0x00000000e9080000,0x00000000ea400000)
 ParOldGen       total 180736K, used 31502K [0x00000000a0000000, 0x00000000ab080000, 0x00000000e0000000)
  object space 180736K, 17% used [0x00000000a0000000,0x00000000a1ec39d8,0x00000000ab080000)
 Metaspace       used 59950K, capacity 61492K, committed 61592K, reserved 1105920K
  class space    used 8113K, capacity 8557K, committed 8616K, reserved 1048576K
Event: 8.973 GC heap after
Heap after GC invocations=14 (full 4):
 PSYoungGen      total 159744K, used 0K [0x00000000e0000000, 0x00000000eb780000, 0x0000000100000000)
  eden space 147968K, 0% used [0x00000000e0000000,0x00000000e0000000,0x00000000e9080000)
  from space 11776K, 0% used [0x00000000eac00000,0x00000000eac00000,0x00000000eb780000)
  to   space 19968K, 0% used [0x00000000e9080000,0x00000000e9080000,0x00000000ea400000)
 ParOldGen       total 180736K, used 32250K [0x00000000a0000000, 0x00000000ab080000, 0x00000000e0000000)
  object space 180736K, 17% used [0x00000000a0000000,0x00000000a1f7e8c0,0x00000000ab080000)
 Metaspace       used 59950K, capacity 61492K, committed 61592K, reserved 1103872K
  class space    used 8113K, capacity 8557K, committed 8616K, reserved 1048576K
}

