# JRE version: OpenJDK Runtime Environment (8.0_202-b03) (build 1.8.0_202-release-1483-b03)
# Java VM: OpenJDK 64-Bit Server VM (25.202-b03 mixed mode windows-amd64 compressed oops)
Heap:
 PSYoungGen      total 226816K, used 183086K [0x00000000e0000000, 0x00000000f2c80000, 0x0000000100000000)
  eden space 188416K, 84% used [0x00000000e0000000,0x00000000e9b8d470,0x00000000eb800000)
  from space 38400K, 61% used [0x00000000eb800000,0x00000000ecf3e400,0x00000000edd80000)
  to   space 38400K, 0% used [0x00000000f0700000,0x00000000f0700000,0x00000000f2c80000)
 ParOldGen       total 281088K, used 83232K [0x00000000a0000000, 0x00000000b1280000, 0x00000000e0000000)
  object space 281088K, 29% used [0x00000000a0000000,0x00000000a5148110,0x00000000b1280000)
 Metaspace       used 69705K, capacity 72538K, committed 72856K, reserved 1112064K
  class space    used 9148K, capacity 9789K, committed 9896K, reserved 1048576K
GC Heap History (10 events):
Event: 9.123 GC heap before
{Heap before GC invocations=14 (full 3):
 PSYoungGen      total 163840K, used 163517K [0x00000000e0000000, 0x00000000ec380000, 0x0000000100000000)
  eden space 150016K, 100% used [0x00000000e0000000,0x00000000e9280000,0x00000000e9280000)
  from space 13824K, 97% used [0x00000000eb600000,0x00000000ec32f4a8,0x00000000ec380000)
  to   space 21504K, 0% used [0x00000000e9980000,0x00000000e9980000,0x00000000eae80000)
 ParOldGen       total 281088K, used 41070K [0x00000000a0000000, 0x00000000b1280000, 0x00000000e0000000)
  object space 281088K, 14% used [0x00000000a0000000,0x00000000a281bbe8,0x00000000b1280000)
 Metaspace       used 64203K, capacity 66722K, committed 66840K, reserved 1107968K
  class space    used 8604K, capacity 9169K, committed 9256K, reserved 1048576K
Event: 9.136 GC heap after
Heap after GC invocations=14 (full 3):
 PSYoungGen      total 178688K, used 21473K [0x00000000e0000000, 0x00000000ed680000, 0x0000000100000000)
  eden space 157184K, 0% used [0x00000000e0000000,0x00000000e0000000,0x00000000e9980000)
  from space 21504K, 99% used [0x00000000e9980000,0x00000000eae784f0,0x00000000eae80000)
  to   space 24576K, 0% used [0x00000000ebe80000,0x00000000ebe80000,0x00000000ed680000)
 ParOldGen       total 281088K, used 41724K [0x00000000a0000000, 0x00000000b1280000, 0x00000000e0000000)
  object space 281088K, 14% used [0x00000000a0000000,0x00000000a28bf2a8,0x00000000b1280000)
 Metaspace       used 64203K, capacity 66722K, committed 66840K, reserved 1107968K
  class space    used 8604K, capacity 9169K, committed 9256K, reserved 1048576K
}
Event: 10.612 GC heap before
{Heap before GC invocations=15 (full 3):
 PSYoungGen      total 178688K, used 178657K [0x00000000e0000000, 0x00000000ed680000, 0x0000000100000000)
  eden space 157184K, 100% used [0x00000000e0000000,0x00000000e9980000,0x00000000e9980000)
  from space 21504K, 99% used [0x00000000e9980000,0x00000000eae784f0,0x00000000eae80000)
  to   space 24576K, 0% used [0x00000000ebe80000,0x00000000ebe80000,0x00000000ed680000)
 ParOldGen       total 281088K, used 41724K [0x00000000a0000000, 0x00000000b1280000, 0x00000000e0000000)
  object space 281088K, 14% used [0x00000000a0000000,0x00000000a28bf2a8,0x00000000b1280000)
 Metaspace       used 65971K, capacity 68624K, committed 68888K, reserved 1107968K
  class space    used 8824K, capacity 9398K, committed 9512K, reserved 1048576K
Event: 10.628 GC heap after
Heap after GC invocations=15 (full 3):
 PSYoungGen      total 188928K, used 24558K [0x00000000e0000000, 0x00000000ee980000, 0x0000000100000000)
  eden space 164352K, 0% used [0x00000000e0000000,0x00000000e0000000,0x00000000ea080000)
  from space 24576K, 99% used [0x00000000ebe80000,0x00000000ed67bbb8,0x00000000ed680000)
  to   space 30720K, 0% used [0x00000000ea080000,0x00000000ea080000,0x00000000ebe80000)
 ParOldGen       total 281088K, used 50978K [0x00000000a0000000, 0x00000000b1280000, 0x00000000e0000000)
  object space 281088K, 18% used [0x00000000a0000000,0x00000000a31c8b98,0x00000000b1280000)
 Metaspace       used 65971K, capacity 68624K, committed 68888K, reserved 1107968K
  class space    used 8824K, capacity 9398K, committed 9512K, reserved 1048576K
}
Event: 12.150 GC heap before
{Heap before GC invocations=16 (full 3):
 PSYoungGen      total 188928K, used 188910K [0x00000000e0000000, 0x00000000ee980000, 0x0000000100000000)
  eden space 164352K, 100% used [0x00000000e0000000,0x00000000ea080000,0x00000000ea080000)
  from space 24576K, 99% used [0x00000000ebe80000,0x00000000ed67bbb8,0x00000000ed680000)
  to   space 30720K, 0% used [0x00000000ea080000,0x00000000ea080000,0x00000000ebe80000)
 ParOldGen       total 281088K, used 50978K [0x00000000a0000000, 0x00000000b1280000, 0x00000000e0000000)
  object space 281088K, 18% used [0x00000000a0000000,0x00000000a31c8b98,0x00000000b1280000)
 Metaspace       used 68019K, capacity 70742K, committed 70936K, reserved 1110016K
  class space    used 9005K, capacity 9649K, committed 9768K, reserved 1048576K
Event: 12.171 GC heap after
Heap after GC invocations=16 (full 3):
 PSYoungGen      total 195072K, used 30702K [0x00000000e0000000, 0x00000000f0500000, 0x0000000100000000)
  eden space 164352K, 0% used [0x00000000e0000000,0x00000000e0000000,0x00000000ea080000)
  from space 30720K, 99% used [0x00000000ea080000,0x00000000ebe7b848,0x00000000ebe80000)
  to   space 40448K, 0% used [0x00000000edd80000,0x00000000edd80000,0x00000000f0500000)
 ParOldGen       total 281088K, used 66344K [0x00000000a0000000, 0x00000000b1280000, 0x00000000e0000000)
  object space 281088K, 23% used [0x00000000a0000000,0x00000000a40ca120,0x00000000b1280000)
 Metaspace       used 68019K, capacity 70742K, committed 70936K, reserved 1110016K
  class space    used 9005K, capacity 9649K, committed 9768K, reserved 1048576K
}
Event: 12.514 GC heap before
{Heap before GC invocations=17 (full 3):
 PSYoungGen      total 195072K, used 195054K [0x00000000e0000000, 0x00000000f0500000, 0x0000000100000000)
  eden space 164352K, 100% used [0x00000000e0000000,0x00000000ea080000,0x00000000ea080000)
  from space 30720K, 99% used [0x00000000ea080000,0x00000000ebe7b848,0x00000000ebe80000)
  to   space 40448K, 0% used [0x00000000edd80000,0x00000000edd80000,0x00000000f0500000)
 ParOldGen       total 281088K, used 66344K [0x00000000a0000000, 0x00000000b1280000, 0x00000000e0000000)
  object space 281088K, 23% used [0x00000000a0000000,0x00000000a40ca120,0x00000000b1280000)
 Metaspace       used 69544K, capacity 72340K, committed 72600K, reserved 1112064K
  class space    used 9145K, capacity 9788K, committed 9896K, reserved 1048576K
Event: 12.533 GC heap after
Heap after GC invocations=17 (full 3):
 PSYoungGen      total 228864K, used 18594K [0x00000000e0000000, 0x00000000f0c00000, 0x0000000100000000)
  eden space 188416K, 0% used [0x00000000e0000000,0x00000000e0000000,0x00000000eb800000)
  from space 40448K, 45% used [0x00000000edd80000,0x00000000eefa8a30,0x00000000f0500000)
  to   space 38400K, 0% used [0x00000000eb800000,0x00000000eb800000,0x00000000edd80000)
 ParOldGen       total 281088K, used 83232K [0x00000000a0000000, 0x00000000b1280000, 0x00000000e0000000)
  object space 281088K, 29% used [0x00000000a0000000,0x00000000a5148110,0x00000000b1280000)
 Metaspace       used 69544K, capacity 72340K, committed 72600K, reserved 1112064K
  class space    used 9145K, capacity 9788K, committed 9896K, reserved 1048576K
}
Event: 12.763 GC heap before
{Heap before GC invocations=18 (full 3):
 PSYoungGen      total 228864K, used 207010K [0x00000000e0000000, 0x00000000f0c00000, 0x0000000100000000)
  eden space 188416K, 100% used [0x00000000e0000000,0x00000000eb800000,0x00000000eb800000)
  from space 40448K, 45% used [0x00000000edd80000,0x00000000eefa8a30,0x00000000f0500000)
  to   space 38400K, 0% used [0x00000000eb800000,0x00000000eb800000,0x00000000edd80000)
 ParOldGen       total 281088K, used 83232K [0x00000000a0000000, 0x00000000b1280000, 0x00000000e0000000)
  object space 281088K, 29% used [0x00000000a0000000,0x00000000a5148110,0x00000000b1280000)
 Metaspace       used 69625K, capacity 72404K, committed 72600K, reserved 1112064K
  class space    used 9145K, capacity 9788K, committed 9896K, reserved 1048576K
Event: 12.773 GC heap after
Heap after GC invocations=18 (full 3):
 PSYoungGen      total 226816K, used 23801K [0x00000000e0000000, 0x00000000f2c80000, 0x0000000100000000)
  eden space 188416K, 0% used [0x00000000e0000000,0x00000000e0000000,0x00000000eb800000)
  from space 38400K, 61% used [0x00000000eb800000,0x00000000ecf3e400,0x00000000edd80000)
  to   space 38400K, 0% used [0x00000000f0700000,0x00000000f0700000,0x00000000f2c80000)
 ParOldGen       total 281088K, used 83232K [0x00000000a0000000, 0x00000000b1280000, 0x00000000e0000000)
  object space 281088K, 29% used [0x00000000a0000000,0x00000000a5148110,0x00000000b1280000)
 Metaspace       used 69625K, capacity 72404K, committed 72600K, reserved 1112064K
  class space    used 9145K, capacity 9788K, committed 9896K, reserved 1048576K
}

