# JRE version: OpenJDK Runtime Environment (8.0_202-b03) (build 1.8.0_202-release-1483-b03)
# Java VM: OpenJDK 64-Bit Server VM (25.202-b03 mixed mode windows-amd64 compressed oops)
Heap:
 PSYoungGen      total 150528K, used 108589K [0x00000000e0000000, 0x00000000eca80000, 0x0000000100000000)
  eden space 136704K, 69% used [0x00000000e0000000,0x00000000e5c8daf0,0x00000000e8580000)
  from space 13824K, 99% used [0x00000000e8580000,0x00000000e92fdc70,0x00000000e9300000)
  to   space 16896K, 0% used [0x00000000eba00000,0x00000000eba00000,0x00000000eca80000)
 ParOldGen       total 100864K, used 21105K [0x00000000a0000000, 0x00000000a6280000, 0x00000000e0000000)
  object space 100864K, 20% used [0x00000000a0000000,0x00000000a149c570,0x00000000a6280000)
 Metaspace       used 52470K, capacity 53928K, committed 54056K, reserved 1095680K
  class space    used 7048K, capacity 7426K, committed 7464K, reserved 1048576K
GC Heap History (10 events):
Event: 3.677 GC heap before
{Heap before GC invocations=7 (full 1):
 PSYoungGen      total 71680K, used 66560K [0x00000000e0000000, 0x00000000e9900000, 0x0000000100000000)
  eden space 66560K, 100% used [0x00000000e0000000,0x00000000e4100000,0x00000000e4100000)
  from space 5120K, 0% used [0x00000000e4100000,0x00000000e4100000,0x00000000e4600000)
  to   space 11776K, 0% used [0x00000000e8d80000,0x00000000e8d80000,0x00000000e9900000)
 ParOldGen       total 68608K, used 11017K [0x00000000a0000000, 0x00000000a4300000, 0x00000000e0000000)
  object space 68608K, 16% used [0x00000000a0000000,0x00000000a0ac2690,0x00000000a4300000)
 Metaspace       used 29040K, capacity 29556K, committed 29824K, reserved 1075200K
  class space    used 3927K, capacity 4102K, committed 4224K, reserved 1048576K
Event: 3.690 GC heap after
Heap after GC invocations=7 (full 1):
 PSYoungGen      total 104960K, used 8167K [0x00000000e0000000, 0x00000000e9580000, 0x0000000100000000)
  eden space 96768K, 0% used [0x00000000e0000000,0x00000000e0000000,0x00000000e5e80000)
  from space 8192K, 99% used [0x00000000e8d80000,0x00000000e9579cc8,0x00000000e9580000)
  to   space 11776K, 0% used [0x00000000e7e80000,0x00000000e7e80000,0x00000000e8a00000)
 ParOldGen       total 68608K, used 11025K [0x00000000a0000000, 0x00000000a4300000, 0x00000000e0000000)
  object space 68608K, 16% used [0x00000000a0000000,0x00000000a0ac4690,0x00000000a4300000)
 Metaspace       used 29040K, capacity 29556K, committed 29824K, reserved 1075200K
  class space    used 3927K, capacity 4102K, committed 4224K, reserved 1048576K
}
Event: 5.348 GC heap before
{Heap before GC invocations=8 (full 1):
 PSYoungGen      total 104960K, used 104935K [0x00000000e0000000, 0x00000000e9580000, 0x0000000100000000)
  eden space 96768K, 100% used [0x00000000e0000000,0x00000000e5e80000,0x00000000e5e80000)
  from space 8192K, 99% used [0x00000000e8d80000,0x00000000e9579cc8,0x00000000e9580000)
  to   space 11776K, 0% used [0x00000000e7e80000,0x00000000e7e80000,0x00000000e8a00000)
 ParOldGen       total 68608K, used 11025K [0x00000000a0000000, 0x00000000a4300000, 0x00000000e0000000)
  object space 68608K, 16% used [0x00000000a0000000,0x00000000a0ac4690,0x00000000a4300000)
 Metaspace       used 33948K, capacity 34654K, committed 34944K, reserved 1079296K
  class space    used 4664K, capacity 4874K, committed 4992K, reserved 1048576K
Event: 5.362 GC heap after
Heap after GC invocations=8 (full 1):
 PSYoungGen      total 141312K, used 11764K [0x00000000e0000000, 0x00000000ea000000, 0x0000000100000000)
  eden space 129536K, 0% used [0x00000000e0000000,0x00000000e0000000,0x00000000e7e80000)
  from space 11776K, 99% used [0x00000000e7e80000,0x00000000e89fd0a8,0x00000000e8a00000)
  to   space 13312K, 0% used [0x00000000e9300000,0x00000000e9300000,0x00000000ea000000)
 ParOldGen       total 68608K, used 11159K [0x00000000a0000000, 0x00000000a4300000, 0x00000000e0000000)
  object space 68608K, 16% used [0x00000000a0000000,0x00000000a0ae5ee8,0x00000000a4300000)
 Metaspace       used 33948K, capacity 34654K, committed 34944K, reserved 1079296K
  class space    used 4664K, capacity 4874K, committed 4992K, reserved 1048576K
}
Event: 6.553 GC heap before
{Heap before GC invocations=9 (full 1):
 PSYoungGen      total 141312K, used 47815K [0x00000000e0000000, 0x00000000ea000000, 0x0000000100000000)
  eden space 129536K, 27% used [0x00000000e0000000,0x00000000e2334c78,0x00000000e7e80000)
  from space 11776K, 99% used [0x00000000e7e80000,0x00000000e89fd0a8,0x00000000e8a00000)
  to   space 13312K, 0% used [0x00000000e9300000,0x00000000e9300000,0x00000000ea000000)
 ParOldGen       total 68608K, used 11159K [0x00000000a0000000, 0x00000000a4300000, 0x00000000e0000000)
  object space 68608K, 16% used [0x00000000a0000000,0x00000000a0ae5ee8,0x00000000a4300000)
 Metaspace       used 34562K, capacity 35420K, committed 35496K, reserved 1079296K
  class space    used 4750K, capacity 5001K, committed 5032K, reserved 1048576K
Event: 6.598 GC heap after
Heap after GC invocations=9 (full 1):
 PSYoungGen      total 150016K, used 10311K [0x00000000e0000000, 0x00000000ed780000, 0x0000000100000000)
  eden space 136704K, 0% used [0x00000000e0000000,0x00000000e0000000,0x00000000e8580000)
  from space 13312K, 77% used [0x00000000e9300000,0x00000000e9d11c00,0x00000000ea000000)
  to   space 13824K, 0% used [0x00000000e8580000,0x00000000e8580000,0x00000000e9300000)
 ParOldGen       total 68608K, used 11167K [0x00000000a0000000, 0x00000000a4300000, 0x00000000e0000000)
  object space 68608K, 16% used [0x00000000a0000000,0x00000000a0ae7ee8,0x00000000a4300000)
 Metaspace       used 34562K, capacity 35420K, committed 35496K, reserved 1079296K
  class space    used 4750K, capacity 5001K, committed 5032K, reserved 1048576K
}
Event: 6.598 GC heap before
{Heap before GC invocations=10 (full 2):
 PSYoungGen      total 150016K, used 10311K [0x00000000e0000000, 0x00000000ed780000, 0x0000000100000000)
  eden space 136704K, 0% used [0x00000000e0000000,0x00000000e0000000,0x00000000e8580000)
  from space 13312K, 77% used [0x00000000e9300000,0x00000000e9d11c00,0x00000000ea000000)
  to   space 13824K, 0% used [0x00000000e8580000,0x00000000e8580000,0x00000000e9300000)
 ParOldGen       total 68608K, used 11167K [0x00000000a0000000, 0x00000000a4300000, 0x00000000e0000000)
  object space 68608K, 16% used [0x00000000a0000000,0x00000000a0ae7ee8,0x00000000a4300000)
 Metaspace       used 34562K, capacity 35420K, committed 35496K, reserved 1079296K
  class space    used 4750K, capacity 5001K, committed 5032K, reserved 1048576K
Event: 6.684 GC heap after
Heap after GC invocations=10 (full 2):
 PSYoungGen      total 150016K, used 0K [0x00000000e0000000, 0x00000000ed780000, 0x0000000100000000)
  eden space 136704K, 0% used [0x00000000e0000000,0x00000000e0000000,0x00000000e8580000)
  from space 13312K, 0% used [0x00000000e9300000,0x00000000e9300000,0x00000000ea000000)
  to   space 13824K, 0% used [0x00000000e8580000,0x00000000e8580000,0x00000000e9300000)
 ParOldGen       total 100864K, used 17597K [0x00000000a0000000, 0x00000000a6280000, 0x00000000e0000000)
  object space 100864K, 17% used [0x00000000a0000000,0x00000000a112f768,0x00000000a6280000)
 Metaspace       used 34537K, capacity 35336K, committed 35496K, reserved 1079296K
  class space    used 4743K, capacity 4987K, committed 5032K, reserved 1048576K
}
Event: 8.802 GC heap before
{Heap before GC invocations=11 (full 2):
 PSYoungGen      total 150016K, used 136704K [0x00000000e0000000, 0x00000000ed780000, 0x0000000100000000)
  eden space 136704K, 100% used [0x00000000e0000000,0x00000000e8580000,0x00000000e8580000)
  from space 13312K, 0% used [0x00000000e9300000,0x00000000e9300000,0x00000000ea000000)
  to   space 13824K, 0% used [0x00000000e8580000,0x00000000e8580000,0x00000000e9300000)
 ParOldGen       total 100864K, used 17597K [0x00000000a0000000, 0x00000000a6280000, 0x00000000e0000000)
  object space 100864K, 17% used [0x00000000a0000000,0x00000000a112f768,0x00000000a6280000)
 Metaspace       used 46767K, capacity 47968K, committed 48424K, reserved 1091584K
  class space    used 6272K, capacity 6587K, committed 6696K, reserved 1048576K
Event: 8.814 GC heap after
Heap after GC invocations=11 (full 2):
 PSYoungGen      total 150528K, used 13815K [0x00000000e0000000, 0x00000000eca80000, 0x0000000100000000)
  eden space 136704K, 0% used [0x00000000e0000000,0x00000000e0000000,0x00000000e8580000)
  from space 13824K, 99% used [0x00000000e8580000,0x00000000e92fdc70,0x00000000e9300000)
  to   space 16896K, 0% used [0x00000000eba00000,0x00000000eba00000,0x00000000eca80000)
 ParOldGen       total 100864K, used 21105K [0x00000000a0000000, 0x00000000a6280000, 0x00000000e0000000)
  object space 100864K, 20% used [0x00000000a0000000,0x00000000a149c570,0x00000000a6280000)
 Metaspace       used 46767K, capacity 47968K, committed 48424K, reserved 1091584K
  class space    used 6272K, capacity 6587K, committed 6696K, reserved 1048576K
}

