# JRE version: OpenJDK Runtime Environment (8.0_202-b03) (build 1.8.0_202-release-1483-b03)
# Java VM: OpenJDK 64-Bit Server VM (25.202-b03 mixed mode windows-amd64 compressed oops)
Heap:
 PSYoungGen      total 178176K, used 173844K [0x00000000e0000000, 0x00000000ed080000, 0x0000000100000000)
  eden space 155136K, 97% used [0x00000000e0000000,0x00000000e934a370,0x00000000e9780000)
  from space 23040K, 99% used [0x00000000eb300000,0x00000000ec97ace8,0x00000000ec980000)
  to   space 28160K, 0% used [0x00000000e9780000,0x00000000e9780000,0x00000000eb300000)
 ParOldGen       total 301056K, used 73270K [0x00000000a0000000, 0x00000000b2600000, 0x00000000e0000000)
  object space 301056K, 24% used [0x00000000a0000000,0x00000000a478dbf0,0x00000000b2600000)
 Metaspace       used 71551K, capacity 74226K, committed 74392K, reserved 1114112K
  class space    used 9559K, capacity 10110K, committed 10152K, reserved 1048576K
GC Heap History (10 events):
Event: 11.481 GC heap before
{Heap before GC invocations=17 (full 3):
 PSYoungGen      total 183296K, used 183173K [0x00000000e0000000, 0x00000000ed080000, 0x0000000100000000)
  eden space 155136K, 100% used [0x00000000e0000000,0x00000000e9780000,0x00000000e9780000)
  from space 28160K, 99% used [0x00000000e9780000,0x00000000eb2e1498,0x00000000eb300000)
  to   space 23040K, 0% used [0x00000000eb300000,0x00000000eb300000,0x00000000ec980000)
 ParOldGen       total 301056K, used 46221K [0x00000000a0000000, 0x00000000b2600000, 0x00000000e0000000)
  object space 301056K, 15% used [0x00000000a0000000,0x00000000a2d237c0,0x00000000b2600000)
 Metaspace       used 67836K, capacity 70224K, committed 70424K, reserved 1110016K
  class space    used 9142K, capacity 9665K, committed 9768K, reserved 1048576K
Event: 11.495 GC heap after
Heap after GC invocations=17 (full 3):
 PSYoungGen      total 178176K, used 23009K [0x00000000e0000000, 0x00000000ed080000, 0x0000000100000000)
  eden space 155136K, 0% used [0x00000000e0000000,0x00000000e0000000,0x00000000e9780000)
  from space 23040K, 99% used [0x00000000eb300000,0x00000000ec9784d0,0x00000000ec980000)
  to   space 28160K, 0% used [0x00000000e9780000,0x00000000e9780000,0x00000000eb300000)
 ParOldGen       total 301056K, used 50667K [0x00000000a0000000, 0x00000000b2600000, 0x00000000e0000000)
  object space 301056K, 16% used [0x00000000a0000000,0x00000000a317ae68,0x00000000b2600000)
 Metaspace       used 67836K, capacity 70224K, committed 70424K, reserved 1110016K
  class space    used 9142K, capacity 9665K, committed 9768K, reserved 1048576K
}
Event: 11.846 GC heap before
{Heap before GC invocations=18 (full 3):
 PSYoungGen      total 178176K, used 178145K [0x00000000e0000000, 0x00000000ed080000, 0x0000000100000000)
  eden space 155136K, 100% used [0x00000000e0000000,0x00000000e9780000,0x00000000e9780000)
  from space 23040K, 99% used [0x00000000eb300000,0x00000000ec9784d0,0x00000000ec980000)
  to   space 28160K, 0% used [0x00000000e9780000,0x00000000e9780000,0x00000000eb300000)
 ParOldGen       total 301056K, used 50667K [0x00000000a0000000, 0x00000000b2600000, 0x00000000e0000000)
  object space 301056K, 16% used [0x00000000a0000000,0x00000000a317ae68,0x00000000b2600000)
 Metaspace       used 67914K, capacity 70228K, committed 70424K, reserved 1110016K
  class space    used 9148K, capacity 9665K, committed 9768K, reserved 1048576K
Event: 11.861 GC heap after
Heap after GC invocations=18 (full 3):
 PSYoungGen      total 183296K, used 26197K [0x00000000e0000000, 0x00000000ed080000, 0x0000000100000000)
  eden space 155136K, 0% used [0x00000000e0000000,0x00000000e0000000,0x00000000e9780000)
  from space 28160K, 93% used [0x00000000e9780000,0x00000000eb115420,0x00000000eb300000)
  to   space 23040K, 0% used [0x00000000eb300000,0x00000000eb300000,0x00000000ec980000)
 ParOldGen       total 301056K, used 50675K [0x00000000a0000000, 0x00000000b2600000, 0x00000000e0000000)
  object space 301056K, 16% used [0x00000000a0000000,0x00000000a317ce68,0x00000000b2600000)
 Metaspace       used 67914K, capacity 70228K, committed 70424K, reserved 1110016K
  class space    used 9148K, capacity 9665K, committed 9768K, reserved 1048576K
}
Event: 12.485 GC heap before
{Heap before GC invocations=19 (full 3):
 PSYoungGen      total 183296K, used 181333K [0x00000000e0000000, 0x00000000ed080000, 0x0000000100000000)
  eden space 155136K, 100% used [0x00000000e0000000,0x00000000e9780000,0x00000000e9780000)
  from space 28160K, 93% used [0x00000000e9780000,0x00000000eb115420,0x00000000eb300000)
  to   space 23040K, 0% used [0x00000000eb300000,0x00000000eb300000,0x00000000ec980000)
 ParOldGen       total 301056K, used 50675K [0x00000000a0000000, 0x00000000b2600000, 0x00000000e0000000)
  object space 301056K, 16% used [0x00000000a0000000,0x00000000a317ce68,0x00000000b2600000)
 Metaspace       used 68005K, capacity 70362K, committed 70680K, reserved 1110016K
  class space    used 9155K, capacity 9666K, committed 9768K, reserved 1048576K
Event: 12.500 GC heap after
Heap after GC invocations=19 (full 3):
 PSYoungGen      total 178176K, used 23034K [0x00000000e0000000, 0x00000000ed080000, 0x0000000100000000)
  eden space 155136K, 0% used [0x00000000e0000000,0x00000000e0000000,0x00000000e9780000)
  from space 23040K, 99% used [0x00000000eb300000,0x00000000ec97e8e8,0x00000000ec980000)
  to   space 28160K, 0% used [0x00000000e9780000,0x00000000e9780000,0x00000000eb300000)
 ParOldGen       total 301056K, used 58414K [0x00000000a0000000, 0x00000000b2600000, 0x00000000e0000000)
  object space 301056K, 19% used [0x00000000a0000000,0x00000000a390ba38,0x00000000b2600000)
 Metaspace       used 68005K, capacity 70362K, committed 70680K, reserved 1110016K
  class space    used 9155K, capacity 9666K, committed 9768K, reserved 1048576K
}
Event: 14.734 GC heap before
{Heap before GC invocations=20 (full 3):
 PSYoungGen      total 178176K, used 178170K [0x00000000e0000000, 0x00000000ed080000, 0x0000000100000000)
  eden space 155136K, 100% used [0x00000000e0000000,0x00000000e9780000,0x00000000e9780000)
  from space 23040K, 99% used [0x00000000eb300000,0x00000000ec97e8e8,0x00000000ec980000)
  to   space 28160K, 0% used [0x00000000e9780000,0x00000000e9780000,0x00000000eb300000)
 ParOldGen       total 301056K, used 58414K [0x00000000a0000000, 0x00000000b2600000, 0x00000000e0000000)
  object space 301056K, 19% used [0x00000000a0000000,0x00000000a390ba38,0x00000000b2600000)
 Metaspace       used 68474K, capacity 70794K, committed 70936K, reserved 1110016K
  class space    used 9189K, capacity 9700K, committed 9768K, reserved 1048576K
Event: 14.744 GC heap after
Heap after GC invocations=20 (full 3):
 PSYoungGen      total 183296K, used 26247K [0x00000000e0000000, 0x00000000ed080000, 0x0000000100000000)
  eden space 155136K, 0% used [0x00000000e0000000,0x00000000e0000000,0x00000000e9780000)
  from space 28160K, 93% used [0x00000000e9780000,0x00000000eb121fc0,0x00000000eb300000)
  to   space 23040K, 0% used [0x00000000eb300000,0x00000000eb300000,0x00000000ec980000)
 ParOldGen       total 301056K, used 58422K [0x00000000a0000000, 0x00000000b2600000, 0x00000000e0000000)
  object space 301056K, 19% used [0x00000000a0000000,0x00000000a390da38,0x00000000b2600000)
 Metaspace       used 68474K, capacity 70794K, committed 70936K, reserved 1110016K
  class space    used 9189K, capacity 9700K, committed 9768K, reserved 1048576K
}
Event: 17.301 GC heap before
{Heap before GC invocations=21 (full 3):
 PSYoungGen      total 183296K, used 181383K [0x00000000e0000000, 0x00000000ed080000, 0x0000000100000000)
  eden space 155136K, 100% used [0x00000000e0000000,0x00000000e9780000,0x00000000e9780000)
  from space 28160K, 93% used [0x00000000e9780000,0x00000000eb121fc0,0x00000000eb300000)
  to   space 23040K, 0% used [0x00000000eb300000,0x00000000eb300000,0x00000000ec980000)
 ParOldGen       total 301056K, used 58422K [0x00000000a0000000, 0x00000000b2600000, 0x00000000e0000000)
  object space 301056K, 19% used [0x00000000a0000000,0x00000000a390da38,0x00000000b2600000)
 Metaspace       used 71543K, capacity 74226K, committed 74392K, reserved 1114112K
  class space    used 9558K, capacity 10110K, committed 10152K, reserved 1048576K
Event: 17.316 GC heap after
Heap after GC invocations=21 (full 3):
 PSYoungGen      total 178176K, used 23019K [0x00000000e0000000, 0x00000000ed080000, 0x0000000100000000)
  eden space 155136K, 0% used [0x00000000e0000000,0x00000000e0000000,0x00000000e9780000)
  from space 23040K, 99% used [0x00000000eb300000,0x00000000ec97ace8,0x00000000ec980000)
  to   space 28160K, 0% used [0x00000000e9780000,0x00000000e9780000,0x00000000eb300000)
 ParOldGen       total 301056K, used 73270K [0x00000000a0000000, 0x00000000b2600000, 0x00000000e0000000)
  object space 301056K, 24% used [0x00000000a0000000,0x00000000a478dbf0,0x00000000b2600000)
 Metaspace       used 71543K, capacity 74226K, committed 74392K, reserved 1114112K
  class space    used 9558K, capacity 10110K, committed 10152K, reserved 1048576K
}

