# JRE version: OpenJDK Runtime Environment (8.0_202-b03) (build 1.8.0_202-release-1483-b03)
# Java VM: OpenJDK 64-Bit Server VM (25.202-b03 mixed mode windows-amd64 compressed oops)
Heap:
 PSYoungGen      total 259584K, used 109855K [0x00000000e0000000, 0x00000000f3580000, 0x0000000100000000)
  eden space 235520K, 36% used [0x00000000e0000000,0x00000000e53cea00,0x00000000ee600000)
  from space 24064K, 99% used [0x00000000f0a00000,0x00000000f2179300,0x00000000f2180000)
  to   space 36864K, 0% used [0x00000000ee600000,0x00000000ee600000,0x00000000f0a00000)
 ParOldGen       total 256000K, used 89663K [0x00000000a0000000, 0x00000000afa00000, 0x00000000e0000000)
  object space 256000K, 35% used [0x00000000a0000000,0x00000000a578fe38,0x00000000afa00000)
 Metaspace       used 72716K, capacity 75616K, committed 75864K, reserved 1114112K
  class space    used 9664K, capacity 10339K, committed 10368K, reserved 1048576K
GC Heap History (10 events):
Event: 7.407 GC heap before
{Heap before GC invocations=13 (full 3):
 PSYoungGen      total 172032K, used 11413K [0x00000000e0000000, 0x00000000ed580000, 0x0000000100000000)
  eden space 147456K, 0% used [0x00000000e0000000,0x00000000e0000000,0x00000000e9000000)
  from space 24576K, 46% used [0x00000000ea700000,0x00000000eb225590,0x00000000ebf00000)
  to   space 23552K, 0% used [0x00000000e9000000,0x00000000e9000000,0x00000000ea700000)
 ParOldGen       total 192000K, used 40894K [0x00000000a0000000, 0x00000000abb80000, 0x00000000e0000000)
  object space 192000K, 21% used [0x00000000a0000000,0x00000000a27ef968,0x00000000abb80000)
 Metaspace       used 57423K, capacity 59066K, committed 59096K, reserved 1099776K
  class space    used 7729K, capacity 8166K, committed 8192K, reserved 1048576K
Event: 7.627 GC heap after
Heap after GC invocations=13 (full 3):
 PSYoungGen      total 172032K, used 0K [0x00000000e0000000, 0x00000000ed580000, 0x0000000100000000)
  eden space 147456K, 0% used [0x00000000e0000000,0x00000000e0000000,0x00000000e9000000)
  from space 24576K, 0% used [0x00000000ea700000,0x00000000ea700000,0x00000000ebf00000)
  to   space 23552K, 0% used [0x00000000e9000000,0x00000000e9000000,0x00000000ea700000)
 ParOldGen       total 256000K, used 36283K [0x00000000a0000000, 0x00000000afa00000, 0x00000000e0000000)
  object space 256000K, 14% used [0x00000000a0000000,0x00000000a236ee28,0x00000000afa00000)
 Metaspace       used 57398K, capacity 58982K, committed 59096K, reserved 1099776K
  class space    used 7721K, capacity 8152K, committed 8192K, reserved 1048576K
}
Event: 15.692 GC heap before
{Heap before GC invocations=14 (full 3):
 PSYoungGen      total 172032K, used 147456K [0x00000000e0000000, 0x00000000ed580000, 0x0000000100000000)
  eden space 147456K, 100% used [0x00000000e0000000,0x00000000e9000000,0x00000000e9000000)
  from space 24576K, 0% used [0x00000000ea700000,0x00000000ea700000,0x00000000ebf00000)
  to   space 23552K, 0% used [0x00000000e9000000,0x00000000e9000000,0x00000000ea700000)
 ParOldGen       total 256000K, used 36283K [0x00000000a0000000, 0x00000000afa00000, 0x00000000e0000000)
  object space 256000K, 14% used [0x00000000a0000000,0x00000000a236ee28,0x00000000afa00000)
 Metaspace       used 65167K, capacity 67438K, committed 67672K, reserved 1107968K
  class space    used 8727K, capacity 9312K, committed 9344K, reserved 1048576K
Event: 15.703 GC heap after
Heap after GC invocations=14 (full 3):
 PSYoungGen      total 171008K, used 17069K [0x00000000e0000000, 0x00000000ef100000, 0x0000000100000000)
  eden space 147456K, 0% used [0x00000000e0000000,0x00000000e0000000,0x00000000e9000000)
  from space 23552K, 72% used [0x00000000e9000000,0x00000000ea0ab548,0x00000000ea700000)
  to   space 24064K, 0% used [0x00000000ed980000,0x00000000ed980000,0x00000000ef100000)
 ParOldGen       total 256000K, used 36291K [0x00000000a0000000, 0x00000000afa00000, 0x00000000e0000000)
  object space 256000K, 14% used [0x00000000a0000000,0x00000000a2370e28,0x00000000afa00000)
 Metaspace       used 65167K, capacity 67438K, committed 67672K, reserved 1107968K
  class space    used 8727K, capacity 9312K, committed 9344K, reserved 1048576K
}
Event: 17.725 GC heap before
{Heap before GC invocations=15 (full 3):
 PSYoungGen      total 171008K, used 164525K [0x00000000e0000000, 0x00000000ef100000, 0x0000000100000000)
  eden space 147456K, 100% used [0x00000000e0000000,0x00000000e9000000,0x00000000e9000000)
  from space 23552K, 72% used [0x00000000e9000000,0x00000000ea0ab548,0x00000000ea700000)
  to   space 24064K, 0% used [0x00000000ed980000,0x00000000ed980000,0x00000000ef100000)
 ParOldGen       total 256000K, used 36291K [0x00000000a0000000, 0x00000000afa00000, 0x00000000e0000000)
  object space 256000K, 14% used [0x00000000a0000000,0x00000000a2370e28,0x00000000afa00000)
 Metaspace       used 67844K, capacity 70696K, committed 70872K, reserved 1110016K
  class space    used 9049K, capacity 9727K, committed 9728K, reserved 1048576K
Event: 17.741 GC heap after
Heap after GC invocations=15 (full 3):
 PSYoungGen      total 214528K, used 18166K [0x00000000e0000000, 0x00000000eee00000, 0x0000000100000000)
  eden space 193536K, 0% used [0x00000000e0000000,0x00000000e0000000,0x00000000ebd00000)
  from space 20992K, 86% used [0x00000000ed980000,0x00000000eeb3dae0,0x00000000eee00000)
  to   space 25088K, 0% used [0x00000000ebd00000,0x00000000ebd00000,0x00000000ed580000)
 ParOldGen       total 256000K, used 48217K [0x00000000a0000000, 0x00000000afa00000, 0x00000000e0000000)
  object space 256000K, 18% used [0x00000000a0000000,0x00000000a2f16768,0x00000000afa00000)
 Metaspace       used 67844K, capacity 70696K, committed 70872K, reserved 1110016K
  class space    used 9049K, capacity 9727K, committed 9728K, reserved 1048576K
}
Event: 19.371 GC heap before
{Heap before GC invocations=16 (full 3):
 PSYoungGen      total 214528K, used 211702K [0x00000000e0000000, 0x00000000eee00000, 0x0000000100000000)
  eden space 193536K, 100% used [0x00000000e0000000,0x00000000ebd00000,0x00000000ebd00000)
  from space 20992K, 86% used [0x00000000ed980000,0x00000000eeb3dae0,0x00000000eee00000)
  to   space 25088K, 0% used [0x00000000ebd00000,0x00000000ebd00000,0x00000000ed580000)
 ParOldGen       total 256000K, used 48217K [0x00000000a0000000, 0x00000000afa00000, 0x00000000e0000000)
  object space 256000K, 18% used [0x00000000a0000000,0x00000000a2f16768,0x00000000afa00000)
 Metaspace       used 68672K, capacity 71510K, committed 71768K, reserved 1112064K
  class space    used 9153K, capacity 9810K, committed 9856K, reserved 1048576K
Event: 19.391 GC heap after
Heap after GC invocations=16 (full 3):
 PSYoungGen      total 218624K, used 14013K [0x00000000e0000000, 0x00000000f2180000, 0x0000000100000000)
  eden space 193536K, 0% used [0x00000000e0000000,0x00000000e0000000,0x00000000ebd00000)
  from space 25088K, 55% used [0x00000000ebd00000,0x00000000ecaaf420,0x00000000ed580000)
  to   space 24064K, 0% used [0x00000000f0a00000,0x00000000f0a00000,0x00000000f2180000)
 ParOldGen       total 256000K, used 62720K [0x00000000a0000000, 0x00000000afa00000, 0x00000000e0000000)
  object space 256000K, 24% used [0x00000000a0000000,0x00000000a3d401c8,0x00000000afa00000)
 Metaspace       used 68672K, capacity 71510K, committed 71768K, reserved 1112064K
  class space    used 9153K, capacity 9810K, committed 9856K, reserved 1048576K
}
Event: 21.443 GC heap before
{Heap before GC invocations=17 (full 3):
 PSYoungGen      total 218624K, used 207548K [0x00000000e0000000, 0x00000000f2180000, 0x0000000100000000)
  eden space 193536K, 99% used [0x00000000e0000000,0x00000000ebcfffb8,0x00000000ebd00000)
  from space 25088K, 55% used [0x00000000ebd00000,0x00000000ecaaf420,0x00000000ed580000)
  to   space 24064K, 0% used [0x00000000f0a00000,0x00000000f0a00000,0x00000000f2180000)
 ParOldGen       total 256000K, used 62720K [0x00000000a0000000, 0x00000000afa00000, 0x00000000e0000000)
  object space 256000K, 24% used [0x00000000a0000000,0x00000000a3d401c8,0x00000000afa00000)
 Metaspace       used 72200K, capacity 75162K, committed 75352K, reserved 1114112K
  class space    used 9603K, capacity 10290K, committed 10368K, reserved 1048576K
Event: 21.469 GC heap after
Heap after GC invocations=17 (full 3):
 PSYoungGen      total 259584K, used 24036K [0x00000000e0000000, 0x00000000f3580000, 0x0000000100000000)
  eden space 235520K, 0% used [0x00000000e0000000,0x00000000e0000000,0x00000000ee600000)
  from space 24064K, 99% used [0x00000000f0a00000,0x00000000f2179300,0x00000000f2180000)
  to   space 36864K, 0% used [0x00000000ee600000,0x00000000ee600000,0x00000000f0a00000)
 ParOldGen       total 256000K, used 89663K [0x00000000a0000000, 0x00000000afa00000, 0x00000000e0000000)
  object space 256000K, 35% used [0x00000000a0000000,0x00000000a578fe38,0x00000000afa00000)
 Metaspace       used 72200K, capacity 75162K, committed 75352K, reserved 1114112K
  class space    used 9603K, capacity 10290K, committed 10368K, reserved 1048576K
}

