# JRE version: OpenJDK Runtime Environment (8.0_202-b03) (build 1.8.0_202-release-1483-b03)
# Java VM: OpenJDK 64-Bit Server VM (25.202-b03 mixed mode windows-amd64 compressed oops)
Heap:
 PSYoungGen      total 163328K, used 16691K [0x00000000e0000000, 0x00000000edb00000, 0x0000000100000000)
  eden space 145408K, 11% used [0x00000000e0000000,0x00000000e104cf70,0x00000000e8e00000)
  from space 17920K, 0% used [0x00000000e8e00000,0x00000000e8e00000,0x00000000e9f80000)
  to   space 19456K, 0% used [0x00000000ec800000,0x00000000ec800000,0x00000000edb00000)
 ParOldGen       total 177152K, used 30892K [0x00000000a0000000, 0x00000000aad00000, 0x00000000e0000000)
  object space 177152K, 17% used [0x00000000a0000000,0x00000000a1e2b3f8,0x00000000aad00000)
 Metaspace       used 58143K, capacity 59886K, committed 60056K, reserved 1101824K
  class space    used 7896K, capacity 8334K, committed 8360K, reserved 1048576K
GC Heap History (10 events):
Event: 4.511 GC heap before
{Heap before GC invocations=8 (full 2):
 PSYoungGen      total 118784K, used 9862K [0x00000000e0000000, 0x00000000e8100000, 0x0000000100000000)
  eden space 105472K, 0% used [0x00000000e0000000,0x00000000e0000000,0x00000000e6700000)
  from space 13312K, 74% used [0x00000000e7380000,0x00000000e7d21978,0x00000000e8080000)
  to   space 12800K, 0% used [0x00000000e6700000,0x00000000e6700000,0x00000000e7380000)
 ParOldGen       total 114176K, used 11790K [0x00000000a0000000, 0x00000000a6f80000, 0x00000000e0000000)
  object space 114176K, 10% used [0x00000000a0000000,0x00000000a0b83978,0x00000000a6f80000)
 Metaspace       used 34661K, capacity 35462K, committed 35496K, reserved 1079296K
  class space    used 4782K, capacity 4998K, committed 5032K, reserved 1048576K
Event: 4.571 GC heap after
Heap after GC invocations=8 (full 2):
 PSYoungGen      total 118784K, used 0K [0x00000000e0000000, 0x00000000e8100000, 0x0000000100000000)
  eden space 105472K, 0% used [0x00000000e0000000,0x00000000e0000000,0x00000000e6700000)
  from space 13312K, 0% used [0x00000000e7380000,0x00000000e7380000,0x00000000e8080000)
  to   space 12800K, 0% used [0x00000000e6700000,0x00000000e6700000,0x00000000e7380000)
 ParOldGen       total 177152K, used 16992K [0x00000000a0000000, 0x00000000aad00000, 0x00000000e0000000)
  object space 177152K, 9% used [0x00000000a0000000,0x00000000a1098180,0x00000000aad00000)
 Metaspace       used 34632K, capacity 35366K, committed 35496K, reserved 1079296K
  class space    used 4773K, capacity 4982K, committed 5032K, reserved 1048576K
}
Event: 5.532 GC heap before
{Heap before GC invocations=9 (full 2):
 PSYoungGen      total 118784K, used 105472K [0x00000000e0000000, 0x00000000e8100000, 0x0000000100000000)
  eden space 105472K, 100% used [0x00000000e0000000,0x00000000e6700000,0x00000000e6700000)
  from space 13312K, 0% used [0x00000000e7380000,0x00000000e7380000,0x00000000e8080000)
  to   space 12800K, 0% used [0x00000000e6700000,0x00000000e6700000,0x00000000e7380000)
 ParOldGen       total 177152K, used 16992K [0x00000000a0000000, 0x00000000aad00000, 0x00000000e0000000)
  object space 177152K, 9% used [0x00000000a0000000,0x00000000a1098180,0x00000000aad00000)
 Metaspace       used 45469K, capacity 46462K, committed 46632K, reserved 1089536K
  class space    used 6120K, capacity 6414K, committed 6440K, reserved 1048576K
Event: 5.542 GC heap after
Heap after GC invocations=9 (full 2):
 PSYoungGen      total 118272K, used 12775K [0x00000000e0000000, 0x00000000eae00000, 0x0000000100000000)
  eden space 105472K, 0% used [0x00000000e0000000,0x00000000e0000000,0x00000000e6700000)
  from space 12800K, 99% used [0x00000000e6700000,0x00000000e7379d00,0x00000000e7380000)
  to   space 14848K, 0% used [0x00000000e9f80000,0x00000000e9f80000,0x00000000eae00000)
 ParOldGen       total 177152K, used 18474K [0x00000000a0000000, 0x00000000aad00000, 0x00000000e0000000)
  object space 177152K, 10% used [0x00000000a0000000,0x00000000a120aad0,0x00000000aad00000)
 Metaspace       used 45469K, capacity 46462K, committed 46632K, reserved 1089536K
  class space    used 6120K, capacity 6414K, committed 6440K, reserved 1048576K
}
Event: 6.792 GC heap before
{Heap before GC invocations=10 (full 2):
 PSYoungGen      total 118272K, used 118247K [0x00000000e0000000, 0x00000000eae00000, 0x0000000100000000)
  eden space 105472K, 100% used [0x00000000e0000000,0x00000000e6700000,0x00000000e6700000)
  from space 12800K, 99% used [0x00000000e6700000,0x00000000e7379d00,0x00000000e7380000)
  to   space 14848K, 0% used [0x00000000e9f80000,0x00000000e9f80000,0x00000000eae00000)
 ParOldGen       total 177152K, used 18474K [0x00000000a0000000, 0x00000000aad00000, 0x00000000e0000000)
  object space 177152K, 10% used [0x00000000a0000000,0x00000000a120aad0,0x00000000aad00000)
 Metaspace       used 54109K, capacity 55624K, committed 55976K, reserved 1097728K
  class space    used 7305K, capacity 7747K, committed 7848K, reserved 1048576K
Event: 6.809 GC heap after
Heap after GC invocations=10 (full 2):
 PSYoungGen      total 160256K, used 14818K [0x00000000e0000000, 0x00000000eb380000, 0x0000000100000000)
  eden space 145408K, 0% used [0x00000000e0000000,0x00000000e0000000,0x00000000e8e00000)
  from space 14848K, 99% used [0x00000000e9f80000,0x00000000eadf8978,0x00000000eae00000)
  to   space 17920K, 0% used [0x00000000e8e00000,0x00000000e8e00000,0x00000000e9f80000)
 ParOldGen       total 177152K, used 22199K [0x00000000a0000000, 0x00000000aad00000, 0x00000000e0000000)
  object space 177152K, 12% used [0x00000000a0000000,0x00000000a15add18,0x00000000aad00000)
 Metaspace       used 54109K, capacity 55624K, committed 55976K, reserved 1097728K
  class space    used 7305K, capacity 7747K, committed 7848K, reserved 1048576K
}
Event: 7.385 GC heap before
{Heap before GC invocations=11 (full 2):
 PSYoungGen      total 160256K, used 63833K [0x00000000e0000000, 0x00000000eb380000, 0x0000000100000000)
  eden space 145408K, 33% used [0x00000000e0000000,0x00000000e2fddb38,0x00000000e8e00000)
  from space 14848K, 99% used [0x00000000e9f80000,0x00000000eadf8978,0x00000000eae00000)
  to   space 17920K, 0% used [0x00000000e8e00000,0x00000000e8e00000,0x00000000e9f80000)
 ParOldGen       total 177152K, used 22199K [0x00000000a0000000, 0x00000000aad00000, 0x00000000e0000000)
  object space 177152K, 12% used [0x00000000a0000000,0x00000000a15add18,0x00000000aad00000)
 Metaspace       used 57362K, capacity 59102K, committed 59160K, reserved 1099776K
  class space    used 7776K, capacity 8220K, committed 8232K, reserved 1048576K
Event: 7.401 GC heap after
Heap after GC invocations=11 (full 2):
 PSYoungGen      total 163328K, used 16319K [0x00000000e0000000, 0x00000000edb00000, 0x0000000100000000)
  eden space 145408K, 0% used [0x00000000e0000000,0x00000000e0000000,0x00000000e8e00000)
  from space 17920K, 91% used [0x00000000e8e00000,0x00000000e9defe70,0x00000000e9f80000)
  to   space 19456K, 0% used [0x00000000ec800000,0x00000000ec800000,0x00000000edb00000)
 ParOldGen       total 177152K, used 22207K [0x00000000a0000000, 0x00000000aad00000, 0x00000000e0000000)
  object space 177152K, 12% used [0x00000000a0000000,0x00000000a15afd18,0x00000000aad00000)
 Metaspace       used 57362K, capacity 59102K, committed 59160K, reserved 1099776K
  class space    used 7776K, capacity 8220K, committed 8232K, reserved 1048576K
}
Event: 7.401 GC heap before
{Heap before GC invocations=12 (full 3):
 PSYoungGen      total 163328K, used 16319K [0x00000000e0000000, 0x00000000edb00000, 0x0000000100000000)
  eden space 145408K, 0% used [0x00000000e0000000,0x00000000e0000000,0x00000000e8e00000)
  from space 17920K, 91% used [0x00000000e8e00000,0x00000000e9defe70,0x00000000e9f80000)
  to   space 19456K, 0% used [0x00000000ec800000,0x00000000ec800000,0x00000000edb00000)
 ParOldGen       total 177152K, used 22207K [0x00000000a0000000, 0x00000000aad00000, 0x00000000e0000000)
  object space 177152K, 12% used [0x00000000a0000000,0x00000000a15afd18,0x00000000aad00000)
 Metaspace       used 57362K, capacity 59102K, committed 59160K, reserved 1099776K
  class space    used 7776K, capacity 8220K, committed 8232K, reserved 1048576K
Event: 7.591 GC heap after
Heap after GC invocations=12 (full 3):
 PSYoungGen      total 163328K, used 0K [0x00000000e0000000, 0x00000000edb00000, 0x0000000100000000)
  eden space 145408K, 0% used [0x00000000e0000000,0x00000000e0000000,0x00000000e8e00000)
  from space 17920K, 0% used [0x00000000e8e00000,0x00000000e8e00000,0x00000000e9f80000)
  to   space 19456K, 0% used [0x00000000ec800000,0x00000000ec800000,0x00000000edb00000)
 ParOldGen       total 177152K, used 30892K [0x00000000a0000000, 0x00000000aad00000, 0x00000000e0000000)
  object space 177152K, 17% used [0x00000000a0000000,0x00000000a1e2b3f8,0x00000000aad00000)
 Metaspace       used 57362K, capacity 59102K, committed 59160K, reserved 1099776K
  class space    used 7776K, capacity 8220K, committed 8232K, reserved 1048576K
}

