# JRE version: OpenJDK Runtime Environment (8.0_202-b03) (build 1.8.0_202-release-1483-b03)
# Java VM: OpenJDK 64-Bit Server VM (25.202-b03 mixed mode windows-amd64 compressed oops)
Heap:
 PSYoungGen      total 275456K, used 242434K [0x00000000e0000000, 0x00000000f4b80000, 0x0000000100000000)
  eden space 219136K, 92% used [0x00000000e0000000,0x00000000ec62e9d8,0x00000000ed600000)
  from space 56320K, 70% used [0x00000000f0f80000,0x00000000f3612100,0x00000000f4680000)
  to   space 58880K, 0% used [0x00000000ed600000,0x00000000ed600000,0x00000000f0f80000)
 ParOldGen       total 469504K, used 112632K [0x00000000a0000000, 0x00000000bca80000, 0x00000000e0000000)
  object space 469504K, 23% used [0x00000000a0000000,0x00000000a6dfe1b8,0x00000000bca80000)
 Metaspace       used 117880K, capacity 121679K, committed 122008K, reserved 1155072K
  class space    used 15075K, capacity 15930K, committed 16040K, reserved 1048576K
GC Heap History (10 events):
Event: 17.389 GC heap before
{Heap before GC invocations=16 (full 3):
 PSYoungGen      total 198144K, used 198129K [0x00000000e0000000, 0x00000000ef480000, 0x0000000100000000)
  eden space 173056K, 100% used [0x00000000e0000000,0x00000000ea900000,0x00000000ea900000)
  from space 25088K, 99% used [0x00000000ec800000,0x00000000ee07c540,0x00000000ee080000)
  to   space 31744K, 0% used [0x00000000ea900000,0x00000000ea900000,0x00000000ec800000)
 ParOldGen       total 282624K, used 53738K [0x00000000a0000000, 0x00000000b1400000, 0x00000000e0000000)
  object space 282624K, 19% used [0x00000000a0000000,0x00000000a347aa90,0x00000000b1400000)
 Metaspace       used 68205K, capacity 70754K, committed 70936K, reserved 1110016K
  class space    used 9106K, capacity 9713K, committed 9768K, reserved 1048576K
Event: 17.412 GC heap after
Heap after GC invocations=16 (full 3):
 PSYoungGen      total 204800K, used 30741K [0x00000000e0000000, 0x00000000f0780000, 0x0000000100000000)
  eden space 173056K, 0% used [0x00000000e0000000,0x00000000e0000000,0x00000000ea900000)
  from space 31744K, 96% used [0x00000000ea900000,0x00000000ec705638,0x00000000ec800000)
  to   space 35840K, 0% used [0x00000000ee480000,0x00000000ee480000,0x00000000f0780000)
 ParOldGen       total 282624K, used 60198K [0x00000000a0000000, 0x00000000b1400000, 0x00000000e0000000)
  object space 282624K, 21% used [0x00000000a0000000,0x00000000a3ac9b00,0x00000000b1400000)
 Metaspace       used 68205K, capacity 70754K, committed 70936K, reserved 1110016K
  class space    used 9106K, capacity 9713K, committed 9768K, reserved 1048576K
}
Event: 19.613 GC heap before
{Heap before GC invocations=17 (full 3):
 PSYoungGen      total 204800K, used 203797K [0x00000000e0000000, 0x00000000f0780000, 0x0000000100000000)
  eden space 173056K, 100% used [0x00000000e0000000,0x00000000ea900000,0x00000000ea900000)
  from space 31744K, 96% used [0x00000000ea900000,0x00000000ec705638,0x00000000ec800000)
  to   space 35840K, 0% used [0x00000000ee480000,0x00000000ee480000,0x00000000f0780000)
 ParOldGen       total 282624K, used 60198K [0x00000000a0000000, 0x00000000b1400000, 0x00000000e0000000)
  object space 282624K, 21% used [0x00000000a0000000,0x00000000a3ac9b00,0x00000000b1400000)
 Metaspace       used 73799K, capacity 76878K, committed 76952K, reserved 1116160K
  class space    used 9726K, capacity 10371K, committed 10408K, reserved 1048576K
Event: 19.641 GC heap after
Heap after GC invocations=17 (full 3):
 PSYoungGen      total 228352K, used 35833K [0x00000000e0000000, 0x00000000f1300000, 0x0000000100000000)
  eden space 192512K, 0% used [0x00000000e0000000,0x00000000e0000000,0x00000000ebc00000)
  from space 35840K, 99% used [0x00000000ee480000,0x00000000f077e6d8,0x00000000f0780000)
  to   space 41472K, 0% used [0x00000000ebc00000,0x00000000ebc00000,0x00000000ee480000)
 ParOldGen       total 282624K, used 62255K [0x00000000a0000000, 0x00000000b1400000, 0x00000000e0000000)
  object space 282624K, 22% used [0x00000000a0000000,0x00000000a3ccbfb0,0x00000000b1400000)
 Metaspace       used 73799K, capacity 76878K, committed 76952K, reserved 1116160K
  class space    used 9726K, capacity 10371K, committed 10408K, reserved 1048576K
}
Event: 22.851 GC heap before
{Heap before GC invocations=18 (full 3):
 PSYoungGen      total 228352K, used 193720K [0x00000000e0000000, 0x00000000f1300000, 0x0000000100000000)
  eden space 192512K, 82% used [0x00000000e0000000,0x00000000e9a2fcb0,0x00000000ebc00000)
  from space 35840K, 99% used [0x00000000ee480000,0x00000000f077e6d8,0x00000000f0780000)
  to   space 41472K, 0% used [0x00000000ebc00000,0x00000000ebc00000,0x00000000ee480000)
 ParOldGen       total 282624K, used 62255K [0x00000000a0000000, 0x00000000b1400000, 0x00000000e0000000)
  object space 282624K, 22% used [0x00000000a0000000,0x00000000a3ccbfb0,0x00000000b1400000)
 Metaspace       used 95029K, capacity 98357K, committed 98600K, reserved 1134592K
  class space    used 12463K, capacity 13179K, committed 13224K, reserved 1048576K
Event: 22.903 GC heap after
Heap after GC invocations=18 (full 3):
 PSYoungGen      total 233984K, used 41460K [0x00000000e0000000, 0x00000000f4680000, 0x0000000100000000)
  eden space 192512K, 0% used [0x00000000e0000000,0x00000000e0000000,0x00000000ebc00000)
  from space 41472K, 99% used [0x00000000ebc00000,0x00000000ee47d390,0x00000000ee480000)
  to   space 56320K, 0% used [0x00000000f0f80000,0x00000000f0f80000,0x00000000f4680000)
 ParOldGen       total 282624K, used 86462K [0x00000000a0000000, 0x00000000b1400000, 0x00000000e0000000)
  object space 282624K, 30% used [0x00000000a0000000,0x00000000a546f918,0x00000000b1400000)
 Metaspace       used 95029K, capacity 98357K, committed 98600K, reserved 1134592K
  class space    used 12463K, capacity 13179K, committed 13224K, reserved 1048576K
}
Event: 22.903 GC heap before
{Heap before GC invocations=19 (full 4):
 PSYoungGen      total 233984K, used 41460K [0x00000000e0000000, 0x00000000f4680000, 0x0000000100000000)
  eden space 192512K, 0% used [0x00000000e0000000,0x00000000e0000000,0x00000000ebc00000)
  from space 41472K, 99% used [0x00000000ebc00000,0x00000000ee47d390,0x00000000ee480000)
  to   space 56320K, 0% used [0x00000000f0f80000,0x00000000f0f80000,0x00000000f4680000)
 ParOldGen       total 282624K, used 86462K [0x00000000a0000000, 0x00000000b1400000, 0x00000000e0000000)
  object space 282624K, 30% used [0x00000000a0000000,0x00000000a546f918,0x00000000b1400000)
 Metaspace       used 95029K, capacity 98357K, committed 98600K, reserved 1134592K
  class space    used 12463K, capacity 13179K, committed 13224K, reserved 1048576K
Event: 23.177 GC heap after
Heap after GC invocations=19 (full 4):
 PSYoungGen      total 233984K, used 0K [0x00000000e0000000, 0x00000000f4680000, 0x0000000100000000)
  eden space 192512K, 0% used [0x00000000e0000000,0x00000000e0000000,0x00000000ebc00000)
  from space 41472K, 0% used [0x00000000ebc00000,0x00000000ebc00000,0x00000000ee480000)
  to   space 56320K, 0% used [0x00000000f0f80000,0x00000000f0f80000,0x00000000f4680000)
 ParOldGen       total 469504K, used 112624K [0x00000000a0000000, 0x00000000bca80000, 0x00000000e0000000)
  object space 469504K, 23% used [0x00000000a0000000,0x00000000a6dfc1b8,0x00000000bca80000)
 Metaspace       used 94930K, capacity 98051K, committed 98600K, reserved 1134592K
  class space    used 12431K, capacity 13124K, committed 13224K, reserved 1048576K
}
Event: 27.435 GC heap before
{Heap before GC invocations=20 (full 4):
 PSYoungGen      total 233984K, used 192512K [0x00000000e0000000, 0x00000000f4680000, 0x0000000100000000)
  eden space 192512K, 100% used [0x00000000e0000000,0x00000000ebc00000,0x00000000ebc00000)
  from space 41472K, 0% used [0x00000000ebc00000,0x00000000ebc00000,0x00000000ee480000)
  to   space 56320K, 0% used [0x00000000f0f80000,0x00000000f0f80000,0x00000000f4680000)
 ParOldGen       total 469504K, used 112624K [0x00000000a0000000, 0x00000000bca80000, 0x00000000e0000000)
  object space 469504K, 23% used [0x00000000a0000000,0x00000000a6dfc1b8,0x00000000bca80000)
 Metaspace       used 110320K, capacity 113969K, committed 114328K, reserved 1148928K
  class space    used 14229K, capacity 15005K, committed 15016K, reserved 1048576K
Event: 27.466 GC heap after
Heap after GC invocations=20 (full 4):
 PSYoungGen      total 275456K, used 39496K [0x00000000e0000000, 0x00000000f4b80000, 0x0000000100000000)
  eden space 219136K, 0% used [0x00000000e0000000,0x00000000e0000000,0x00000000ed600000)
  from space 56320K, 70% used [0x00000000f0f80000,0x00000000f3612100,0x00000000f4680000)
  to   space 58880K, 0% used [0x00000000ed600000,0x00000000ed600000,0x00000000f0f80000)
 ParOldGen       total 469504K, used 112632K [0x00000000a0000000, 0x00000000bca80000, 0x00000000e0000000)
  object space 469504K, 23% used [0x00000000a0000000,0x00000000a6dfe1b8,0x00000000bca80000)
 Metaspace       used 110320K, capacity 113969K, committed 114328K, reserved 1148928K
  class space    used 14229K, capacity 15005K, committed 15016K, reserved 1048576K
}

