# JRE version: OpenJDK Runtime Environment (8.0_202-b03) (build 1.8.0_202-release-1483-b03)
# Java VM: OpenJDK 64-Bit Server VM (25.202-b03 mixed mode windows-amd64 compressed oops)
Heap:
 PSYoungGen      total 181248K, used 92380K [0x00000000e0000000, 0x00000000ec980000, 0x0000000100000000)
  eden space 167424K, 47% used [0x00000000e0000000,0x00000000e4d291d0,0x00000000ea380000)
  from space 13824K, 96% used [0x00000000ebc00000,0x00000000ec90dfa0,0x00000000ec980000)
  to   space 15872K, 0% used [0x00000000eaa80000,0x00000000eaa80000,0x00000000eba00000)
 ParOldGen       total 145408K, used 20267K [0x00000000a0000000, 0x00000000a8e00000, 0x00000000e0000000)
  object space 145408K, 13% used [0x00000000a0000000,0x00000000a13caf98,0x00000000a8e00000)
 Metaspace       used 47219K, capacity 48390K, committed 48600K, reserved 1091584K
  class space    used 6314K, capacity 6647K, committed 6656K, reserved 1048576K
GC Heap History (10 events):
Event: 5.707 GC heap before
{Heap before GC invocations=6 (full 1):
 PSYoungGen      total 75776K, used 72997K [0x00000000e0000000, 0x00000000e6f80000, 0x0000000100000000)
  eden space 65024K, 100% used [0x00000000e0000000,0x00000000e3f80000,0x00000000e3f80000)
  from space 10752K, 74% used [0x00000000e4a00000,0x00000000e51c94f8,0x00000000e5480000)
  to   space 10752K, 0% used [0x00000000e3f80000,0x00000000e3f80000,0x00000000e4a00000)
 ParOldGen       total 114688K, used 11441K [0x00000000a0000000, 0x00000000a7000000, 0x00000000e0000000)
  object space 114688K, 9% used [0x00000000a0000000,0x00000000a0b2c7f8,0x00000000a7000000)
 Metaspace       used 31703K, capacity 32340K, committed 32768K, reserved 1077248K
  class space    used 4358K, capacity 4535K, committed 4608K, reserved 1048576K
Event: 5.719 GC heap after
Heap after GC invocations=6 (full 1):
 PSYoungGen      total 75776K, used 8877K [0x00000000e0000000, 0x00000000e7800000, 0x0000000100000000)
  eden space 65024K, 0% used [0x00000000e0000000,0x00000000e0000000,0x00000000e3f80000)
  from space 10752K, 82% used [0x00000000e3f80000,0x00000000e482b438,0x00000000e4a00000)
  to   space 12288K, 0% used [0x00000000e6c00000,0x00000000e6c00000,0x00000000e7800000)
 ParOldGen       total 114688K, used 11449K [0x00000000a0000000, 0x00000000a7000000, 0x00000000e0000000)
  object space 114688K, 9% used [0x00000000a0000000,0x00000000a0b2e7f8,0x00000000a7000000)
 Metaspace       used 31703K, capacity 32340K, committed 32768K, reserved 1077248K
  class space    used 4358K, capacity 4535K, committed 4608K, reserved 1048576K
}
Event: 6.933 GC heap before
{Heap before GC invocations=7 (full 1):
 PSYoungGen      total 75776K, used 73901K [0x00000000e0000000, 0x00000000e7800000, 0x0000000100000000)
  eden space 65024K, 100% used [0x00000000e0000000,0x00000000e3f80000,0x00000000e3f80000)
  from space 10752K, 82% used [0x00000000e3f80000,0x00000000e482b438,0x00000000e4a00000)
  to   space 12288K, 0% used [0x00000000e6c00000,0x00000000e6c00000,0x00000000e7800000)
 ParOldGen       total 114688K, used 11449K [0x00000000a0000000, 0x00000000a7000000, 0x00000000e0000000)
  object space 114688K, 9% used [0x00000000a0000000,0x00000000a0b2e7f8,0x00000000a7000000)
 Metaspace       used 34273K, capacity 35100K, committed 35416K, reserved 1079296K
  class space    used 4705K, capacity 4939K, committed 4992K, reserved 1048576K
Event: 6.952 GC heap after
Heap after GC invocations=7 (full 1):
 PSYoungGen      total 108032K, used 12278K [0x00000000e0000000, 0x00000000e7f00000, 0x0000000100000000)
  eden space 95744K, 0% used [0x00000000e0000000,0x00000000e0000000,0x00000000e5d80000)
  from space 12288K, 99% used [0x00000000e6c00000,0x00000000e77fdb00,0x00000000e7800000)
  to   space 14848K, 0% used [0x00000000e5d80000,0x00000000e5d80000,0x00000000e6c00000)
 ParOldGen       total 114688K, used 13217K [0x00000000a0000000, 0x00000000a7000000, 0x00000000e0000000)
  object space 114688K, 11% used [0x00000000a0000000,0x00000000a0ce86b8,0x00000000a7000000)
 Metaspace       used 34273K, capacity 35100K, committed 35416K, reserved 1079296K
  class space    used 4705K, capacity 4939K, committed 4992K, reserved 1048576K
}
Event: 7.002 GC heap before
{Heap before GC invocations=8 (full 1):
 PSYoungGen      total 108032K, used 19011K [0x00000000e0000000, 0x00000000e7f00000, 0x0000000100000000)
  eden space 95744K, 7% used [0x00000000e0000000,0x00000000e06932a8,0x00000000e5d80000)
  from space 12288K, 99% used [0x00000000e6c00000,0x00000000e77fdb00,0x00000000e7800000)
  to   space 14848K, 0% used [0x00000000e5d80000,0x00000000e5d80000,0x00000000e6c00000)
 ParOldGen       total 114688K, used 13217K [0x00000000a0000000, 0x00000000a7000000, 0x00000000e0000000)
  object space 114688K, 11% used [0x00000000a0000000,0x00000000a0ce86b8,0x00000000a7000000)
 Metaspace       used 34523K, capacity 35284K, committed 35416K, reserved 1079296K
  class space    used 4741K, capacity 4976K, committed 4992K, reserved 1048576K
Event: 7.014 GC heap after
Heap after GC invocations=8 (full 1):
 PSYoungGen      total 110592K, used 12160K [0x00000000e0000000, 0x00000000ecb00000, 0x0000000100000000)
  eden space 95744K, 0% used [0x00000000e0000000,0x00000000e0000000,0x00000000e5d80000)
  from space 14848K, 81% used [0x00000000e5d80000,0x00000000e6960000,0x00000000e6c00000)
  to   space 15360K, 0% used [0x00000000ebc00000,0x00000000ebc00000,0x00000000ecb00000)
 ParOldGen       total 114688K, used 13225K [0x00000000a0000000, 0x00000000a7000000, 0x00000000e0000000)
  object space 114688K, 11% used [0x00000000a0000000,0x00000000a0cea6b8,0x00000000a7000000)
 Metaspace       used 34523K, capacity 35284K, committed 35416K, reserved 1079296K
  class space    used 4741K, capacity 4976K, committed 4992K, reserved 1048576K
}
Event: 7.014 GC heap before
{Heap before GC invocations=9 (full 2):
 PSYoungGen      total 110592K, used 12160K [0x00000000e0000000, 0x00000000ecb00000, 0x0000000100000000)
  eden space 95744K, 0% used [0x00000000e0000000,0x00000000e0000000,0x00000000e5d80000)
  from space 14848K, 81% used [0x00000000e5d80000,0x00000000e6960000,0x00000000e6c00000)
  to   space 15360K, 0% used [0x00000000ebc00000,0x00000000ebc00000,0x00000000ecb00000)
 ParOldGen       total 114688K, used 13225K [0x00000000a0000000, 0x00000000a7000000, 0x00000000e0000000)
  object space 114688K, 11% used [0x00000000a0000000,0x00000000a0cea6b8,0x00000000a7000000)
 Metaspace       used 34523K, capacity 35284K, committed 35416K, reserved 1079296K
  class space    used 4741K, capacity 4976K, committed 4992K, reserved 1048576K
Event: 7.071 GC heap after
Heap after GC invocations=9 (full 2):
 PSYoungGen      total 110592K, used 0K [0x00000000e0000000, 0x00000000ecb00000, 0x0000000100000000)
  eden space 95744K, 0% used [0x00000000e0000000,0x00000000e0000000,0x00000000e5d80000)
  from space 14848K, 0% used [0x00000000e5d80000,0x00000000e5d80000,0x00000000e6c00000)
  to   space 15360K, 0% used [0x00000000ebc00000,0x00000000ebc00000,0x00000000ecb00000)
 ParOldGen       total 145408K, used 20259K [0x00000000a0000000, 0x00000000a8e00000, 0x00000000e0000000)
  object space 145408K, 13% used [0x00000000a0000000,0x00000000a13c8f98,0x00000000a8e00000)
 Metaspace       used 34506K, capacity 35230K, committed 35416K, reserved 1079296K
  class space    used 4736K, capacity 4967K, committed 4992K, reserved 1048576K
}
Event: 8.483 GC heap before
{Heap before GC invocations=10 (full 2):
 PSYoungGen      total 110592K, used 94924K [0x00000000e0000000, 0x00000000ecb00000, 0x0000000100000000)
  eden space 95744K, 99% used [0x00000000e0000000,0x00000000e5cb3290,0x00000000e5d80000)
  from space 14848K, 0% used [0x00000000e5d80000,0x00000000e5d80000,0x00000000e6c00000)
  to   space 15360K, 0% used [0x00000000ebc00000,0x00000000ebc00000,0x00000000ecb00000)
 ParOldGen       total 145408K, used 20259K [0x00000000a0000000, 0x00000000a8e00000, 0x00000000e0000000)
  object space 145408K, 13% used [0x00000000a0000000,0x00000000a13c8f98,0x00000000a8e00000)
 Metaspace       used 44274K, capacity 45232K, committed 45656K, reserved 1089536K
  class space    used 5954K, capacity 6210K, committed 6272K, reserved 1048576K
Event: 8.495 GC heap after
Heap after GC invocations=10 (full 2):
 PSYoungGen      total 181248K, used 13367K [0x00000000e0000000, 0x00000000ec980000, 0x0000000100000000)
  eden space 167424K, 0% used [0x00000000e0000000,0x00000000e0000000,0x00000000ea380000)
  from space 13824K, 96% used [0x00000000ebc00000,0x00000000ec90dfa0,0x00000000ec980000)
  to   space 15872K, 0% used [0x00000000eaa80000,0x00000000eaa80000,0x00000000eba00000)
 ParOldGen       total 145408K, used 20267K [0x00000000a0000000, 0x00000000a8e00000, 0x00000000e0000000)
  object space 145408K, 13% used [0x00000000a0000000,0x00000000a13caf98,0x00000000a8e00000)
 Metaspace       used 44274K, capacity 45232K, committed 45656K, reserved 1089536K
  class space    used 5954K, capacity 6210K, committed 6272K, reserved 1048576K
}

