# JRE version: OpenJDK Runtime Environment (8.0_202-b03) (build 1.8.0_202-release-1483-b03)
# Java VM: OpenJDK 64-Bit Server VM (25.202-b03 mixed mode windows-amd64 compressed oops)
Heap:
 PSYoungGen      total 325632K, used 75364K [0x00000000e0000000, 0x00000000f8d80000, 0x0000000100000000)
  eden space 254976K, 9% used [0x00000000e0000000,0x00000000e17806d8,0x00000000ef900000)
  from space 70656K, 72% used [0x00000000f4180000,0x00000000f7398bf0,0x00000000f8680000)
  to   space 74240K, 0% used [0x00000000ef900000,0x00000000ef900000,0x00000000f4180000)
 ParOldGen       total 452608K, used 89612K [0x00000000a0000000, 0x00000000bba00000, 0x00000000e0000000)
  object space 452608K, 19% used [0x00000000a0000000,0x00000000a57833d0,0x00000000bba00000)
 Metaspace       used 97251K, capacity 100436K, committed 100760K, reserved 1136640K
  class space    used 12717K, capacity 13429K, committed 13480K, reserved 1048576K
GC Heap History (10 events):
Event: 21.400 GC heap before
{Heap before GC invocations=20 (full 3):
 PSYoungGen      total 260096K, used 249105K [0x00000000e0000000, 0x00000000f2e00000, 0x0000000100000000)
  eden space 217088K, 100% used [0x00000000e0000000,0x00000000ed400000,0x00000000ed400000)
  from space 43008K, 74% used [0x00000000f0400000,0x00000000f2344490,0x00000000f2e00000)
  to   space 46080K, 0% used [0x00000000ed400000,0x00000000ed400000,0x00000000f0100000)
 ParOldGen       total 286208K, used 76137K [0x00000000a0000000, 0x00000000b1780000, 0x00000000e0000000)
  object space 286208K, 26% used [0x00000000a0000000,0x00000000a4a5a748,0x00000000b1780000)
 Metaspace       used 76170K, capacity 78830K, committed 79000K, reserved 1118208K
  class space    used 9954K, capacity 10562K, committed 10664K, reserved 1048576K
Event: 21.423 GC heap after
Heap after GC invocations=20 (full 3):
 PSYoungGen      total 263168K, used 45111K [0x00000000e0000000, 0x00000000f5580000, 0x0000000100000000)
  eden space 217088K, 0% used [0x00000000e0000000,0x00000000e0000000,0x00000000ed400000)
  from space 46080K, 97% used [0x00000000ed400000,0x00000000f000dc78,0x00000000f0100000)
  to   space 52224K, 0% used [0x00000000f2280000,0x00000000f2280000,0x00000000f5580000)
 ParOldGen       total 286208K, used 76145K [0x00000000a0000000, 0x00000000b1780000, 0x00000000e0000000)
  object space 286208K, 26% used [0x00000000a0000000,0x00000000a4a5c748,0x00000000b1780000)
 Metaspace       used 76170K, capacity 78830K, committed 79000K, reserved 1118208K
  class space    used 9954K, capacity 10562K, committed 10664K, reserved 1048576K
}
Event: 23.827 GC heap before
{Heap before GC invocations=21 (full 3):
 PSYoungGen      total 263168K, used 262199K [0x00000000e0000000, 0x00000000f5580000, 0x0000000100000000)
  eden space 217088K, 100% used [0x00000000e0000000,0x00000000ed400000,0x00000000ed400000)
  from space 46080K, 97% used [0x00000000ed400000,0x00000000f000dc78,0x00000000f0100000)
  to   space 52224K, 0% used [0x00000000f2280000,0x00000000f2280000,0x00000000f5580000)
 ParOldGen       total 286208K, used 76145K [0x00000000a0000000, 0x00000000b1780000, 0x00000000e0000000)
  object space 286208K, 26% used [0x00000000a0000000,0x00000000a4a5c748,0x00000000b1780000)
 Metaspace       used 91710K, capacity 94840K, committed 94872K, reserved 1132544K
  class space    used 12015K, capacity 12707K, committed 12712K, reserved 1048576K
Event: 23.861 GC heap after
Heap after GC invocations=21 (full 3):
 PSYoungGen      total 285184K, used 52213K [0x00000000e0000000, 0x00000000f6d00000, 0x0000000100000000)
  eden space 232960K, 0% used [0x00000000e0000000,0x00000000e0000000,0x00000000ee380000)
  from space 52224K, 99% used [0x00000000f2280000,0x00000000f557d690,0x00000000f5580000)
  to   space 64512K, 0% used [0x00000000ee380000,0x00000000ee380000,0x00000000f2280000)
 ParOldGen       total 286208K, used 89114K [0x00000000a0000000, 0x00000000b1780000, 0x00000000e0000000)
  object space 286208K, 31% used [0x00000000a0000000,0x00000000a5706920,0x00000000b1780000)
 Metaspace       used 91710K, capacity 94840K, committed 94872K, reserved 1132544K
  class space    used 12015K, capacity 12707K, committed 12712K, reserved 1048576K
}
Event: 32.366 GC heap before
{Heap before GC invocations=22 (full 3):
 PSYoungGen      total 285184K, used 161696K [0x00000000e0000000, 0x00000000f6d00000, 0x0000000100000000)
  eden space 232960K, 46% used [0x00000000e0000000,0x00000000e6aeabe0,0x00000000ee380000)
  from space 52224K, 99% used [0x00000000f2280000,0x00000000f557d690,0x00000000f5580000)
  to   space 64512K, 0% used [0x00000000ee380000,0x00000000ee380000,0x00000000f2280000)
 ParOldGen       total 286208K, used 89114K [0x00000000a0000000, 0x00000000b1780000, 0x00000000e0000000)
  object space 286208K, 31% used [0x00000000a0000000,0x00000000a5706920,0x00000000b1780000)
 Metaspace       used 95221K, capacity 98510K, committed 98600K, reserved 1134592K
  class space    used 12504K, capacity 13204K, committed 13224K, reserved 1048576K
Event: 32.410 GC heap after
Heap after GC invocations=22 (full 3):
 PSYoungGen      total 297472K, used 54504K [0x00000000e0000000, 0x00000000f8680000, 0x0000000100000000)
  eden space 232960K, 0% used [0x00000000e0000000,0x00000000e0000000,0x00000000ee380000)
  from space 64512K, 84% used [0x00000000ee380000,0x00000000f18ba270,0x00000000f2280000)
  to   space 70656K, 0% used [0x00000000f4180000,0x00000000f4180000,0x00000000f8680000)
 ParOldGen       total 286208K, used 103324K [0x00000000a0000000, 0x00000000b1780000, 0x00000000e0000000)
  object space 286208K, 36% used [0x00000000a0000000,0x00000000a64e7238,0x00000000b1780000)
 Metaspace       used 95221K, capacity 98510K, committed 98600K, reserved 1134592K
  class space    used 12504K, capacity 13204K, committed 13224K, reserved 1048576K
}
Event: 32.410 GC heap before
{Heap before GC invocations=23 (full 4):
 PSYoungGen      total 297472K, used 54504K [0x00000000e0000000, 0x00000000f8680000, 0x0000000100000000)
  eden space 232960K, 0% used [0x00000000e0000000,0x00000000e0000000,0x00000000ee380000)
  from space 64512K, 84% used [0x00000000ee380000,0x00000000f18ba270,0x00000000f2280000)
  to   space 70656K, 0% used [0x00000000f4180000,0x00000000f4180000,0x00000000f8680000)
 ParOldGen       total 286208K, used 103324K [0x00000000a0000000, 0x00000000b1780000, 0x00000000e0000000)
  object space 286208K, 36% used [0x00000000a0000000,0x00000000a64e7238,0x00000000b1780000)
 Metaspace       used 95221K, capacity 98510K, committed 98600K, reserved 1134592K
  class space    used 12504K, capacity 13204K, committed 13224K, reserved 1048576K
Event: 32.593 GC heap after
Heap after GC invocations=23 (full 4):
 PSYoungGen      total 297472K, used 0K [0x00000000e0000000, 0x00000000f8680000, 0x0000000100000000)
  eden space 232960K, 0% used [0x00000000e0000000,0x00000000e0000000,0x00000000ee380000)
  from space 64512K, 0% used [0x00000000ee380000,0x00000000ee380000,0x00000000f2280000)
  to   space 70656K, 0% used [0x00000000f4180000,0x00000000f4180000,0x00000000f8680000)
 ParOldGen       total 452608K, used 89604K [0x00000000a0000000, 0x00000000bba00000, 0x00000000e0000000)
  object space 452608K, 19% used [0x00000000a0000000,0x00000000a57813d0,0x00000000bba00000)
 Metaspace       used 95093K, capacity 98118K, committed 98600K, reserved 1134592K
  class space    used 12463K, capacity 13134K, committed 13224K, reserved 1048576K
}
Event: 43.845 GC heap before
{Heap before GC invocations=24 (full 4):
 PSYoungGen      total 297472K, used 232960K [0x00000000e0000000, 0x00000000f8680000, 0x0000000100000000)
  eden space 232960K, 100% used [0x00000000e0000000,0x00000000ee380000,0x00000000ee380000)
  from space 64512K, 0% used [0x00000000ee380000,0x00000000ee380000,0x00000000f2280000)
  to   space 70656K, 0% used [0x00000000f4180000,0x00000000f4180000,0x00000000f8680000)
 ParOldGen       total 452608K, used 89604K [0x00000000a0000000, 0x00000000bba00000, 0x00000000e0000000)
  object space 452608K, 19% used [0x00000000a0000000,0x00000000a57813d0,0x00000000bba00000)
 Metaspace       used 96535K, capacity 99700K, committed 99992K, reserved 1136640K
  class space    used 12675K, capacity 13397K, committed 13480K, reserved 1048576K
Event: 43.867 GC heap after
Heap after GC invocations=24 (full 4):
 PSYoungGen      total 325632K, used 51298K [0x00000000e0000000, 0x00000000f8d80000, 0x0000000100000000)
  eden space 254976K, 0% used [0x00000000e0000000,0x00000000e0000000,0x00000000ef900000)
  from space 70656K, 72% used [0x00000000f4180000,0x00000000f7398bf0,0x00000000f8680000)
  to   space 74240K, 0% used [0x00000000ef900000,0x00000000ef900000,0x00000000f4180000)
 ParOldGen       total 452608K, used 89612K [0x00000000a0000000, 0x00000000bba00000, 0x00000000e0000000)
  object space 452608K, 19% used [0x00000000a0000000,0x00000000a57833d0,0x00000000bba00000)
 Metaspace       used 96535K, capacity 99700K, committed 99992K, reserved 1136640K
  class space    used 12675K, capacity 13397K, committed 13480K, reserved 1048576K
}

