# JRE version: OpenJDK Runtime Environment (8.0_202-b03) (build 1.8.0_202-release-1483-b03)
# Java VM: OpenJDK 64-Bit Server VM (25.202-b03 mixed mode windows-amd64 compressed oops)
Heap:
 PSYoungGen      total 251904K, used 150862K [0x00000000e0000000, 0x00000000f4880000, 0x0000000100000000)
  eden space 203264K, 50% used [0x00000000e0000000,0x00000000e63da408,0x00000000ec680000)
  from space 48640K, 99% used [0x00000000ec680000,0x00000000ef5f95a0,0x00000000ef600000)
  to   space 57856K, 0% used [0x00000000f1000000,0x00000000f1000000,0x00000000f4880000)
 ParOldGen       total 295424K, used 82622K [0x00000000a0000000, 0x00000000b2080000, 0x00000000e0000000)
  object space 295424K, 27% used [0x00000000a0000000,0x00000000a50afba0,0x00000000b2080000)
 Metaspace       used 85122K, capacity 89300K, committed 89496K, reserved 1126400K
  class space    used 11257K, capacity 12104K, committed 12184K, reserved 1048576K
GC Heap History (10 events):
Event: 10.232 GC heap before
{Heap before GC invocations=16 (full 3):
 PSYoungGen      total 184320K, used 184288K [0x00000000e0000000, 0x00000000ee000000, 0x0000000100000000)
  eden space 158208K, 100% used [0x00000000e0000000,0x00000000e9a80000,0x00000000e9a80000)
  from space 26112K, 99% used [0x00000000eba80000,0x00000000ed3f8030,0x00000000ed400000)
  to   space 32768K, 0% used [0x00000000e9a80000,0x00000000e9a80000,0x00000000eba80000)
 ParOldGen       total 295424K, used 53396K [0x00000000a0000000, 0x00000000b2080000, 0x00000000e0000000)
  object space 295424K, 18% used [0x00000000a0000000,0x00000000a3425210,0x00000000b2080000)
 Metaspace       used 70592K, capacity 73768K, committed 74008K, reserved 1114112K
  class space    used 9567K, capacity 10241K, committed 10264K, reserved 1048576K
Event: 10.253 GC heap after
Heap after GC invocations=16 (full 3):
 PSYoungGen      total 190976K, used 32757K [0x00000000e0000000, 0x00000000efe00000, 0x0000000100000000)
  eden space 158208K, 0% used [0x00000000e0000000,0x00000000e0000000,0x00000000e9a80000)
  from space 32768K, 99% used [0x00000000e9a80000,0x00000000eba7d4d0,0x00000000eba80000)
  to   space 38912K, 0% used [0x00000000ed800000,0x00000000ed800000,0x00000000efe00000)
 ParOldGen       total 295424K, used 58172K [0x00000000a0000000, 0x00000000b2080000, 0x00000000e0000000)
  object space 295424K, 19% used [0x00000000a0000000,0x00000000a38cf2c0,0x00000000b2080000)
 Metaspace       used 70592K, capacity 73768K, committed 74008K, reserved 1114112K
  class space    used 9567K, capacity 10241K, committed 10264K, reserved 1048576K
}
Event: 11.515 GC heap before
{Heap before GC invocations=17 (full 3):
 PSYoungGen      total 190976K, used 190965K [0x00000000e0000000, 0x00000000efe00000, 0x0000000100000000)
  eden space 158208K, 100% used [0x00000000e0000000,0x00000000e9a80000,0x00000000e9a80000)
  from space 32768K, 99% used [0x00000000e9a80000,0x00000000eba7d4d0,0x00000000eba80000)
  to   space 38912K, 0% used [0x00000000ed800000,0x00000000ed800000,0x00000000efe00000)
 ParOldGen       total 295424K, used 58172K [0x00000000a0000000, 0x00000000b2080000, 0x00000000e0000000)
  object space 295424K, 19% used [0x00000000a0000000,0x00000000a38cf2c0,0x00000000b2080000)
 Metaspace       used 71584K, capacity 74842K, committed 74904K, reserved 1114112K
  class space    used 9685K, capacity 10343K, committed 10392K, reserved 1048576K
Event: 11.542 GC heap after
Heap after GC invocations=17 (full 3):
 PSYoungGen      total 221696K, used 21809K [0x00000000e0000000, 0x00000000efe80000, 0x0000000100000000)
  eden space 182784K, 0% used [0x00000000e0000000,0x00000000e0000000,0x00000000eb280000)
  from space 38912K, 56% used [0x00000000ed800000,0x00000000eed4c4d0,0x00000000efe00000)
  to   space 38400K, 0% used [0x00000000eb280000,0x00000000eb280000,0x00000000ed800000)
 ParOldGen       total 295424K, used 76953K [0x00000000a0000000, 0x00000000b2080000, 0x00000000e0000000)
  object space 295424K, 26% used [0x00000000a0000000,0x00000000a4b26430,0x00000000b2080000)
 Metaspace       used 71584K, capacity 74842K, committed 74904K, reserved 1114112K
  class space    used 9685K, capacity 10343K, committed 10392K, reserved 1048576K
}
Event: 16.518 GC heap before
{Heap before GC invocations=18 (full 3):
 PSYoungGen      total 221696K, used 204593K [0x00000000e0000000, 0x00000000efe80000, 0x0000000100000000)
  eden space 182784K, 100% used [0x00000000e0000000,0x00000000eb280000,0x00000000eb280000)
  from space 38912K, 56% used [0x00000000ed800000,0x00000000eed4c4d0,0x00000000efe00000)
  to   space 38400K, 0% used [0x00000000eb280000,0x00000000eb280000,0x00000000ed800000)
 ParOldGen       total 295424K, used 76953K [0x00000000a0000000, 0x00000000b2080000, 0x00000000e0000000)
  object space 295424K, 26% used [0x00000000a0000000,0x00000000a4b26430,0x00000000b2080000)
 Metaspace       used 76658K, capacity 80420K, committed 80664K, reserved 1118208K
  class space    used 10168K, capacity 10936K, committed 11032K, reserved 1048576K
Event: 16.542 GC heap after
Heap after GC invocations=18 (full 3):
 PSYoungGen      total 221184K, used 37684K [0x00000000e0000000, 0x00000000f2080000, 0x0000000100000000)
  eden space 182784K, 0% used [0x00000000e0000000,0x00000000e0000000,0x00000000eb280000)
  from space 38400K, 98% used [0x00000000eb280000,0x00000000ed74d2e0,0x00000000ed800000)
  to   space 43520K, 0% used [0x00000000ef600000,0x00000000ef600000,0x00000000f2080000)
 ParOldGen       total 295424K, used 76961K [0x00000000a0000000, 0x00000000b2080000, 0x00000000e0000000)
  object space 295424K, 26% used [0x00000000a0000000,0x00000000a4b28430,0x00000000b2080000)
 Metaspace       used 76658K, capacity 80420K, committed 80664K, reserved 1118208K
  class space    used 10168K, capacity 10936K, committed 11032K, reserved 1048576K
}
Event: 34.497 GC heap before
{Heap before GC invocations=19 (full 3):
 PSYoungGen      total 221184K, used 220468K [0x00000000e0000000, 0x00000000f2080000, 0x0000000100000000)
  eden space 182784K, 100% used [0x00000000e0000000,0x00000000eb280000,0x00000000eb280000)
  from space 38400K, 98% used [0x00000000eb280000,0x00000000ed74d2e0,0x00000000ed800000)
  to   space 43520K, 0% used [0x00000000ef600000,0x00000000ef600000,0x00000000f2080000)
 ParOldGen       total 295424K, used 76961K [0x00000000a0000000, 0x00000000b2080000, 0x00000000e0000000)
  object space 295424K, 26% used [0x00000000a0000000,0x00000000a4b28430,0x00000000b2080000)
 Metaspace       used 77878K, capacity 81852K, committed 82072K, reserved 1120256K
  class space    used 10281K, capacity 11090K, committed 11160K, reserved 1048576K
Event: 34.519 GC heap after
Heap after GC invocations=19 (full 3):
 PSYoungGen      total 246784K, used 40363K [0x00000000e0000000, 0x00000000f2600000, 0x0000000100000000)
  eden space 203264K, 0% used [0x00000000e0000000,0x00000000e0000000,0x00000000ec680000)
  from space 43520K, 92% used [0x00000000ef600000,0x00000000f1d6ae20,0x00000000f2080000)
  to   space 48640K, 0% used [0x00000000ec680000,0x00000000ec680000,0x00000000ef600000)
 ParOldGen       total 295424K, used 76969K [0x00000000a0000000, 0x00000000b2080000, 0x00000000e0000000)
  object space 295424K, 26% used [0x00000000a0000000,0x00000000a4b2a430,0x00000000b2080000)
 Metaspace       used 77878K, capacity 81852K, committed 82072K, reserved 1120256K
  class space    used 10281K, capacity 11090K, committed 11160K, reserved 1048576K
}
Event: 36.246 GC heap before
{Heap before GC invocations=20 (full 3):
 PSYoungGen      total 246784K, used 243627K [0x00000000e0000000, 0x00000000f2600000, 0x0000000100000000)
  eden space 203264K, 100% used [0x00000000e0000000,0x00000000ec680000,0x00000000ec680000)
  from space 43520K, 92% used [0x00000000ef600000,0x00000000f1d6ae20,0x00000000f2080000)
  to   space 48640K, 0% used [0x00000000ec680000,0x00000000ec680000,0x00000000ef600000)
 ParOldGen       total 295424K, used 76969K [0x00000000a0000000, 0x00000000b2080000, 0x00000000e0000000)
  object space 295424K, 26% used [0x00000000a0000000,0x00000000a4b2a430,0x00000000b2080000)
 Metaspace       used 81178K, capacity 85254K, committed 85400K, reserved 1122304K
  class space    used 10737K, capacity 11593K, committed 11672K, reserved 1048576K
Event: 36.275 GC heap after
Heap after GC invocations=20 (full 3):
 PSYoungGen      total 251904K, used 48613K [0x00000000e0000000, 0x00000000f4880000, 0x0000000100000000)
  eden space 203264K, 0% used [0x00000000e0000000,0x00000000e0000000,0x00000000ec680000)
  from space 48640K, 99% used [0x00000000ec680000,0x00000000ef5f95a0,0x00000000ef600000)
  to   space 57856K, 0% used [0x00000000f1000000,0x00000000f1000000,0x00000000f4880000)
 ParOldGen       total 295424K, used 82622K [0x00000000a0000000, 0x00000000b2080000, 0x00000000e0000000)
  object space 295424K, 27% used [0x00000000a0000000,0x00000000a50afba0,0x00000000b2080000)
 Metaspace       used 81178K, capacity 85254K, committed 85400K, reserved 1122304K
  class space    used 10737K, capacity 11593K, committed 11672K, reserved 1048576K
}

