# JRE version: OpenJDK Runtime Environment (8.0_202-b03) (build 1.8.0_202-release-1483-b03)
# Java VM: OpenJDK 64-Bit Server VM (25.202-b03 mixed mode windows-amd64 compressed oops)
Heap:
 PSYoungGen      total 265728K, used 106591K [0x00000000e0000000, 0x00000000f6180000, 0x0000000100000000)
  eden space 217088K, 30% used [0x00000000e0000000,0x00000000e4171b80,0x00000000ed400000)
  from space 48640K, 81% used [0x00000000ed400000,0x00000000efaa60a0,0x00000000f0380000)
  to   space 52736K, 0% used [0x00000000f2e00000,0x00000000f2e00000,0x00000000f6180000)
 ParOldGen       total 295936K, used 66610K [0x00000000a0000000, 0x00000000b2100000, 0x00000000e0000000)
  object space 295936K, 22% used [0x00000000a0000000,0x00000000a410cb18,0x00000000b2100000)
 Metaspace       used 73310K, capacity 76180K, committed 76568K, reserved 1116160K
  class space    used 9541K, capacity 10180K, committed 10280K, reserved 1048576K
GC Heap History (10 events):
Event: 11.193 GC heap before
{Heap before GC invocations=16 (full 3):
 PSYoungGen      total 178688K, used 178661K [0x00000000e0000000, 0x00000000edf00000, 0x0000000100000000)
  eden space 155136K, 100% used [0x00000000e0000000,0x00000000e9780000,0x00000000e9780000)
  from space 23552K, 99% used [0x00000000eb480000,0x00000000ecb79500,0x00000000ecb80000)
  to   space 29696K, 0% used [0x00000000e9780000,0x00000000e9780000,0x00000000eb480000)
 ParOldGen       total 295936K, used 50155K [0x00000000a0000000, 0x00000000b2100000, 0x00000000e0000000)
  object space 295936K, 16% used [0x00000000a0000000,0x00000000a30fac78,0x00000000b2100000)
 Metaspace       used 66929K, capacity 69590K, committed 69656K, reserved 1110016K
  class space    used 8881K, capacity 9505K, committed 9512K, reserved 1048576K
Event: 11.211 GC heap after
Heap after GC invocations=16 (full 3):
 PSYoungGen      total 184832K, used 29678K [0x00000000e0000000, 0x00000000efa00000, 0x0000000100000000)
  eden space 155136K, 0% used [0x00000000e0000000,0x00000000e0000000,0x00000000e9780000)
  from space 29696K, 99% used [0x00000000e9780000,0x00000000eb47b9d0,0x00000000eb480000)
  to   space 39424K, 0% used [0x00000000ed380000,0x00000000ed380000,0x00000000efa00000)
 ParOldGen       total 295936K, used 65750K [0x00000000a0000000, 0x00000000b2100000, 0x00000000e0000000)
  object space 295936K, 22% used [0x00000000a0000000,0x00000000a4035878,0x00000000b2100000)
 Metaspace       used 66929K, capacity 69590K, committed 69656K, reserved 1110016K
  class space    used 8881K, capacity 9505K, committed 9512K, reserved 1048576K
}
Event: 11.521 GC heap before
{Heap before GC invocations=17 (full 3):
 PSYoungGen      total 184832K, used 184814K [0x00000000e0000000, 0x00000000efa00000, 0x0000000100000000)
  eden space 155136K, 100% used [0x00000000e0000000,0x00000000e9780000,0x00000000e9780000)
  from space 29696K, 99% used [0x00000000e9780000,0x00000000eb47b9d0,0x00000000eb480000)
  to   space 39424K, 0% used [0x00000000ed380000,0x00000000ed380000,0x00000000efa00000)
 ParOldGen       total 295936K, used 66256K [0x00000000a0000000, 0x00000000b2100000, 0x00000000e0000000)
  object space 295936K, 22% used [0x00000000a0000000,0x00000000a40b4060,0x00000000b2100000)
 Metaspace       used 69496K, capacity 72290K, committed 72600K, reserved 1112064K
  class space    used 9135K, capacity 9775K, committed 9896K, reserved 1048576K
Event: 11.539 GC heap after
Heap after GC invocations=17 (full 3):
 PSYoungGen      total 211968K, used 35965K [0x00000000e0000000, 0x00000000f0e00000, 0x0000000100000000)
  eden space 172544K, 0% used [0x00000000e0000000,0x00000000e0000000,0x00000000ea880000)
  from space 39424K, 91% used [0x00000000ed380000,0x00000000ef69f768,0x00000000efa00000)
  to   space 44032K, 0% used [0x00000000ea880000,0x00000000ea880000,0x00000000ed380000)
 ParOldGen       total 295936K, used 66264K [0x00000000a0000000, 0x00000000b2100000, 0x00000000e0000000)
  object space 295936K, 22% used [0x00000000a0000000,0x00000000a40b6060,0x00000000b2100000)
 Metaspace       used 69496K, capacity 72290K, committed 72600K, reserved 1112064K
  class space    used 9135K, capacity 9775K, committed 9896K, reserved 1048576K
}
Event: 11.789 GC heap before
{Heap before GC invocations=18 (full 3):
 PSYoungGen      total 211968K, used 208509K [0x00000000e0000000, 0x00000000f0e00000, 0x0000000100000000)
  eden space 172544K, 100% used [0x00000000e0000000,0x00000000ea880000,0x00000000ea880000)
  from space 39424K, 91% used [0x00000000ed380000,0x00000000ef69f768,0x00000000efa00000)
  to   space 44032K, 0% used [0x00000000ea880000,0x00000000ea880000,0x00000000ed380000)
 ParOldGen       total 295936K, used 66592K [0x00000000a0000000, 0x00000000b2100000, 0x00000000e0000000)
  object space 295936K, 22% used [0x00000000a0000000,0x00000000a4108150,0x00000000b2100000)
 Metaspace       used 69654K, capacity 72418K, committed 72600K, reserved 1112064K
  class space    used 9135K, capacity 9775K, committed 9896K, reserved 1048576K
Event: 11.808 GC heap after
Heap after GC invocations=18 (full 3):
 PSYoungGen      total 216576K, used 34565K [0x00000000e0000000, 0x00000000f3100000, 0x0000000100000000)
  eden space 172544K, 0% used [0x00000000e0000000,0x00000000e0000000,0x00000000ea880000)
  from space 44032K, 78% used [0x00000000ea880000,0x00000000eca416c8,0x00000000ed380000)
  to   space 46592K, 0% used [0x00000000f0380000,0x00000000f0380000,0x00000000f3100000)
 ParOldGen       total 295936K, used 66600K [0x00000000a0000000, 0x00000000b2100000, 0x00000000e0000000)
  object space 295936K, 22% used [0x00000000a0000000,0x00000000a410a150,0x00000000b2100000)
 Metaspace       used 69654K, capacity 72418K, committed 72600K, reserved 1112064K
  class space    used 9135K, capacity 9775K, committed 9896K, reserved 1048576K
}
Event: 12.101 GC heap before
{Heap before GC invocations=19 (full 3):
 PSYoungGen      total 216576K, used 207109K [0x00000000e0000000, 0x00000000f3100000, 0x0000000100000000)
  eden space 172544K, 100% used [0x00000000e0000000,0x00000000ea880000,0x00000000ea880000)
  from space 44032K, 78% used [0x00000000ea880000,0x00000000eca416c8,0x00000000ed380000)
  to   space 46592K, 0% used [0x00000000f0380000,0x00000000f0380000,0x00000000f3100000)
 ParOldGen       total 295936K, used 66602K [0x00000000a0000000, 0x00000000b2100000, 0x00000000e0000000)
  object space 295936K, 22% used [0x00000000a0000000,0x00000000a410ab18,0x00000000b2100000)
 Metaspace       used 69801K, capacity 72546K, committed 72856K, reserved 1112064K
  class space    used 9135K, capacity 9775K, committed 9896K, reserved 1048576K
Event: 12.126 GC heap after
Heap after GC invocations=19 (full 3):
 PSYoungGen      total 263680K, used 33651K [0x00000000e0000000, 0x00000000f3b80000, 0x0000000100000000)
  eden space 217088K, 0% used [0x00000000e0000000,0x00000000e0000000,0x00000000ed400000)
  from space 46592K, 72% used [0x00000000f0380000,0x00000000f245ccb0,0x00000000f3100000)
  to   space 48640K, 0% used [0x00000000ed400000,0x00000000ed400000,0x00000000f0380000)
 ParOldGen       total 295936K, used 66602K [0x00000000a0000000, 0x00000000b2100000, 0x00000000e0000000)
  object space 295936K, 22% used [0x00000000a0000000,0x00000000a410ab18,0x00000000b2100000)
 Metaspace       used 69801K, capacity 72546K, committed 72856K, reserved 1112064K
  class space    used 9135K, capacity 9775K, committed 9896K, reserved 1048576K
}
Event: 14.644 GC heap before
{Heap before GC invocations=20 (full 3):
 PSYoungGen      total 263680K, used 250739K [0x00000000e0000000, 0x00000000f3b80000, 0x0000000100000000)
  eden space 217088K, 100% used [0x00000000e0000000,0x00000000ed400000,0x00000000ed400000)
  from space 46592K, 72% used [0x00000000f0380000,0x00000000f245ccb0,0x00000000f3100000)
  to   space 48640K, 0% used [0x00000000ed400000,0x00000000ed400000,0x00000000f0380000)
 ParOldGen       total 295936K, used 66602K [0x00000000a0000000, 0x00000000b2100000, 0x00000000e0000000)
  object space 295936K, 22% used [0x00000000a0000000,0x00000000a410ab18,0x00000000b2100000)
 Metaspace       used 73032K, capacity 75814K, committed 75928K, reserved 1116160K
  class space    used 9506K, capacity 10135K, committed 10152K, reserved 1048576K
Event: 14.661 GC heap after
Heap after GC invocations=20 (full 3):
 PSYoungGen      total 265728K, used 39576K [0x00000000e0000000, 0x00000000f6180000, 0x0000000100000000)
  eden space 217088K, 0% used [0x00000000e0000000,0x00000000e0000000,0x00000000ed400000)
  from space 48640K, 81% used [0x00000000ed400000,0x00000000efaa60a0,0x00000000f0380000)
  to   space 52736K, 0% used [0x00000000f2e00000,0x00000000f2e00000,0x00000000f6180000)
 ParOldGen       total 295936K, used 66610K [0x00000000a0000000, 0x00000000b2100000, 0x00000000e0000000)
  object space 295936K, 22% used [0x00000000a0000000,0x00000000a410cb18,0x00000000b2100000)
 Metaspace       used 73032K, capacity 75814K, committed 75928K, reserved 1116160K
  class space    used 9506K, capacity 10135K, committed 10152K, reserved 1048576K
}

