# JRE version: OpenJDK Runtime Environment (8.0_202-b03) (build 1.8.0_202-release-1483-b03)
# Java VM: OpenJDK 64-Bit Server VM (25.202-b03 mixed mode windows-amd64 compressed oops)
Heap:
 PSYoungGen      total 76288K, used 26646K [0x00000000e0000000, 0x00000000e5500000, 0x0000000100000000)
  eden space 65536K, 28% used [0x00000000e0000000,0x00000000e1251be8,0x00000000e4000000)
  from space 10752K, 73% used [0x00000000e4a80000,0x00000000e5233fb0,0x00000000e5500000)
  to   space 10752K, 0% used [0x00000000e4000000,0x00000000e4000000,0x00000000e4a80000)
 ParOldGen       total 117760K, used 11768K [0x00000000a0000000, 0x00000000a7300000, 0x00000000e0000000)
  object space 117760K, 9% used [0x00000000a0000000,0x00000000a0b7e028,0x00000000a7300000)
 Metaspace       used 29771K, capacity 30316K, committed 30592K, reserved 1075200K
  class space    used 4023K, capacity 4206K, committed 4224K, reserved 1048576K
GC Heap History (10 events):
Event: 1.588 GC heap before
{Heap before GC invocations=1 (full 0):
 PSYoungGen      total 76288K, used 65536K [0x00000000e0000000, 0x00000000e5500000, 0x0000000100000000)
  eden space 65536K, 100% used [0x00000000e0000000,0x00000000e4000000,0x00000000e4000000)
  from space 10752K, 0% used [0x00000000e4a80000,0x00000000e4a80000,0x00000000e5500000)
  to   space 10752K, 0% used [0x00000000e4000000,0x00000000e4000000,0x00000000e4a80000)
 ParOldGen       total 175104K, used 0K [0x00000000a0000000, 0x00000000aab00000, 0x00000000e0000000)
  object space 175104K, 0% used [0x00000000a0000000,0x00000000a0000000,0x00000000aab00000)
 Metaspace       used 8295K, capacity 8550K, committed 8832K, reserved 1056768K
  class space    used 1053K, capacity 1113K, committed 1152K, reserved 1048576K
Event: 1.593 GC heap after
Heap after GC invocations=1 (full 0):
 PSYoungGen      total 76288K, used 6985K [0x00000000e0000000, 0x00000000e5500000, 0x0000000100000000)
  eden space 65536K, 0% used [0x00000000e0000000,0x00000000e0000000,0x00000000e4000000)
  from space 10752K, 64% used [0x00000000e4000000,0x00000000e46d26d0,0x00000000e4a80000)
  to   space 10752K, 0% used [0x00000000e4a80000,0x00000000e4a80000,0x00000000e5500000)
 ParOldGen       total 175104K, used 16K [0x00000000a0000000, 0x00000000aab00000, 0x00000000e0000000)
  object space 175104K, 0% used [0x00000000a0000000,0x00000000a0004000,0x00000000aab00000)
 Metaspace       used 8295K, capacity 8550K, committed 8832K, reserved 1056768K
  class space    used 1053K, capacity 1113K, committed 1152K, reserved 1048576K
}
Event: 2.631 GC heap before
{Heap before GC invocations=2 (full 0):
 PSYoungGen      total 76288K, used 72521K [0x00000000e0000000, 0x00000000e5500000, 0x0000000100000000)
  eden space 65536K, 100% used [0x00000000e0000000,0x00000000e4000000,0x00000000e4000000)
  from space 10752K, 64% used [0x00000000e4000000,0x00000000e46d26d0,0x00000000e4a80000)
  to   space 10752K, 0% used [0x00000000e4a80000,0x00000000e4a80000,0x00000000e5500000)
 ParOldGen       total 175104K, used 16K [0x00000000a0000000, 0x00000000aab00000, 0x00000000e0000000)
  object space 175104K, 0% used [0x00000000a0000000,0x00000000a0004000,0x00000000aab00000)
 Metaspace       used 15443K, capacity 15916K, committed 16256K, reserved 1062912K
  class space    used 2191K, capacity 2332K, committed 2432K, reserved 1048576K
Event: 2.638 GC heap after
Heap after GC invocations=2 (full 0):
 PSYoungGen      total 76288K, used 10410K [0x00000000e0000000, 0x00000000e5500000, 0x0000000100000000)
  eden space 65536K, 0% used [0x00000000e0000000,0x00000000e0000000,0x00000000e4000000)
  from space 10752K, 96% used [0x00000000e4a80000,0x00000000e54aaa70,0x00000000e5500000)
  to   space 10752K, 0% used [0x00000000e4000000,0x00000000e4000000,0x00000000e4a80000)
 ParOldGen       total 175104K, used 24K [0x00000000a0000000, 0x00000000aab00000, 0x00000000e0000000)
  object space 175104K, 0% used [0x00000000a0000000,0x00000000a0006000,0x00000000aab00000)
 Metaspace       used 15443K, capacity 15916K, committed 16256K, reserved 1062912K
  class space    used 2191K, capacity 2332K, committed 2432K, reserved 1048576K
}
Event: 3.266 GC heap before
{Heap before GC invocations=3 (full 0):
 PSYoungGen      total 76288K, used 64570K [0x00000000e0000000, 0x00000000e5500000, 0x0000000100000000)
  eden space 65536K, 82% used [0x00000000e0000000,0x00000000e34e3e68,0x00000000e4000000)
  from space 10752K, 96% used [0x00000000e4a80000,0x00000000e54aaa70,0x00000000e5500000)
  to   space 10752K, 0% used [0x00000000e4000000,0x00000000e4000000,0x00000000e4a80000)
 ParOldGen       total 175104K, used 24K [0x00000000a0000000, 0x00000000aab00000, 0x00000000e0000000)
  object space 175104K, 0% used [0x00000000a0000000,0x00000000a0006000,0x00000000aab00000)
 Metaspace       used 20625K, capacity 21146K, committed 21296K, reserved 1067008K
  class space    used 2956K, capacity 3123K, committed 3200K, reserved 1048576K
Event: 3.273 GC heap after
Heap after GC invocations=3 (full 0):
 PSYoungGen      total 76288K, used 10732K [0x00000000e0000000, 0x00000000e5500000, 0x0000000100000000)
  eden space 65536K, 0% used [0x00000000e0000000,0x00000000e0000000,0x00000000e4000000)
  from space 10752K, 99% used [0x00000000e4000000,0x00000000e4a7b178,0x00000000e4a80000)
  to   space 10752K, 0% used [0x00000000e4a80000,0x00000000e4a80000,0x00000000e5500000)
 ParOldGen       total 175104K, used 1467K [0x00000000a0000000, 0x00000000aab00000, 0x00000000e0000000)
  object space 175104K, 0% used [0x00000000a0000000,0x00000000a016edc8,0x00000000aab00000)
 Metaspace       used 20625K, capacity 21146K, committed 21296K, reserved 1067008K
  class space    used 2956K, capacity 3123K, committed 3200K, reserved 1048576K
}
Event: 3.273 GC heap before
{Heap before GC invocations=4 (full 1):
 PSYoungGen      total 76288K, used 10732K [0x00000000e0000000, 0x00000000e5500000, 0x0000000100000000)
  eden space 65536K, 0% used [0x00000000e0000000,0x00000000e0000000,0x00000000e4000000)
  from space 10752K, 99% used [0x00000000e4000000,0x00000000e4a7b178,0x00000000e4a80000)
  to   space 10752K, 0% used [0x00000000e4a80000,0x00000000e4a80000,0x00000000e5500000)
 ParOldGen       total 175104K, used 1467K [0x00000000a0000000, 0x00000000aab00000, 0x00000000e0000000)
  object space 175104K, 0% used [0x00000000a0000000,0x00000000a016edc8,0x00000000aab00000)
 Metaspace       used 20625K, capacity 21146K, committed 21296K, reserved 1067008K
  class space    used 2956K, capacity 3123K, committed 3200K, reserved 1048576K
Event: 3.305 GC heap after
Heap after GC invocations=4 (full 1):
 PSYoungGen      total 76288K, used 0K [0x00000000e0000000, 0x00000000e5500000, 0x0000000100000000)
  eden space 65536K, 0% used [0x00000000e0000000,0x00000000e0000000,0x00000000e4000000)
  from space 10752K, 0% used [0x00000000e4000000,0x00000000e4000000,0x00000000e4a80000)
  to   space 10752K, 0% used [0x00000000e4a80000,0x00000000e4a80000,0x00000000e5500000)
 ParOldGen       total 117760K, used 11760K [0x00000000a0000000, 0x00000000a7300000, 0x00000000e0000000)
  object space 117760K, 9% used [0x00000000a0000000,0x00000000a0b7c028,0x00000000a7300000)
 Metaspace       used 20625K, capacity 21146K, committed 21296K, reserved 1067008K
  class space    used 2956K, capacity 3123K, committed 3200K, reserved 1048576K
}
Event: 4.182 GC heap before
{Heap before GC invocations=5 (full 1):
 PSYoungGen      total 76288K, used 65536K [0x00000000e0000000, 0x00000000e5500000, 0x0000000100000000)
  eden space 65536K, 100% used [0x00000000e0000000,0x00000000e4000000,0x00000000e4000000)
  from space 10752K, 0% used [0x00000000e4000000,0x00000000e4000000,0x00000000e4a80000)
  to   space 10752K, 0% used [0x00000000e4a80000,0x00000000e4a80000,0x00000000e5500000)
 ParOldGen       total 117760K, used 11760K [0x00000000a0000000, 0x00000000a7300000, 0x00000000e0000000)
  object space 117760K, 9% used [0x00000000a0000000,0x00000000a0b7c028,0x00000000a7300000)
 Metaspace       used 29027K, capacity 29614K, committed 30080K, reserved 1075200K
  class space    used 3919K, capacity 4100K, committed 4224K, reserved 1048576K
Event: 4.188 GC heap after
Heap after GC invocations=5 (full 1):
 PSYoungGen      total 76288K, used 7887K [0x00000000e0000000, 0x00000000e5500000, 0x0000000100000000)
  eden space 65536K, 0% used [0x00000000e0000000,0x00000000e0000000,0x00000000e4000000)
  from space 10752K, 73% used [0x00000000e4a80000,0x00000000e5233fb0,0x00000000e5500000)
  to   space 10752K, 0% used [0x00000000e4000000,0x00000000e4000000,0x00000000e4a80000)
 ParOldGen       total 117760K, used 11768K [0x00000000a0000000, 0x00000000a7300000, 0x00000000e0000000)
  object space 117760K, 9% used [0x00000000a0000000,0x00000000a0b7e028,0x00000000a7300000)
 Metaspace       used 29027K, capacity 29614K, committed 30080K, reserved 1075200K
  class space    used 3919K, capacity 4100K, committed 4224K, reserved 1048576K
}

