# JRE version: OpenJDK Runtime Environment (8.0_202-b03) (build 1.8.0_202-release-1483-b03)
# Java VM: OpenJDK 64-Bit Server VM (25.202-b03 mixed mode windows-amd64 compressed oops)
Heap:
 PSYoungGen      total 225792K, used 140956K [0x00000000e0000000, 0x00000000f2200000, 0x0000000100000000)
  eden space 185856K, 55% used [0x00000000e0000000,0x00000000e64f17c8,0x00000000eb580000)
  from space 39936K, 94% used [0x00000000eb580000,0x00000000eda35b68,0x00000000edc80000)
  to   space 45056K, 0% used [0x00000000ef600000,0x00000000ef600000,0x00000000f2200000)
 ParOldGen       total 284160K, used 77308K [0x00000000a0000000, 0x00000000b1580000, 0x00000000e0000000)
  object space 284160K, 27% used [0x00000000a0000000,0x00000000a4b7f050,0x00000000b1580000)
 Metaspace       used 81096K, capacity 85074K, committed 85272K, reserved 1122304K
  class space    used 10691K, capacity 11539K, committed 11560K, reserved 1048576K
GC Heap History (10 events):
Event: 8.103 GC heap before
{Heap before GC invocations=14 (full 3):
 PSYoungGen      total 158208K, used 155600K [0x00000000e0000000, 0x00000000eb900000, 0x0000000100000000)
  eden space 144384K, 100% used [0x00000000e0000000,0x00000000e8d00000,0x00000000e8d00000)
  from space 13824K, 81% used [0x00000000eab80000,0x00000000eb674290,0x00000000eb900000)
  to   space 22528K, 0% used [0x00000000e8d00000,0x00000000e8d00000,0x00000000ea300000)
 ParOldGen       total 284160K, used 42397K [0x00000000a0000000, 0x00000000b1580000, 0x00000000e0000000)
  object space 284160K, 14% used [0x00000000a0000000,0x00000000a29675a0,0x00000000b1580000)
 Metaspace       used 62572K, capacity 64878K, committed 65176K, reserved 1105920K
  class space    used 8513K, capacity 9051K, committed 9128K, reserved 1048576K
Event: 8.119 GC heap after
Heap after GC invocations=14 (full 3):
 PSYoungGen      total 166912K, used 22496K [0x00000000e0000000, 0x00000000eda00000, 0x0000000100000000)
  eden space 144384K, 0% used [0x00000000e0000000,0x00000000e0000000,0x00000000e8d00000)
  from space 22528K, 99% used [0x00000000e8d00000,0x00000000ea2f8020,0x00000000ea300000)
  to   space 26112K, 0% used [0x00000000ec080000,0x00000000ec080000,0x00000000eda00000)
 ParOldGen       total 284160K, used 44482K [0x00000000a0000000, 0x00000000b1580000, 0x00000000e0000000)
  object space 284160K, 15% used [0x00000000a0000000,0x00000000a2b708b0,0x00000000b1580000)
 Metaspace       used 62572K, capacity 64878K, committed 65176K, reserved 1105920K
  class space    used 8513K, capacity 9051K, committed 9128K, reserved 1048576K
}
Event: 9.313 GC heap before
{Heap before GC invocations=15 (full 3):
 PSYoungGen      total 166912K, used 166880K [0x00000000e0000000, 0x00000000eda00000, 0x0000000100000000)
  eden space 144384K, 100% used [0x00000000e0000000,0x00000000e8d00000,0x00000000e8d00000)
  from space 22528K, 99% used [0x00000000e8d00000,0x00000000ea2f8020,0x00000000ea300000)
  to   space 26112K, 0% used [0x00000000ec080000,0x00000000ec080000,0x00000000eda00000)
 ParOldGen       total 284160K, used 44482K [0x00000000a0000000, 0x00000000b1580000, 0x00000000e0000000)
  object space 284160K, 15% used [0x00000000a0000000,0x00000000a2b708b0,0x00000000b1580000)
 Metaspace       used 67577K, capacity 70366K, committed 70552K, reserved 1110016K
  class space    used 9215K, capacity 9836K, committed 9896K, reserved 1048576K
Event: 9.329 GC heap after
Heap after GC invocations=15 (full 3):
 PSYoungGen      total 190464K, used 26081K [0x00000000e0000000, 0x00000000ee580000, 0x0000000100000000)
  eden space 164352K, 0% used [0x00000000e0000000,0x00000000e0000000,0x00000000ea080000)
  from space 26112K, 99% used [0x00000000ec080000,0x00000000ed9f84b0,0x00000000eda00000)
  to   space 32768K, 0% used [0x00000000ea080000,0x00000000ea080000,0x00000000ec080000)
 ParOldGen       total 284160K, used 53915K [0x00000000a0000000, 0x00000000b1580000, 0x00000000e0000000)
  object space 284160K, 18% used [0x00000000a0000000,0x00000000a34a6e88,0x00000000b1580000)
 Metaspace       used 67577K, capacity 70366K, committed 70552K, reserved 1110016K
  class space    used 9215K, capacity 9836K, committed 9896K, reserved 1048576K
}
Event: 11.285 GC heap before
{Heap before GC invocations=16 (full 3):
 PSYoungGen      total 190464K, used 190433K [0x00000000e0000000, 0x00000000ee580000, 0x0000000100000000)
  eden space 164352K, 100% used [0x00000000e0000000,0x00000000ea080000,0x00000000ea080000)
  from space 26112K, 99% used [0x00000000ec080000,0x00000000ed9f84b0,0x00000000eda00000)
  to   space 32768K, 0% used [0x00000000ea080000,0x00000000ea080000,0x00000000ec080000)
 ParOldGen       total 284160K, used 53915K [0x00000000a0000000, 0x00000000b1580000, 0x00000000e0000000)
  object space 284160K, 18% used [0x00000000a0000000,0x00000000a34a6e88,0x00000000b1580000)
 Metaspace       used 71027K, capacity 74276K, committed 74648K, reserved 1114112K
  class space    used 9628K, capacity 10291K, committed 10408K, reserved 1048576K
Event: 11.306 GC heap after
Heap after GC invocations=16 (full 3):
 PSYoungGen      total 197120K, used 32757K [0x00000000e0000000, 0x00000000f0880000, 0x0000000100000000)
  eden space 164352K, 0% used [0x00000000e0000000,0x00000000e0000000,0x00000000ea080000)
  from space 32768K, 99% used [0x00000000ea080000,0x00000000ec07d620,0x00000000ec080000)
  to   space 39936K, 0% used [0x00000000ee180000,0x00000000ee180000,0x00000000f0880000)
 ParOldGen       total 284160K, used 60043K [0x00000000a0000000, 0x00000000b1580000, 0x00000000e0000000)
  object space 284160K, 21% used [0x00000000a0000000,0x00000000a3aa2f10,0x00000000b1580000)
 Metaspace       used 71027K, capacity 74276K, committed 74648K, reserved 1114112K
  class space    used 9628K, capacity 10291K, committed 10408K, reserved 1048576K
}
Event: 81.197 GC heap before
{Heap before GC invocations=17 (full 3):
 PSYoungGen      total 197120K, used 197109K [0x00000000e0000000, 0x00000000f0880000, 0x0000000100000000)
  eden space 164352K, 100% used [0x00000000e0000000,0x00000000ea080000,0x00000000ea080000)
  from space 32768K, 99% used [0x00000000ea080000,0x00000000ec07d620,0x00000000ec080000)
  to   space 39936K, 0% used [0x00000000ee180000,0x00000000ee180000,0x00000000f0880000)
 ParOldGen       total 284160K, used 60043K [0x00000000a0000000, 0x00000000b1580000, 0x00000000e0000000)
  object space 284160K, 21% used [0x00000000a0000000,0x00000000a3aa2f10,0x00000000b1580000)
 Metaspace       used 75422K, capacity 78672K, committed 79000K, reserved 1118208K
  class space    used 10160K, capacity 10854K, committed 10920K, reserved 1048576K
Event: 81.217 GC heap after
Heap after GC invocations=17 (full 3):
 PSYoungGen      total 220672K, used 24796K [0x00000000e0000000, 0x00000000f0380000, 0x0000000100000000)
  eden space 185856K, 0% used [0x00000000e0000000,0x00000000e0000000,0x00000000eb580000)
  from space 34816K, 71% used [0x00000000ee180000,0x00000000ef9b7250,0x00000000f0380000)
  to   space 39936K, 0% used [0x00000000eb580000,0x00000000eb580000,0x00000000edc80000)
 ParOldGen       total 284160K, used 77300K [0x00000000a0000000, 0x00000000b1580000, 0x00000000e0000000)
  object space 284160K, 27% used [0x00000000a0000000,0x00000000a4b7d050,0x00000000b1580000)
 Metaspace       used 75422K, capacity 78672K, committed 79000K, reserved 1118208K
  class space    used 10160K, capacity 10854K, committed 10920K, reserved 1048576K
}
Event: 87.866 GC heap before
{Heap before GC invocations=18 (full 3):
 PSYoungGen      total 220672K, used 210652K [0x00000000e0000000, 0x00000000f0380000, 0x0000000100000000)
  eden space 185856K, 100% used [0x00000000e0000000,0x00000000eb580000,0x00000000eb580000)
  from space 34816K, 71% used [0x00000000ee180000,0x00000000ef9b7250,0x00000000f0380000)
  to   space 39936K, 0% used [0x00000000eb580000,0x00000000eb580000,0x00000000edc80000)
 ParOldGen       total 284160K, used 77300K [0x00000000a0000000, 0x00000000b1580000, 0x00000000e0000000)
  object space 284160K, 27% used [0x00000000a0000000,0x00000000a4b7d050,0x00000000b1580000)
 Metaspace       used 80129K, capacity 83930K, committed 84120K, reserved 1122304K
  class space    used 10565K, capacity 11327K, committed 11432K, reserved 1048576K
Event: 87.892 GC heap after
Heap after GC invocations=18 (full 3):
 PSYoungGen      total 225792K, used 37590K [0x00000000e0000000, 0x00000000f2200000, 0x0000000100000000)
  eden space 185856K, 0% used [0x00000000e0000000,0x00000000e0000000,0x00000000eb580000)
  from space 39936K, 94% used [0x00000000eb580000,0x00000000eda35b68,0x00000000edc80000)
  to   space 45056K, 0% used [0x00000000ef600000,0x00000000ef600000,0x00000000f2200000)
 ParOldGen       total 284160K, used 77308K [0x00000000a0000000, 0x00000000b1580000, 0x00000000e0000000)
  object space 284160K, 27% used [0x00000000a0000000,0x00000000a4b7f050,0x00000000b1580000)
 Metaspace       used 80129K, capacity 83930K, committed 84120K, reserved 1122304K
  class space    used 10565K, capacity 11327K, committed 11432K, reserved 1048576K
}

