# JRE version: OpenJDK Runtime Environment (8.0_202-b03) (build 1.8.0_202-release-1483-b03)
# Java VM: OpenJDK 64-Bit Server VM (25.202-b03 mixed mode windows-amd64 compressed oops)
Heap:
 PSYoungGen      total 216576K, used 74558K [0x00000000e0000000, 0x00000000f3380000, 0x0000000100000000)
  eden space 164352K, 21% used [0x00000000e0000000,0x00000000e233bab8,0x00000000ea080000)
  from space 52224K, 73% used [0x00000000ea080000,0x00000000ec6140e0,0x00000000ed380000)
  to   space 55296K, 0% used [0x00000000efd80000,0x00000000efd80000,0x00000000f3380000)
 ParOldGen       total 291840K, used 86764K [0x00000000a0000000, 0x00000000b1d00000, 0x00000000e0000000)
  object space 291840K, 29% used [0x00000000a0000000,0x00000000a54bb360,0x00000000b1d00000)
 Metaspace       used 79179K, capacity 82714K, committed 82968K, reserved 1120256K
  class space    used 10718K, capacity 11445K, committed 11560K, reserved 1048576K
GC Heap History (10 events):
Event: 8.127 GC heap before
{Heap before GC invocations=14 (full 3):
 PSYoungGen      total 156672K, used 156238K [0x00000000e0000000, 0x00000000eba80000, 0x0000000100000000)
  eden space 142336K, 100% used [0x00000000e0000000,0x00000000e8b00000,0x00000000e8b00000)
  from space 14336K, 96% used [0x00000000eac80000,0x00000000eba13b60,0x00000000eba80000)
  to   space 22016K, 0% used [0x00000000e8f80000,0x00000000e8f80000,0x00000000ea500000)
 ParOldGen       total 291840K, used 41883K [0x00000000a0000000, 0x00000000b1d00000, 0x00000000e0000000)
  object space 291840K, 14% used [0x00000000a0000000,0x00000000a28e6ff0,0x00000000b1d00000)
 Metaspace       used 64229K, capacity 66700K, committed 66840K, reserved 1107968K
  class space    used 8597K, capacity 9182K, committed 9256K, reserved 1048576K
Event: 8.139 GC heap after
Heap after GC invocations=14 (full 3):
 PSYoungGen      total 168960K, used 21762K [0x00000000e0000000, 0x00000000ece00000, 0x0000000100000000)
  eden space 146944K, 0% used [0x00000000e0000000,0x00000000e0000000,0x00000000e8f80000)
  from space 22016K, 98% used [0x00000000e8f80000,0x00000000ea4c08f0,0x00000000ea500000)
  to   space 24576K, 0% used [0x00000000eb600000,0x00000000eb600000,0x00000000ece00000)
 ParOldGen       total 291840K, used 41891K [0x00000000a0000000, 0x00000000b1d00000, 0x00000000e0000000)
  object space 291840K, 14% used [0x00000000a0000000,0x00000000a28e8ff0,0x00000000b1d00000)
 Metaspace       used 64229K, capacity 66700K, committed 66840K, reserved 1107968K
  class space    used 8597K, capacity 9182K, committed 9256K, reserved 1048576K
}
Event: 9.325 GC heap before
{Heap before GC invocations=15 (full 3):
 PSYoungGen      total 168960K, used 168706K [0x00000000e0000000, 0x00000000ece00000, 0x0000000100000000)
  eden space 146944K, 100% used [0x00000000e0000000,0x00000000e8f80000,0x00000000e8f80000)
  from space 22016K, 98% used [0x00000000e8f80000,0x00000000ea4c08f0,0x00000000ea500000)
  to   space 24576K, 0% used [0x00000000eb600000,0x00000000eb600000,0x00000000ece00000)
 ParOldGen       total 291840K, used 41891K [0x00000000a0000000, 0x00000000b1d00000, 0x00000000e0000000)
  object space 291840K, 14% used [0x00000000a0000000,0x00000000a28e8ff0,0x00000000b1d00000)
 Metaspace       used 66635K, capacity 69056K, committed 69144K, reserved 1110016K
  class space    used 8944K, capacity 9486K, committed 9512K, reserved 1048576K
Event: 9.342 GC heap after
Heap after GC invocations=15 (full 3):
 PSYoungGen      total 179712K, used 24565K [0x00000000e0000000, 0x00000000ee080000, 0x0000000100000000)
  eden space 155136K, 0% used [0x00000000e0000000,0x00000000e0000000,0x00000000e9780000)
  from space 24576K, 99% used [0x00000000eb600000,0x00000000ecdfd530,0x00000000ece00000)
  to   space 31232K, 0% used [0x00000000e9780000,0x00000000e9780000,0x00000000eb600000)
 ParOldGen       total 291840K, used 51852K [0x00000000a0000000, 0x00000000b1d00000, 0x00000000e0000000)
  object space 291840K, 17% used [0x00000000a0000000,0x00000000a32a3048,0x00000000b1d00000)
 Metaspace       used 66635K, capacity 69056K, committed 69144K, reserved 1110016K
  class space    used 8944K, capacity 9486K, committed 9512K, reserved 1048576K
}
Event: 10.378 GC heap before
{Heap before GC invocations=16 (full 3):
 PSYoungGen      total 179712K, used 179701K [0x00000000e0000000, 0x00000000ee080000, 0x0000000100000000)
  eden space 155136K, 100% used [0x00000000e0000000,0x00000000e9780000,0x00000000e9780000)
  from space 24576K, 99% used [0x00000000eb600000,0x00000000ecdfd530,0x00000000ece00000)
  to   space 31232K, 0% used [0x00000000e9780000,0x00000000e9780000,0x00000000eb600000)
 ParOldGen       total 291840K, used 51852K [0x00000000a0000000, 0x00000000b1d00000, 0x00000000e0000000)
  object space 291840K, 17% used [0x00000000a0000000,0x00000000a32a3048,0x00000000b1d00000)
 Metaspace       used 70923K, capacity 73584K, committed 73624K, reserved 1112064K
  class space    used 9523K, capacity 10134K, committed 10152K, reserved 1048576K
Event: 10.397 GC heap after
Heap after GC invocations=16 (full 3):
 PSYoungGen      total 186368K, used 31228K [0x00000000e0000000, 0x00000000ef900000, 0x0000000100000000)
  eden space 155136K, 0% used [0x00000000e0000000,0x00000000e0000000,0x00000000e9780000)
  from space 31232K, 99% used [0x00000000e9780000,0x00000000eb5ff118,0x00000000eb600000)
  to   space 38400K, 0% used [0x00000000ed380000,0x00000000ed380000,0x00000000ef900000)
 ParOldGen       total 291840K, used 60562K [0x00000000a0000000, 0x00000000b1d00000, 0x00000000e0000000)
  object space 291840K, 20% used [0x00000000a0000000,0x00000000a3b24868,0x00000000b1d00000)
 Metaspace       used 70923K, capacity 73584K, committed 73624K, reserved 1112064K
  class space    used 9523K, capacity 10134K, committed 10152K, reserved 1048576K
}
Event: 10.916 GC heap before
{Heap before GC invocations=17 (full 3):
 PSYoungGen      total 186368K, used 186364K [0x00000000e0000000, 0x00000000ef900000, 0x0000000100000000)
  eden space 155136K, 100% used [0x00000000e0000000,0x00000000e9780000,0x00000000e9780000)
  from space 31232K, 99% used [0x00000000e9780000,0x00000000eb5ff118,0x00000000eb600000)
  to   space 38400K, 0% used [0x00000000ed380000,0x00000000ed380000,0x00000000ef900000)
 ParOldGen       total 291840K, used 60562K [0x00000000a0000000, 0x00000000b1d00000, 0x00000000e0000000)
  object space 291840K, 20% used [0x00000000a0000000,0x00000000a3b24868,0x00000000b1d00000)
 Metaspace       used 77457K, capacity 80778K, committed 80920K, reserved 1118208K
  class space    used 10527K, capacity 11237K, committed 11304K, reserved 1048576K
Event: 10.948 GC heap after
Heap after GC invocations=17 (full 3):
 PSYoungGen      total 202752K, used 38373K [0x00000000e0000000, 0x00000000f1f00000, 0x0000000100000000)
  eden space 164352K, 0% used [0x00000000e0000000,0x00000000e0000000,0x00000000ea080000)
  from space 38400K, 99% used [0x00000000ed380000,0x00000000ef8f96b8,0x00000000ef900000)
  to   space 52224K, 0% used [0x00000000ea080000,0x00000000ea080000,0x00000000ed380000)
 ParOldGen       total 291840K, used 82048K [0x00000000a0000000, 0x00000000b1d00000, 0x00000000e0000000)
  object space 291840K, 28% used [0x00000000a0000000,0x00000000a5020110,0x00000000b1d00000)
 Metaspace       used 77457K, capacity 80778K, committed 80920K, reserved 1118208K
  class space    used 10527K, capacity 11237K, committed 11304K, reserved 1048576K
}
Event: 11.514 GC heap before
{Heap before GC invocations=18 (full 3):
 PSYoungGen      total 202752K, used 202725K [0x00000000e0000000, 0x00000000f1f00000, 0x0000000100000000)
  eden space 164352K, 100% used [0x00000000e0000000,0x00000000ea080000,0x00000000ea080000)
  from space 38400K, 99% used [0x00000000ed380000,0x00000000ef8f96b8,0x00000000ef900000)
  to   space 52224K, 0% used [0x00000000ea080000,0x00000000ea080000,0x00000000ed380000)
 ParOldGen       total 291840K, used 82048K [0x00000000a0000000, 0x00000000b1d00000, 0x00000000e0000000)
  object space 291840K, 28% used [0x00000000a0000000,0x00000000a5020110,0x00000000b1d00000)
 Metaspace       used 79177K, capacity 82714K, committed 82968K, reserved 1120256K
  class space    used 10718K, capacity 11445K, committed 11560K, reserved 1048576K
Event: 11.539 GC heap after
Heap after GC invocations=18 (full 3):
 PSYoungGen      total 216576K, used 38480K [0x00000000e0000000, 0x00000000f3380000, 0x0000000100000000)
  eden space 164352K, 0% used [0x00000000e0000000,0x00000000e0000000,0x00000000ea080000)
  from space 52224K, 73% used [0x00000000ea080000,0x00000000ec6140e0,0x00000000ed380000)
  to   space 55296K, 0% used [0x00000000efd80000,0x00000000efd80000,0x00000000f3380000)
 ParOldGen       total 291840K, used 86764K [0x00000000a0000000, 0x00000000b1d00000, 0x00000000e0000000)
  object space 291840K, 29% used [0x00000000a0000000,0x00000000a54bb360,0x00000000b1d00000)
 Metaspace       used 79177K, capacity 82714K, committed 82968K, reserved 1120256K
  class space    used 10718K, capacity 11445K, committed 11560K, reserved 1048576K
}

